[0.041s] Invoking command in '/home/mobin/auriga_ros2_tasks/build/cpp_package': CMAKE_PREFIX_PATH=/home/mobin/auriga_ros2_tasks/install/interfaces:/home/mobin/auriga_ros2_tasks/install/cpp_package:/home/mobin/ros2_example/install/turtlesim:/home/mobin/ros2_example/install/examples_rclcpp_wait_set:/home/mobin/ros2_example/install/examples_rclcpp_multithreaded_executor:/home/mobin/ros2_example/install/examples_rclcpp_minimal_timer:/home/mobin/ros2_example/install/examples_rclcpp_minimal_subscriber:/home/mobin/ros2_example/install/examples_rclcpp_minimal_service:/home/mobin/ros2_example/install/examples_rclcpp_minimal_publisher:/home/mobin/ros2_example/install/examples_rclcpp_minimal_composition:/home/mobin/ros2_example/install/examples_rclcpp_minimal_client:/home/mobin/ros2_example/install/examples_rclcpp_minimal_action_server:/home/mobin/ros2_example/install/examples_rclcpp_minimal_action_client:/home/mobin/ros2_example/install/examples_rclcpp_cbg_executor:/home/mobin/ros2_example/install/examples_rclcpp_async_client:/home/mobin/ros2_example/install/cpp_package:/home/mobin/ros2_ws/install/ros2_control_test_assets:/home/mobin/ros2_ws/install/ros2_control_demo_description:/home/mobin/ros2_ws/install/joint_limits:/home/mobin/ros2_ws/install/realtime_tools:/home/mobin/ros2_ws/install/kinematics_interface_kdl:/home/mobin/ros2_ws/install/kinematics_interface:/home/mobin/ros2_ws/install/controller_manager_msgs:/home/mobin/ros2_ws/install/control_msgs:/opt/ros/jazzy/opt/gz_sim_vendor:/opt/ros/jazzy/opt/gz_sensors_vendor:/opt/ros/jazzy/opt/gz_physics_vendor:/opt/ros/jazzy/opt/sdformat_vendor:/opt/ros/jazzy/opt/gz_gui_vendor:/opt/ros/jazzy/opt/gz_transport_vendor:/opt/ros/jazzy/opt/gz_rendering_vendor:/opt/ros/jazzy/opt/gz_plugin_vendor:/opt/ros/jazzy/opt/gz_fuel_tools_vendor:/opt/ros/jazzy/opt/gz_msgs_vendor:/opt/ros/jazzy/opt/gz_common_vendor:/opt/ros/jazzy/opt/gz_math_vendor:/opt/ros/jazzy/opt/gz_utils_vendor:/opt/ros/jazzy/opt/gz_tools_vendor:/opt/ros/jazzy/opt/gz_ogre_next_vendor:/opt/ros/jazzy/opt/gz_dartsim_vendor:/opt/ros/jazzy/opt/gz_cmake_vendor:/home/mobin/auriga_ros2_tasks/install/py_package:/home/mobin/ros2_example/install/py_package:/home/mobin/ros2_example/install/launch_testing_examples:/home/mobin/ros2_example/install/examples_rclpy_pointcloud_publisher:/home/mobin/ros2_example/install/examples_rclpy_minimal_subscriber:/home/mobin/ros2_example/install/examples_rclpy_minimal_service:/home/mobin/ros2_example/install/examples_rclpy_minimal_publisher:/home/mobin/ros2_example/install/examples_rclpy_minimal_client:/home/mobin/ros2_example/install/examples_rclpy_minimal_action_server:/home/mobin/ros2_example/install/examples_rclpy_minimal_action_client:/home/mobin/ros2_example/install/examples_rclpy_guard_conditions:/home/mobin/ros2_example/install/examples_rclpy_executors:/home/mobin/ros2_ws/install/rqt_joint_trajectory_controller:/home/mobin/ros2_ws/install/ros2_controllers_test_nodes:/opt/ros/jazzy DEBUGINFOD_URLS=https://debuginfod.ubuntu.com PYTHONPATH=/home/mobin/auriga_ros2_tasks/install/interfaces/lib/python3.12/site-packages:/home/mobin/auriga_ros2_tasks/install/py_package/lib/python3.12/site-packages:/home/mobin/ros2_example/install/turtlesim/lib/python3.12/site-packages:/home/mobin/ros2_example/install/py_package/lib/python3.12/site-packages:/home/mobin/ros2_example/install/launch_testing_examples/lib/python3.12/site-packages:/home/mobin/ros2_example/install/examples_rclpy_pointcloud_publisher/lib/python3.12/site-packages:/home/mobin/ros2_example/install/examples_rclpy_minimal_subscriber/lib/python3.12/site-packages:/home/mobin/ros2_example/install/examples_rclpy_minimal_service/lib/python3.12/site-packages:/home/mobin/ros2_example/install/examples_rclpy_minimal_publisher/lib/python3.12/site-packages:/home/mobin/ros2_example/install/examples_rclpy_minimal_client/lib/python3.12/site-packages:/home/mobin/ros2_example/install/examples_rclpy_minimal_action_server/lib/python3.12/site-packages:/home/mobin/ros2_example/install/examples_rclpy_minimal_action_client/lib/python3.12/site-packages:/home/mobin/ros2_example/install/examples_rclpy_guard_conditions/lib/python3.12/site-packages:/home/mobin/ros2_example/install/examples_rclpy_executors/lib/python3.12/site-packages:/home/mobin/ros2_ws/build/rqt_joint_trajectory_controller:/home/mobin/ros2_ws/install/rqt_joint_trajectory_controller/lib/python3.12/site-packages:/home/mobin/ros2_ws/build/ros2_controllers_test_nodes:/home/mobin/ros2_ws/install/ros2_controllers_test_nodes/lib/python3.12/site-packages:/home/mobin/ros2_ws/install/controller_manager_msgs/lib/python3.12/site-packages:/home/mobin/ros2_ws/install/control_msgs/lib/python3.12/site-packages:/opt/ros/jazzy/lib/python3.12/site-packages /usr/bin/cmake --build /home/mobin/auriga_ros2_tasks/build/cpp_package -- -j16 -l16
[0.110s] -- Found ament_cmake: 2.5.2 (/opt/ros/jazzy/share/ament_cmake/cmake)
[0.546s] -- Override CMake install command with custom implementation using symlinks instead of copying resources
[0.559s] -- Found rclcpp: 28.1.5 (/opt/ros/jazzy/share/rclcpp/cmake)
[0.617s] -- Found rosidl_generator_c: 4.6.4 (/opt/ros/jazzy/share/rosidl_generator_c/cmake)
[0.635s] -- Found rosidl_generator_cpp: 4.6.4 (/opt/ros/jazzy/share/rosidl_generator_cpp/cmake)
[0.659s] -- Using all available rosidl_typesupport_c: rosidl_typesupport_fastrtps_c;rosidl_typesupport_introspection_c
[0.686s] -- Using all available rosidl_typesupport_cpp: rosidl_typesupport_fastrtps_cpp;rosidl_typesupport_introspection_cpp
[0.808s] -- Found rmw_implementation_cmake: 7.3.1 (/opt/ros/jazzy/share/rmw_implementation_cmake/cmake)
[0.813s] -- Found rmw_fastrtps_cpp: 8.4.1 (/opt/ros/jazzy/share/rmw_fastrtps_cpp/cmake)
[0.955s] -- Using RMW implementation 'rmw_fastrtps_cpp' as default
[1.078s] -- Found interfaces: 0.0.0 (/home/mobin/auriga_ros2_tasks/install/interfaces/share/interfaces/cmake)
[1.100s] -- Found ament_lint_auto: 0.17.1 (/opt/ros/jazzy/share/ament_lint_auto/cmake)
[1.286s] -- Added test 'cppcheck' to perform static code analysis on C / C++ code
[1.286s] -- Configured cppcheck include dirs: $<BUILD_INTERFACE:/home/mobin/auriga_ros2_tasks/src/cpp_package/include>
[1.287s] -- Configured cppcheck exclude dirs and/or files: 
[1.287s] -- Added test 'lint_cmake' to check CMake code style
[1.289s] -- Added test 'uncrustify' to check C / C++ code style
[1.289s] -- Configured uncrustify additional arguments: 
[1.290s] -- Added test 'xmllint' to check XML markup files
[1.291s] -- Configuring done (1.2s)
[1.313s] -- Generating done (0.0s)
[1.320s] -- Build files have been written to: /home/mobin/auriga_ros2_tasks/build/cpp_package
[1.434s] [ 50%] [32mBuilding CXX object CMakeFiles/cpp_node.dir/src/cpp_node.cpp.o[0m
[12.487s] [100%] [32m[1mLinking CXX executable cpp_node[0m
[12.776s] [100%] Built target cpp_node
