[0.194s] DEBUG:colcon:Command line arguments: ['/usr/bin/colcon', 'build']
[0.194s] DEBUG:colcon:Parsed command line arguments: Namespace(log_base=None, log_level=None, verb_name='build', build_base='build', install_base='install', merge_install=False, symlink_install=False, test_result_base=None, continue_on_error=False, executor='parallel', parallel_workers=16, event_handlers=None, ignore_user_meta=False, metas=['./colcon.meta'], base_paths=['.'], packages_ignore=None, packages_ignore_regex=None, paths=None, packages_up_to=None, packages_up_to_regex=None, packages_above=None, packages_above_and_dependencies=None, packages_above_depth=None, packages_select_by_dep=None, packages_skip_by_dep=None, packages_skip_up_to=None, packages_select_build_failed=False, packages_skip_build_finished=False, packages_select_test_failures=False, packages_skip_test_passed=False, packages_select=None, packages_skip=None, packages_select_regex=None, packages_skip_regex=None, packages_start=None, packages_end=None, allow_overriding=[], cmake_args=None, cmake_target=None, cmake_target_skip_unavailable=False, cmake_clean_cache=False, cmake_clean_first=False, cmake_force_configure=False, ament_cmake_args=None, catkin_cmake_args=None, catkin_skip_building_tests=False, mixin_files=None, mixin=None, verb_parser=<colcon_mixin.mixin.mixin_argument.MixinArgumentDecorator object at 0x79cca2d628a0>, verb_extension=<colcon_core.verb.build.BuildVerb object at 0x79cca2d62540>, main=<bound method BuildVerb.main of <colcon_core.verb.build.BuildVerb object at 0x79cca2d62540>>, mixin_verb=('build',))
[0.263s] Level 1:colcon.colcon_core.package_discovery:discover_packages(colcon_meta) check parameters
[0.263s] Level 1:colcon.colcon_core.package_discovery:discover_packages(recursive) check parameters
[0.263s] Level 1:colcon.colcon_core.package_discovery:discover_packages(ignore) check parameters
[0.263s] Level 1:colcon.colcon_core.package_discovery:discover_packages(path) check parameters
[0.263s] Level 1:colcon.colcon_core.package_discovery:discover_packages(colcon_meta) discover
[0.263s] Level 1:colcon.colcon_core.package_discovery:discover_packages(recursive) discover
[0.264s] INFO:colcon.colcon_core.package_discovery:Crawling recursively for packages in '/home/mobin/auriga_ros2_tasks'
[0.264s] Level 1:colcon.colcon_core.package_identification:_identify(.) by extensions ['ignore', 'ignore_ament_install']
[0.264s] Level 1:colcon.colcon_core.package_identification:_identify(.) by extension 'ignore'
[0.264s] Level 1:colcon.colcon_core.package_identification:_identify(.) by extension 'ignore_ament_install'
[0.264s] Level 1:colcon.colcon_core.package_identification:_identify(.) by extensions ['colcon_pkg']
[0.264s] Level 1:colcon.colcon_core.package_identification:_identify(.) by extension 'colcon_pkg'
[0.264s] Level 1:colcon.colcon_core.package_identification:_identify(.) by extensions ['colcon_meta']
[0.264s] Level 1:colcon.colcon_core.package_identification:_identify(.) by extension 'colcon_meta'
[0.264s] Level 1:colcon.colcon_core.package_identification:_identify(.) by extensions ['ros']
[0.264s] Level 1:colcon.colcon_core.package_identification:_identify(.) by extension 'ros'
[0.311s] Level 1:colcon.colcon_core.package_identification:_identify(.) by extensions ['cmake', 'python']
[0.311s] Level 1:colcon.colcon_core.package_identification:_identify(.) by extension 'cmake'
[0.311s] Level 1:colcon.colcon_core.package_identification:_identify(.) by extension 'python'
[0.311s] Level 1:colcon.colcon_core.package_identification:_identify(.) by extensions ['python_setup_py']
[0.311s] Level 1:colcon.colcon_core.package_identification:_identify(.) by extension 'python_setup_py'
[0.311s] Level 1:colcon.colcon_core.package_identification:_identify(build) by extensions ['ignore', 'ignore_ament_install']
[0.311s] Level 1:colcon.colcon_core.package_identification:_identify(build) by extension 'ignore'
[0.312s] Level 1:colcon.colcon_core.package_identification:_identify(build) ignored
[0.312s] Level 1:colcon.colcon_core.package_identification:_identify(install) by extensions ['ignore', 'ignore_ament_install']
[0.312s] Level 1:colcon.colcon_core.package_identification:_identify(install) by extension 'ignore'
[0.312s] Level 1:colcon.colcon_core.package_identification:_identify(install) ignored
[0.312s] Level 1:colcon.colcon_core.package_identification:_identify(log) by extensions ['ignore', 'ignore_ament_install']
[0.312s] Level 1:colcon.colcon_core.package_identification:_identify(log) by extension 'ignore'
[0.312s] Level 1:colcon.colcon_core.package_identification:_identify(log) ignored
[0.312s] Level 1:colcon.colcon_core.package_identification:_identify(src) by extensions ['ignore', 'ignore_ament_install']
[0.312s] Level 1:colcon.colcon_core.package_identification:_identify(src) by extension 'ignore'
[0.313s] Level 1:colcon.colcon_core.package_identification:_identify(src) by extension 'ignore_ament_install'
[0.313s] Level 1:colcon.colcon_core.package_identification:_identify(src) by extensions ['colcon_pkg']
[0.313s] Level 1:colcon.colcon_core.package_identification:_identify(src) by extension 'colcon_pkg'
[0.313s] Level 1:colcon.colcon_core.package_identification:_identify(src) by extensions ['colcon_meta']
[0.313s] Level 1:colcon.colcon_core.package_identification:_identify(src) by extension 'colcon_meta'
[0.313s] Level 1:colcon.colcon_core.package_identification:_identify(src) by extensions ['ros']
[0.313s] Level 1:colcon.colcon_core.package_identification:_identify(src) by extension 'ros'
[0.313s] Level 1:colcon.colcon_core.package_identification:_identify(src) by extensions ['cmake', 'python']
[0.313s] Level 1:colcon.colcon_core.package_identification:_identify(src) by extension 'cmake'
[0.313s] Level 1:colcon.colcon_core.package_identification:_identify(src) by extension 'python'
[0.313s] Level 1:colcon.colcon_core.package_identification:_identify(src) by extensions ['python_setup_py']
[0.313s] Level 1:colcon.colcon_core.package_identification:_identify(src) by extension 'python_setup_py'
[0.313s] Level 1:colcon.colcon_core.package_identification:_identify(src/cpp_package) by extensions ['ignore', 'ignore_ament_install']
[0.313s] Level 1:colcon.colcon_core.package_identification:_identify(src/cpp_package) by extension 'ignore'
[0.314s] Level 1:colcon.colcon_core.package_identification:_identify(src/cpp_package) by extension 'ignore_ament_install'
[0.314s] Level 1:colcon.colcon_core.package_identification:_identify(src/cpp_package) by extensions ['colcon_pkg']
[0.314s] Level 1:colcon.colcon_core.package_identification:_identify(src/cpp_package) by extension 'colcon_pkg'
[0.314s] Level 1:colcon.colcon_core.package_identification:_identify(src/cpp_package) by extensions ['colcon_meta']
[0.314s] Level 1:colcon.colcon_core.package_identification:_identify(src/cpp_package) by extension 'colcon_meta'
[0.314s] Level 1:colcon.colcon_core.package_identification:_identify(src/cpp_package) by extensions ['ros']
[0.314s] Level 1:colcon.colcon_core.package_identification:_identify(src/cpp_package) by extension 'ros'
[0.318s] DEBUG:colcon.colcon_core.package_identification:Package 'src/cpp_package' with type 'ros.ament_cmake' and name 'cpp_package'
[0.318s] Level 1:colcon.colcon_core.package_identification:_identify(src/interfaces) by extensions ['ignore', 'ignore_ament_install']
[0.318s] Level 1:colcon.colcon_core.package_identification:_identify(src/interfaces) by extension 'ignore'
[0.318s] Level 1:colcon.colcon_core.package_identification:_identify(src/interfaces) by extension 'ignore_ament_install'
[0.318s] Level 1:colcon.colcon_core.package_identification:_identify(src/interfaces) by extensions ['colcon_pkg']
[0.318s] Level 1:colcon.colcon_core.package_identification:_identify(src/interfaces) by extension 'colcon_pkg'
[0.318s] Level 1:colcon.colcon_core.package_identification:_identify(src/interfaces) by extensions ['colcon_meta']
[0.318s] Level 1:colcon.colcon_core.package_identification:_identify(src/interfaces) by extension 'colcon_meta'
[0.318s] Level 1:colcon.colcon_core.package_identification:_identify(src/interfaces) by extensions ['ros']
[0.318s] Level 1:colcon.colcon_core.package_identification:_identify(src/interfaces) by extension 'ros'
[0.319s] DEBUG:colcon.colcon_core.package_identification:Package 'src/interfaces' with type 'ros.ament_cmake' and name 'interfaces'
[0.320s] Level 1:colcon.colcon_core.package_identification:_identify(src/log) by extensions ['ignore', 'ignore_ament_install']
[0.320s] Level 1:colcon.colcon_core.package_identification:_identify(src/log) by extension 'ignore'
[0.320s] Level 1:colcon.colcon_core.package_identification:_identify(src/log) ignored
[0.320s] Level 1:colcon.colcon_core.package_identification:_identify(src/py_package) by extensions ['ignore', 'ignore_ament_install']
[0.320s] Level 1:colcon.colcon_core.package_identification:_identify(src/py_package) by extension 'ignore'
[0.320s] Level 1:colcon.colcon_core.package_identification:_identify(src/py_package) by extension 'ignore_ament_install'
[0.320s] Level 1:colcon.colcon_core.package_identification:_identify(src/py_package) by extensions ['colcon_pkg']
[0.320s] Level 1:colcon.colcon_core.package_identification:_identify(src/py_package) by extension 'colcon_pkg'
[0.320s] Level 1:colcon.colcon_core.package_identification:_identify(src/py_package) by extensions ['colcon_meta']
[0.320s] Level 1:colcon.colcon_core.package_identification:_identify(src/py_package) by extension 'colcon_meta'
[0.320s] Level 1:colcon.colcon_core.package_identification:_identify(src/py_package) by extensions ['ros']
[0.320s] Level 1:colcon.colcon_core.package_identification:_identify(src/py_package) by extension 'ros'
[0.321s] DEBUG:colcon.colcon_core.package_identification:Package 'src/py_package' with type 'ros.ament_python' and name 'py_package'
[0.321s] Level 1:colcon.colcon_core.package_discovery:discover_packages(recursive) using defaults
[0.321s] Level 1:colcon.colcon_core.package_discovery:discover_packages(ignore) discover
[0.321s] Level 1:colcon.colcon_core.package_discovery:discover_packages(ignore) using defaults
[0.321s] Level 1:colcon.colcon_core.package_discovery:discover_packages(path) discover
[0.321s] Level 1:colcon.colcon_core.package_discovery:discover_packages(path) using defaults
[0.353s] Level 1:colcon.colcon_core.package_discovery:discover_packages(prefix_path) check parameters
[0.353s] Level 1:colcon.colcon_core.package_discovery:discover_packages(prefix_path) discover
[0.358s] DEBUG:colcon.colcon_installed_package_information.package_discovery:Found 3 installed packages in /home/mobin/auriga_ros2_tasks/install
[0.359s] DEBUG:colcon.colcon_installed_package_information.package_discovery:Found 25 installed packages in /home/mobin/ros2_example/install
[0.361s] DEBUG:colcon.colcon_installed_package_information.package_discovery:Found 11 installed packages in /home/mobin/ros2_ws/install
[0.365s] DEBUG:colcon.colcon_installed_package_information.package_discovery:Found 477 installed packages in /opt/ros/jazzy
[0.371s] Level 1:colcon.colcon_core.package_discovery:discover_packages(prefix_path) using defaults
[0.481s] Level 5:colcon.colcon_core.verb:set package 'interfaces' build argument 'cmake_args' from command line to 'None'
[0.481s] Level 5:colcon.colcon_core.verb:set package 'interfaces' build argument 'cmake_target' from command line to 'None'
[0.481s] Level 5:colcon.colcon_core.verb:set package 'interfaces' build argument 'cmake_target_skip_unavailable' from command line to 'False'
[0.481s] Level 5:colcon.colcon_core.verb:set package 'interfaces' build argument 'cmake_clean_cache' from command line to 'False'
[0.481s] Level 5:colcon.colcon_core.verb:set package 'interfaces' build argument 'cmake_clean_first' from command line to 'False'
[0.481s] Level 5:colcon.colcon_core.verb:set package 'interfaces' build argument 'cmake_force_configure' from command line to 'False'
[0.481s] Level 5:colcon.colcon_core.verb:set package 'interfaces' build argument 'ament_cmake_args' from command line to 'None'
[0.481s] Level 5:colcon.colcon_core.verb:set package 'interfaces' build argument 'catkin_cmake_args' from command line to 'None'
[0.481s] Level 5:colcon.colcon_core.verb:set package 'interfaces' build argument 'catkin_skip_building_tests' from command line to 'False'
[0.481s] DEBUG:colcon.colcon_core.verb:Building package 'interfaces' with the following arguments: {'ament_cmake_args': None, 'build_base': '/home/mobin/auriga_ros2_tasks/build/interfaces', 'catkin_cmake_args': None, 'catkin_skip_building_tests': False, 'cmake_args': None, 'cmake_clean_cache': False, 'cmake_clean_first': False, 'cmake_force_configure': False, 'cmake_target': None, 'cmake_target_skip_unavailable': False, 'install_base': '/home/mobin/auriga_ros2_tasks/install/interfaces', 'merge_install': False, 'path': '/home/mobin/auriga_ros2_tasks/src/interfaces', 'symlink_install': False, 'test_result_base': None}
[0.481s] Level 5:colcon.colcon_core.verb:set package 'py_package' build argument 'cmake_args' from command line to 'None'
[0.482s] Level 5:colcon.colcon_core.verb:set package 'py_package' build argument 'cmake_target' from command line to 'None'
[0.482s] Level 5:colcon.colcon_core.verb:set package 'py_package' build argument 'cmake_target_skip_unavailable' from command line to 'False'
[0.482s] Level 5:colcon.colcon_core.verb:set package 'py_package' build argument 'cmake_clean_cache' from command line to 'False'
[0.482s] Level 5:colcon.colcon_core.verb:set package 'py_package' build argument 'cmake_clean_first' from command line to 'False'
[0.482s] Level 5:colcon.colcon_core.verb:set package 'py_package' build argument 'cmake_force_configure' from command line to 'False'
[0.482s] Level 5:colcon.colcon_core.verb:set package 'py_package' build argument 'ament_cmake_args' from command line to 'None'
[0.482s] Level 5:colcon.colcon_core.verb:set package 'py_package' build argument 'catkin_cmake_args' from command line to 'None'
[0.482s] Level 5:colcon.colcon_core.verb:set package 'py_package' build argument 'catkin_skip_building_tests' from command line to 'False'
[0.482s] DEBUG:colcon.colcon_core.verb:Building package 'py_package' with the following arguments: {'ament_cmake_args': None, 'build_base': '/home/mobin/auriga_ros2_tasks/build/py_package', 'catkin_cmake_args': None, 'catkin_skip_building_tests': False, 'cmake_args': None, 'cmake_clean_cache': False, 'cmake_clean_first': False, 'cmake_force_configure': False, 'cmake_target': None, 'cmake_target_skip_unavailable': False, 'install_base': '/home/mobin/auriga_ros2_tasks/install/py_package', 'merge_install': False, 'path': '/home/mobin/auriga_ros2_tasks/src/py_package', 'symlink_install': False, 'test_result_base': None}
[0.482s] Level 5:colcon.colcon_core.verb:set package 'cpp_package' build argument 'cmake_args' from command line to 'None'
[0.482s] Level 5:colcon.colcon_core.verb:set package 'cpp_package' build argument 'cmake_target' from command line to 'None'
[0.482s] Level 5:colcon.colcon_core.verb:set package 'cpp_package' build argument 'cmake_target_skip_unavailable' from command line to 'False'
[0.482s] Level 5:colcon.colcon_core.verb:set package 'cpp_package' build argument 'cmake_clean_cache' from command line to 'False'
[0.482s] Level 5:colcon.colcon_core.verb:set package 'cpp_package' build argument 'cmake_clean_first' from command line to 'False'
[0.482s] Level 5:colcon.colcon_core.verb:set package 'cpp_package' build argument 'cmake_force_configure' from command line to 'False'
[0.482s] Level 5:colcon.colcon_core.verb:set package 'cpp_package' build argument 'ament_cmake_args' from command line to 'None'
[0.482s] Level 5:colcon.colcon_core.verb:set package 'cpp_package' build argument 'catkin_cmake_args' from command line to 'None'
[0.482s] Level 5:colcon.colcon_core.verb:set package 'cpp_package' build argument 'catkin_skip_building_tests' from command line to 'False'
[0.482s] DEBUG:colcon.colcon_core.verb:Building package 'cpp_package' with the following arguments: {'ament_cmake_args': None, 'build_base': '/home/mobin/auriga_ros2_tasks/build/cpp_package', 'catkin_cmake_args': None, 'catkin_skip_building_tests': False, 'cmake_args': None, 'cmake_clean_cache': False, 'cmake_clean_first': False, 'cmake_force_configure': False, 'cmake_target': None, 'cmake_target_skip_unavailable': False, 'install_base': '/home/mobin/auriga_ros2_tasks/install/cpp_package', 'merge_install': False, 'path': '/home/mobin/auriga_ros2_tasks/src/cpp_package', 'symlink_install': False, 'test_result_base': None}
[0.483s] INFO:colcon.colcon_core.executor:Executing jobs using 'parallel' executor
[0.485s] DEBUG:colcon.colcon_parallel_executor.executor.parallel:run_until_complete
[0.485s] INFO:colcon.colcon_ros.task.ament_cmake.build:Building ROS package in '/home/mobin/auriga_ros2_tasks/src/interfaces' with build type 'ament_cmake'
[0.485s] INFO:colcon.colcon_cmake.task.cmake.build:Building CMake package in '/home/mobin/auriga_ros2_tasks/src/interfaces'
[0.489s] INFO:colcon.colcon_core.plugin_system:Skipping extension 'colcon_core.shell.bat': Not used on non-Windows systems
[0.489s] INFO:colcon.colcon_core.shell:Skip shell extension 'powershell' for command environment: Not usable outside of PowerShell
[0.489s] DEBUG:colcon.colcon_core.shell:Skip shell extension 'dsv' for command environment
[0.502s] INFO:colcon.colcon_ros.task.ament_python.build:Building ROS package in '/home/mobin/auriga_ros2_tasks/src/py_package' with build type 'ament_python'
[0.503s] Level 1:colcon.colcon_core.shell:create_environment_hook('py_package', 'ament_prefix_path')
[0.503s] INFO:colcon.colcon_core.shell:Creating environment hook '/home/mobin/auriga_ros2_tasks/install/py_package/share/py_package/hook/ament_prefix_path.ps1'
[0.504s] INFO:colcon.colcon_core.shell:Creating environment descriptor '/home/mobin/auriga_ros2_tasks/install/py_package/share/py_package/hook/ament_prefix_path.dsv'
[0.505s] INFO:colcon.colcon_core.shell:Creating environment hook '/home/mobin/auriga_ros2_tasks/install/py_package/share/py_package/hook/ament_prefix_path.sh'
[0.506s] INFO:colcon.colcon_core.shell:Skip shell extension 'powershell' for command environment: Not usable outside of PowerShell
[0.506s] DEBUG:colcon.colcon_core.shell:Skip shell extension 'dsv' for command environment
[0.527s] DEBUG:colcon.colcon_core.event_handler.log_command:Invoking command in '/home/mobin/auriga_ros2_tasks/build/interfaces': CMAKE_PREFIX_PATH=${CMAKE_PREFIX_PATH}:/home/mobin/auriga_ros2_tasks/install/py_package:/home/mobin/ros2_example/install/py_package:/home/mobin/ros2_example/install/launch_testing_examples:/home/mobin/ros2_example/install/examples_rclpy_pointcloud_publisher:/home/mobin/ros2_example/install/examples_rclpy_minimal_subscriber:/home/mobin/ros2_example/install/examples_rclpy_minimal_service:/home/mobin/ros2_example/install/examples_rclpy_minimal_publisher:/home/mobin/ros2_example/install/examples_rclpy_minimal_client:/home/mobin/ros2_example/install/examples_rclpy_minimal_action_server:/home/mobin/ros2_example/install/examples_rclpy_minimal_action_client:/home/mobin/ros2_example/install/examples_rclpy_guard_conditions:/home/mobin/ros2_example/install/examples_rclpy_executors:/home/mobin/ros2_ws/install/rqt_joint_trajectory_controller:/home/mobin/ros2_ws/install/ros2_controllers_test_nodes:/opt/ros/jazzy DEBUGINFOD_URLS=https://debuginfod.ubuntu.com /usr/bin/cmake --build /home/mobin/auriga_ros2_tasks/build/interfaces -- -j16 -l16
[0.979s] INFO:colcon.colcon_core.task.python.build:Building Python package in '/home/mobin/auriga_ros2_tasks/src/py_package'
[0.979s] INFO:colcon.colcon_core.shell:Skip shell extension 'powershell' for command environment: Not usable outside of PowerShell
[0.979s] DEBUG:colcon.colcon_core.shell:Skip shell extension 'dsv' for command environment
[1.404s] DEBUG:colcon.colcon_core.event_handler.log_command:Invoked command in '/home/mobin/auriga_ros2_tasks/build/interfaces' returned '0': CMAKE_PREFIX_PATH=${CMAKE_PREFIX_PATH}:/home/mobin/auriga_ros2_tasks/install/py_package:/home/mobin/ros2_example/install/py_package:/home/mobin/ros2_example/install/launch_testing_examples:/home/mobin/ros2_example/install/examples_rclpy_pointcloud_publisher:/home/mobin/ros2_example/install/examples_rclpy_minimal_subscriber:/home/mobin/ros2_example/install/examples_rclpy_minimal_service:/home/mobin/ros2_example/install/examples_rclpy_minimal_publisher:/home/mobin/ros2_example/install/examples_rclpy_minimal_client:/home/mobin/ros2_example/install/examples_rclpy_minimal_action_server:/home/mobin/ros2_example/install/examples_rclpy_minimal_action_client:/home/mobin/ros2_example/install/examples_rclpy_guard_conditions:/home/mobin/ros2_example/install/examples_rclpy_executors:/home/mobin/ros2_ws/install/rqt_joint_trajectory_controller:/home/mobin/ros2_ws/install/ros2_controllers_test_nodes:/opt/ros/jazzy DEBUGINFOD_URLS=https://debuginfod.ubuntu.com /usr/bin/cmake --build /home/mobin/auriga_ros2_tasks/build/interfaces -- -j16 -l16
[1.430s] DEBUG:colcon.colcon_core.event_handler.log_command:Invoking command in '/home/mobin/auriga_ros2_tasks/build/interfaces': CMAKE_PREFIX_PATH=${CMAKE_PREFIX_PATH}:/home/mobin/auriga_ros2_tasks/install/py_package:/home/mobin/ros2_example/install/py_package:/home/mobin/ros2_example/install/launch_testing_examples:/home/mobin/ros2_example/install/examples_rclpy_pointcloud_publisher:/home/mobin/ros2_example/install/examples_rclpy_minimal_subscriber:/home/mobin/ros2_example/install/examples_rclpy_minimal_service:/home/mobin/ros2_example/install/examples_rclpy_minimal_publisher:/home/mobin/ros2_example/install/examples_rclpy_minimal_client:/home/mobin/ros2_example/install/examples_rclpy_minimal_action_server:/home/mobin/ros2_example/install/examples_rclpy_minimal_action_client:/home/mobin/ros2_example/install/examples_rclpy_guard_conditions:/home/mobin/ros2_example/install/examples_rclpy_executors:/home/mobin/ros2_ws/install/rqt_joint_trajectory_controller:/home/mobin/ros2_ws/install/ros2_controllers_test_nodes:/opt/ros/jazzy DEBUGINFOD_URLS=https://debuginfod.ubuntu.com /usr/bin/cmake --install /home/mobin/auriga_ros2_tasks/build/interfaces
[1.560s] Level 1:colcon.colcon_core.environment:create_environment_scripts_only(interfaces)
[1.561s] DEBUG:colcon.colcon_core.event_handler.log_command:Invoked command in '/home/mobin/auriga_ros2_tasks/build/interfaces' returned '0': CMAKE_PREFIX_PATH=${CMAKE_PREFIX_PATH}:/home/mobin/auriga_ros2_tasks/install/py_package:/home/mobin/ros2_example/install/py_package:/home/mobin/ros2_example/install/launch_testing_examples:/home/mobin/ros2_example/install/examples_rclpy_pointcloud_publisher:/home/mobin/ros2_example/install/examples_rclpy_minimal_subscriber:/home/mobin/ros2_example/install/examples_rclpy_minimal_service:/home/mobin/ros2_example/install/examples_rclpy_minimal_publisher:/home/mobin/ros2_example/install/examples_rclpy_minimal_client:/home/mobin/ros2_example/install/examples_rclpy_minimal_action_server:/home/mobin/ros2_example/install/examples_rclpy_minimal_action_client:/home/mobin/ros2_example/install/examples_rclpy_guard_conditions:/home/mobin/ros2_example/install/examples_rclpy_executors:/home/mobin/ros2_ws/install/rqt_joint_trajectory_controller:/home/mobin/ros2_ws/install/ros2_controllers_test_nodes:/opt/ros/jazzy DEBUGINFOD_URLS=https://debuginfod.ubuntu.com /usr/bin/cmake --install /home/mobin/auriga_ros2_tasks/build/interfaces
[1.565s] Level 1:colcon.colcon_core.environment:checking '/home/mobin/auriga_ros2_tasks/install/interfaces' for CMake module files
[1.566s] Level 1:colcon.colcon_core.environment:checking '/home/mobin/auriga_ros2_tasks/install/interfaces' for CMake config files
[1.567s] Level 1:colcon.colcon_core.shell:create_environment_hook('interfaces', 'cmake_prefix_path')
[1.568s] INFO:colcon.colcon_core.shell:Creating environment hook '/home/mobin/auriga_ros2_tasks/install/interfaces/share/interfaces/hook/cmake_prefix_path.ps1'
[1.568s] INFO:colcon.colcon_core.shell:Creating environment descriptor '/home/mobin/auriga_ros2_tasks/install/interfaces/share/interfaces/hook/cmake_prefix_path.dsv'
[1.569s] INFO:colcon.colcon_core.shell:Creating environment hook '/home/mobin/auriga_ros2_tasks/install/interfaces/share/interfaces/hook/cmake_prefix_path.sh'
[1.570s] Level 1:colcon.colcon_core.environment:checking '/home/mobin/auriga_ros2_tasks/install/interfaces/lib'
[1.570s] Level 1:colcon.colcon_core.shell:create_environment_hook('interfaces', 'ld_library_path_lib')
[1.570s] INFO:colcon.colcon_core.shell:Creating environment hook '/home/mobin/auriga_ros2_tasks/install/interfaces/share/interfaces/hook/ld_library_path_lib.ps1'
[1.571s] INFO:colcon.colcon_core.shell:Creating environment descriptor '/home/mobin/auriga_ros2_tasks/install/interfaces/share/interfaces/hook/ld_library_path_lib.dsv'
[1.571s] INFO:colcon.colcon_core.shell:Creating environment hook '/home/mobin/auriga_ros2_tasks/install/interfaces/share/interfaces/hook/ld_library_path_lib.sh'
[1.572s] Level 1:colcon.colcon_core.environment:checking '/home/mobin/auriga_ros2_tasks/install/interfaces/bin'
[1.572s] Level 1:colcon.colcon_core.environment:checking '/home/mobin/auriga_ros2_tasks/install/interfaces/lib/pkgconfig/interfaces.pc'
[1.572s] Level 1:colcon.colcon_core.environment:checking '/home/mobin/auriga_ros2_tasks/install/interfaces/lib/python3.12/site-packages'
[1.573s] Level 1:colcon.colcon_core.shell:create_environment_hook('interfaces', 'pythonpath')
[1.573s] INFO:colcon.colcon_core.shell:Creating environment hook '/home/mobin/auriga_ros2_tasks/install/interfaces/share/interfaces/hook/pythonpath.ps1'
[1.573s] INFO:colcon.colcon_core.shell:Creating environment descriptor '/home/mobin/auriga_ros2_tasks/install/interfaces/share/interfaces/hook/pythonpath.dsv'
[1.574s] INFO:colcon.colcon_core.shell:Creating environment hook '/home/mobin/auriga_ros2_tasks/install/interfaces/share/interfaces/hook/pythonpath.sh'
[1.575s] Level 1:colcon.colcon_core.environment:checking '/home/mobin/auriga_ros2_tasks/install/interfaces/bin'
[1.576s] INFO:colcon.colcon_core.shell:Creating package script '/home/mobin/auriga_ros2_tasks/install/interfaces/share/interfaces/package.ps1'
[1.577s] INFO:colcon.colcon_core.shell:Creating package descriptor '/home/mobin/auriga_ros2_tasks/install/interfaces/share/interfaces/package.dsv'
[1.578s] INFO:colcon.colcon_core.shell:Creating package script '/home/mobin/auriga_ros2_tasks/install/interfaces/share/interfaces/package.sh'
[1.579s] INFO:colcon.colcon_core.shell:Creating package script '/home/mobin/auriga_ros2_tasks/install/interfaces/share/interfaces/package.bash'
[1.580s] INFO:colcon.colcon_core.shell:Creating package script '/home/mobin/auriga_ros2_tasks/install/interfaces/share/interfaces/package.zsh'
[1.580s] Level 1:colcon.colcon_core.environment:create_file_with_runtime_dependencies(/home/mobin/auriga_ros2_tasks/install/interfaces/share/colcon-core/packages/interfaces)
[1.581s] Level 1:colcon.colcon_core.environment:create_environment_scripts_only(interfaces)
[1.582s] Level 1:colcon.colcon_core.environment:checking '/home/mobin/auriga_ros2_tasks/install/interfaces' for CMake module files
[1.583s] Level 1:colcon.colcon_core.environment:checking '/home/mobin/auriga_ros2_tasks/install/interfaces' for CMake config files
[1.584s] Level 1:colcon.colcon_core.shell:create_environment_hook('interfaces', 'cmake_prefix_path')
[1.584s] INFO:colcon.colcon_core.shell:Creating environment hook '/home/mobin/auriga_ros2_tasks/install/interfaces/share/interfaces/hook/cmake_prefix_path.ps1'
[1.584s] INFO:colcon.colcon_core.shell:Creating environment descriptor '/home/mobin/auriga_ros2_tasks/install/interfaces/share/interfaces/hook/cmake_prefix_path.dsv'
[1.585s] INFO:colcon.colcon_core.shell:Creating environment hook '/home/mobin/auriga_ros2_tasks/install/interfaces/share/interfaces/hook/cmake_prefix_path.sh'
[1.586s] Level 1:colcon.colcon_core.environment:checking '/home/mobin/auriga_ros2_tasks/install/interfaces/lib'
[1.586s] Level 1:colcon.colcon_core.shell:create_environment_hook('interfaces', 'ld_library_path_lib')
[1.586s] INFO:colcon.colcon_core.shell:Creating environment hook '/home/mobin/auriga_ros2_tasks/install/interfaces/share/interfaces/hook/ld_library_path_lib.ps1'
[1.587s] INFO:colcon.colcon_core.shell:Creating environment descriptor '/home/mobin/auriga_ros2_tasks/install/interfaces/share/interfaces/hook/ld_library_path_lib.dsv'
[1.588s] INFO:colcon.colcon_core.shell:Creating environment hook '/home/mobin/auriga_ros2_tasks/install/interfaces/share/interfaces/hook/ld_library_path_lib.sh'
[1.588s] Level 1:colcon.colcon_core.environment:checking '/home/mobin/auriga_ros2_tasks/install/interfaces/bin'
[1.588s] Level 1:colcon.colcon_core.environment:checking '/home/mobin/auriga_ros2_tasks/install/interfaces/lib/pkgconfig/interfaces.pc'
[1.589s] Level 1:colcon.colcon_core.environment:checking '/home/mobin/auriga_ros2_tasks/install/interfaces/lib/python3.12/site-packages'
[1.589s] Level 1:colcon.colcon_core.shell:create_environment_hook('interfaces', 'pythonpath')
[1.589s] INFO:colcon.colcon_core.shell:Creating environment hook '/home/mobin/auriga_ros2_tasks/install/interfaces/share/interfaces/hook/pythonpath.ps1'
[1.590s] INFO:colcon.colcon_core.shell:Creating environment descriptor '/home/mobin/auriga_ros2_tasks/install/interfaces/share/interfaces/hook/pythonpath.dsv'
[1.590s] INFO:colcon.colcon_core.shell:Creating environment hook '/home/mobin/auriga_ros2_tasks/install/interfaces/share/interfaces/hook/pythonpath.sh'
[1.591s] Level 1:colcon.colcon_core.environment:checking '/home/mobin/auriga_ros2_tasks/install/interfaces/bin'
[1.591s] INFO:colcon.colcon_core.shell:Creating package script '/home/mobin/auriga_ros2_tasks/install/interfaces/share/interfaces/package.ps1'
[1.592s] INFO:colcon.colcon_core.shell:Creating package descriptor '/home/mobin/auriga_ros2_tasks/install/interfaces/share/interfaces/package.dsv'
[1.593s] INFO:colcon.colcon_core.shell:Creating package script '/home/mobin/auriga_ros2_tasks/install/interfaces/share/interfaces/package.sh'
[1.594s] INFO:colcon.colcon_core.shell:Creating package script '/home/mobin/auriga_ros2_tasks/install/interfaces/share/interfaces/package.bash'
[1.594s] INFO:colcon.colcon_core.shell:Creating package script '/home/mobin/auriga_ros2_tasks/install/interfaces/share/interfaces/package.zsh'
[1.595s] Level 1:colcon.colcon_core.environment:create_file_with_runtime_dependencies(/home/mobin/auriga_ros2_tasks/install/interfaces/share/colcon-core/packages/interfaces)
[1.595s] INFO:colcon.colcon_ros.task.ament_cmake.build:Building ROS package in '/home/mobin/auriga_ros2_tasks/src/cpp_package' with build type 'ament_cmake'
[1.595s] INFO:colcon.colcon_cmake.task.cmake.build:Building CMake package in '/home/mobin/auriga_ros2_tasks/src/cpp_package'
[1.596s] INFO:colcon.colcon_core.shell:Skip shell extension 'powershell' for command environment: Not usable outside of PowerShell
[1.596s] DEBUG:colcon.colcon_core.shell:Skip shell extension 'dsv' for command environment
[1.630s] DEBUG:colcon.colcon_core.event_handler.log_command:Invoking command in '/home/mobin/auriga_ros2_tasks/build/cpp_package': AMENT_PREFIX_PATH=/home/mobin/auriga_ros2_tasks/install/interfaces:${AMENT_PREFIX_PATH} CMAKE_PREFIX_PATH=/home/mobin/auriga_ros2_tasks/install/interfaces:/home/mobin/auriga_ros2_tasks/install/cpp_package:/home/mobin/ros2_example/install/turtlesim:/home/mobin/ros2_example/install/examples_rclcpp_wait_set:/home/mobin/ros2_example/install/examples_rclcpp_multithreaded_executor:/home/mobin/ros2_example/install/examples_rclcpp_minimal_timer:/home/mobin/ros2_example/install/examples_rclcpp_minimal_subscriber:/home/mobin/ros2_example/install/examples_rclcpp_minimal_service:/home/mobin/ros2_example/install/examples_rclcpp_minimal_publisher:/home/mobin/ros2_example/install/examples_rclcpp_minimal_composition:/home/mobin/ros2_example/install/examples_rclcpp_minimal_client:/home/mobin/ros2_example/install/examples_rclcpp_minimal_action_server:/home/mobin/ros2_example/install/examples_rclcpp_minimal_action_client:/home/mobin/ros2_example/install/examples_rclcpp_cbg_executor:/home/mobin/ros2_example/install/examples_rclcpp_async_client:/home/mobin/ros2_example/install/cpp_package:/home/mobin/ros2_ws/install/ros2_control_test_assets:/home/mobin/ros2_ws/install/ros2_control_demo_description:/home/mobin/ros2_ws/install/joint_limits:/home/mobin/ros2_ws/install/realtime_tools:/home/mobin/ros2_ws/install/kinematics_interface_kdl:/home/mobin/ros2_ws/install/kinematics_interface:/home/mobin/ros2_ws/install/controller_manager_msgs:/home/mobin/ros2_ws/install/control_msgs:/opt/ros/jazzy/opt/gz_sim_vendor:/opt/ros/jazzy/opt/gz_sensors_vendor:/opt/ros/jazzy/opt/gz_physics_vendor:/opt/ros/jazzy/opt/sdformat_vendor:/opt/ros/jazzy/opt/gz_gui_vendor:/opt/ros/jazzy/opt/gz_transport_vendor:/opt/ros/jazzy/opt/gz_rendering_vendor:/opt/ros/jazzy/opt/gz_plugin_vendor:/opt/ros/jazzy/opt/gz_fuel_tools_vendor:/opt/ros/jazzy/opt/gz_msgs_vendor:/opt/ros/jazzy/opt/gz_common_vendor:/opt/ros/jazzy/opt/gz_math_vendor:/opt/ros/jazzy/opt/gz_utils_vendor:/opt/ros/jazzy/opt/gz_tools_vendor:/opt/ros/jazzy/opt/gz_ogre_next_vendor:/opt/ros/jazzy/opt/gz_dartsim_vendor:/opt/ros/jazzy/opt/gz_cmake_vendor:/home/mobin/auriga_ros2_tasks/install/py_package:/home/mobin/ros2_example/install/py_package:/home/mobin/ros2_example/install/launch_testing_examples:/home/mobin/ros2_example/install/examples_rclpy_pointcloud_publisher:/home/mobin/ros2_example/install/examples_rclpy_minimal_subscriber:/home/mobin/ros2_example/install/examples_rclpy_minimal_service:/home/mobin/ros2_example/install/examples_rclpy_minimal_publisher:/home/mobin/ros2_example/install/examples_rclpy_minimal_client:/home/mobin/ros2_example/install/examples_rclpy_minimal_action_server:/home/mobin/ros2_example/install/examples_rclpy_minimal_action_client:/home/mobin/ros2_example/install/examples_rclpy_guard_conditions:/home/mobin/ros2_example/install/examples_rclpy_executors:/home/mobin/ros2_ws/install/rqt_joint_trajectory_controller:/home/mobin/ros2_ws/install/ros2_controllers_test_nodes:/opt/ros/jazzy DEBUGINFOD_URLS=https://debuginfod.ubuntu.com LD_LIBRARY_PATH=/home/mobin/auriga_ros2_tasks/install/interfaces/lib:${LD_LIBRARY_PATH} PYTHONPATH=/home/mobin/auriga_ros2_tasks/install/interfaces/lib/python3.12/site-packages:${PYTHONPATH} /usr/bin/cmake /home/mobin/auriga_ros2_tasks/src/cpp_package -DCMAKE_INSTALL_PREFIX=/home/mobin/auriga_ros2_tasks/install/cpp_package
[2.515s] DEBUG:colcon.colcon_core.event_handler.log_command:Invoking command in '/home/mobin/auriga_ros2_tasks/build/py_package': DEBUGINFOD_URLS=https://debuginfod.ubuntu.com PYTHONPATH=/home/mobin/auriga_ros2_tasks/build/py_package/prefix_override:/usr/lib/python3/dist-packages/colcon_core/task/python/colcon_distutils_commands:/home/mobin/auriga_ros2_tasks/install/py_package/lib/python3.12/site-packages:${PYTHONPATH} /usr/bin/python3 -W ignore:setup.py install is deprecated -W ignore:easy_install command is deprecated setup.py develop --uninstall --editable --build-directory /home/mobin/auriga_ros2_tasks/build/py_package/build
[3.583s] DEBUG:colcon.colcon_core.event_handler.log_command:Invoked command in '/home/mobin/auriga_ros2_tasks/build/py_package' returned '0': DEBUGINFOD_URLS=https://debuginfod.ubuntu.com PYTHONPATH=/home/mobin/auriga_ros2_tasks/build/py_package/prefix_override:/usr/lib/python3/dist-packages/colcon_core/task/python/colcon_distutils_commands:/home/mobin/auriga_ros2_tasks/install/py_package/lib/python3.12/site-packages:${PYTHONPATH} /usr/bin/python3 -W ignore:setup.py install is deprecated -W ignore:easy_install command is deprecated setup.py develop --uninstall --editable --build-directory /home/mobin/auriga_ros2_tasks/build/py_package/build
[3.585s] DEBUG:colcon.colcon_core.event_handler.log_command:Invoking command in '/home/mobin/auriga_ros2_tasks/src/py_package': DEBUGINFOD_URLS=https://debuginfod.ubuntu.com PYTHONPATH=/home/mobin/auriga_ros2_tasks/build/py_package/prefix_override:/usr/lib/python3/dist-packages/colcon_core/task/python/colcon_distutils_commands:/home/mobin/auriga_ros2_tasks/install/py_package/lib/python3.12/site-packages:${PYTHONPATH} /usr/bin/python3 -W ignore:setup.py install is deprecated -W ignore:easy_install command is deprecated setup.py egg_info --egg-base ../../build/py_package build --build-base /home/mobin/auriga_ros2_tasks/build/py_package/build install --record /home/mobin/auriga_ros2_tasks/build/py_package/install.log --single-version-externally-managed install_data --force
[3.619s] DEBUG:colcon.colcon_core.event_handler.log_command:Invoked command in '/home/mobin/auriga_ros2_tasks/build/cpp_package' returned '1': AMENT_PREFIX_PATH=/home/mobin/auriga_ros2_tasks/install/interfaces:${AMENT_PREFIX_PATH} CMAKE_PREFIX_PATH=/home/mobin/auriga_ros2_tasks/install/interfaces:/home/mobin/auriga_ros2_tasks/install/cpp_package:/home/mobin/ros2_example/install/turtlesim:/home/mobin/ros2_example/install/examples_rclcpp_wait_set:/home/mobin/ros2_example/install/examples_rclcpp_multithreaded_executor:/home/mobin/ros2_example/install/examples_rclcpp_minimal_timer:/home/mobin/ros2_example/install/examples_rclcpp_minimal_subscriber:/home/mobin/ros2_example/install/examples_rclcpp_minimal_service:/home/mobin/ros2_example/install/examples_rclcpp_minimal_publisher:/home/mobin/ros2_example/install/examples_rclcpp_minimal_composition:/home/mobin/ros2_example/install/examples_rclcpp_minimal_client:/home/mobin/ros2_example/install/examples_rclcpp_minimal_action_server:/home/mobin/ros2_example/install/examples_rclcpp_minimal_action_client:/home/mobin/ros2_example/install/examples_rclcpp_cbg_executor:/home/mobin/ros2_example/install/examples_rclcpp_async_client:/home/mobin/ros2_example/install/cpp_package:/home/mobin/ros2_ws/install/ros2_control_test_assets:/home/mobin/ros2_ws/install/ros2_control_demo_description:/home/mobin/ros2_ws/install/joint_limits:/home/mobin/ros2_ws/install/realtime_tools:/home/mobin/ros2_ws/install/kinematics_interface_kdl:/home/mobin/ros2_ws/install/kinematics_interface:/home/mobin/ros2_ws/install/controller_manager_msgs:/home/mobin/ros2_ws/install/control_msgs:/opt/ros/jazzy/opt/gz_sim_vendor:/opt/ros/jazzy/opt/gz_sensors_vendor:/opt/ros/jazzy/opt/gz_physics_vendor:/opt/ros/jazzy/opt/sdformat_vendor:/opt/ros/jazzy/opt/gz_gui_vendor:/opt/ros/jazzy/opt/gz_transport_vendor:/opt/ros/jazzy/opt/gz_rendering_vendor:/opt/ros/jazzy/opt/gz_plugin_vendor:/opt/ros/jazzy/opt/gz_fuel_tools_vendor:/opt/ros/jazzy/opt/gz_msgs_vendor:/opt/ros/jazzy/opt/gz_common_vendor:/opt/ros/jazzy/opt/gz_math_vendor:/opt/ros/jazzy/opt/gz_utils_vendor:/opt/ros/jazzy/opt/gz_tools_vendor:/opt/ros/jazzy/opt/gz_ogre_next_vendor:/opt/ros/jazzy/opt/gz_dartsim_vendor:/opt/ros/jazzy/opt/gz_cmake_vendor:/home/mobin/auriga_ros2_tasks/install/py_package:/home/mobin/ros2_example/install/py_package:/home/mobin/ros2_example/install/launch_testing_examples:/home/mobin/ros2_example/install/examples_rclpy_pointcloud_publisher:/home/mobin/ros2_example/install/examples_rclpy_minimal_subscriber:/home/mobin/ros2_example/install/examples_rclpy_minimal_service:/home/mobin/ros2_example/install/examples_rclpy_minimal_publisher:/home/mobin/ros2_example/install/examples_rclpy_minimal_client:/home/mobin/ros2_example/install/examples_rclpy_minimal_action_server:/home/mobin/ros2_example/install/examples_rclpy_minimal_action_client:/home/mobin/ros2_example/install/examples_rclpy_guard_conditions:/home/mobin/ros2_example/install/examples_rclpy_executors:/home/mobin/ros2_ws/install/rqt_joint_trajectory_controller:/home/mobin/ros2_ws/install/ros2_controllers_test_nodes:/opt/ros/jazzy DEBUGINFOD_URLS=https://debuginfod.ubuntu.com LD_LIBRARY_PATH=/home/mobin/auriga_ros2_tasks/install/interfaces/lib:${LD_LIBRARY_PATH} PYTHONPATH=/home/mobin/auriga_ros2_tasks/install/interfaces/lib/python3.12/site-packages:${PYTHONPATH} /usr/bin/cmake /home/mobin/auriga_ros2_tasks/src/cpp_package -DCMAKE_INSTALL_PREFIX=/home/mobin/auriga_ros2_tasks/install/cpp_package
[3.620s] Level 1:colcon.colcon_core.environment:create_environment_scripts_only(cpp_package)
[3.621s] Level 1:colcon.colcon_core.environment:checking '/home/mobin/auriga_ros2_tasks/install/cpp_package' for CMake module files
[3.623s] Level 1:colcon.colcon_core.environment:checking '/home/mobin/auriga_ros2_tasks/install/cpp_package' for CMake config files
[3.628s] Level 1:colcon.colcon_core.shell:create_environment_hook('cpp_package', 'cmake_prefix_path')
[3.629s] INFO:colcon.colcon_core.shell:Creating environment hook '/home/mobin/auriga_ros2_tasks/install/cpp_package/share/cpp_package/hook/cmake_prefix_path.ps1'
[3.630s] INFO:colcon.colcon_core.shell:Creating environment descriptor '/home/mobin/auriga_ros2_tasks/install/cpp_package/share/cpp_package/hook/cmake_prefix_path.dsv'
[3.630s] INFO:colcon.colcon_core.shell:Creating environment hook '/home/mobin/auriga_ros2_tasks/install/cpp_package/share/cpp_package/hook/cmake_prefix_path.sh'
[3.632s] Level 1:colcon.colcon_core.environment:checking '/home/mobin/auriga_ros2_tasks/install/cpp_package/lib'
[3.632s] Level 1:colcon.colcon_core.environment:checking '/home/mobin/auriga_ros2_tasks/install/cpp_package/bin'
[3.632s] Level 1:colcon.colcon_core.environment:checking '/home/mobin/auriga_ros2_tasks/install/cpp_package/lib/pkgconfig/cpp_package.pc'
[3.632s] Level 1:colcon.colcon_core.environment:checking '/home/mobin/auriga_ros2_tasks/install/cpp_package/lib/python3.12/site-packages'
[3.633s] Level 1:colcon.colcon_core.environment:checking '/home/mobin/auriga_ros2_tasks/install/cpp_package/bin'
[3.633s] INFO:colcon.colcon_core.shell:Creating package script '/home/mobin/auriga_ros2_tasks/install/cpp_package/share/cpp_package/package.ps1'
[3.634s] INFO:colcon.colcon_core.shell:Creating package descriptor '/home/mobin/auriga_ros2_tasks/install/cpp_package/share/cpp_package/package.dsv'
[3.635s] INFO:colcon.colcon_core.shell:Creating package script '/home/mobin/auriga_ros2_tasks/install/cpp_package/share/cpp_package/package.sh'
[3.635s] INFO:colcon.colcon_core.shell:Creating package script '/home/mobin/auriga_ros2_tasks/install/cpp_package/share/cpp_package/package.bash'
[3.636s] INFO:colcon.colcon_core.shell:Creating package script '/home/mobin/auriga_ros2_tasks/install/cpp_package/share/cpp_package/package.zsh'
[3.637s] Level 1:colcon.colcon_core.environment:create_file_with_runtime_dependencies(/home/mobin/auriga_ros2_tasks/install/cpp_package/share/colcon-core/packages/cpp_package)
[4.626s] DEBUG:colcon.colcon_parallel_executor.executor.parallel:closing loop
[4.626s] DEBUG:colcon.colcon_parallel_executor.executor.parallel:loop closed
[4.626s] DEBUG:colcon.colcon_parallel_executor.executor.parallel:run_until_complete finished with '1'
[4.626s] DEBUG:colcon.colcon_core.event_reactor:joining thread
[4.636s] INFO:colcon.colcon_core.plugin_system:Skipping extension 'colcon_notification.desktop_notification.terminal_notifier': Not used on non-Darwin systems
[4.636s] INFO:colcon.colcon_core.plugin_system:Skipping extension 'colcon_notification.desktop_notification.win32': Not used on non-Windows systems
[4.636s] INFO:colcon.colcon_notification.desktop_notification:Sending desktop notification using 'notify2'
[4.661s] DEBUG:colcon.colcon_core.event_reactor:joined thread
[4.661s] INFO:colcon.colcon_core.shell:Creating prefix script '/home/mobin/auriga_ros2_tasks/install/local_setup.ps1'
[4.663s] INFO:colcon.colcon_core.shell:Creating prefix util module '/home/mobin/auriga_ros2_tasks/install/_local_setup_util_ps1.py'
[4.665s] INFO:colcon.colcon_core.shell:Creating prefix chain script '/home/mobin/auriga_ros2_tasks/install/setup.ps1'
[4.669s] INFO:colcon.colcon_core.shell:Creating prefix script '/home/mobin/auriga_ros2_tasks/install/local_setup.sh'
[4.669s] INFO:colcon.colcon_core.shell:Creating prefix util module '/home/mobin/auriga_ros2_tasks/install/_local_setup_util_sh.py'
[4.670s] INFO:colcon.colcon_core.shell:Creating prefix chain script '/home/mobin/auriga_ros2_tasks/install/setup.sh'
[4.674s] INFO:colcon.colcon_core.shell:Creating prefix script '/home/mobin/auriga_ros2_tasks/install/local_setup.bash'
[4.675s] INFO:colcon.colcon_core.shell:Creating prefix chain script '/home/mobin/auriga_ros2_tasks/install/setup.bash'
[4.678s] INFO:colcon.colcon_core.shell:Creating prefix script '/home/mobin/auriga_ros2_tasks/install/local_setup.zsh'
[4.679s] INFO:colcon.colcon_core.shell:Creating prefix chain script '/home/mobin/auriga_ros2_tasks/install/setup.zsh'
