[0.195s] DEBUG:colcon:Command line arguments: ['/usr/bin/colcon', 'build', '--packages-select', 'py_package', 'cpp_package']
[0.195s] DEBUG:colcon:Parsed command line arguments: Namespace(log_base=None, log_level=None, verb_name='build', build_base='build', install_base='install', merge_install=False, symlink_install=False, test_result_base=None, continue_on_error=False, executor='parallel', parallel_workers=16, event_handlers=None, ignore_user_meta=False, metas=['./colcon.meta'], base_paths=['.'], packages_ignore=None, packages_ignore_regex=None, paths=None, packages_up_to=None, packages_up_to_regex=None, packages_above=None, packages_above_and_dependencies=None, packages_above_depth=None, packages_select_by_dep=None, packages_skip_by_dep=None, packages_skip_up_to=None, packages_select_build_failed=False, packages_skip_build_finished=False, packages_select_test_failures=False, packages_skip_test_passed=False, packages_select=['py_package', 'cpp_package'], packages_skip=None, packages_select_regex=None, packages_skip_regex=None, packages_start=None, packages_end=None, allow_overriding=[], cmake_args=None, cmake_target=None, cmake_target_skip_unavailable=False, cmake_clean_cache=False, cmake_clean_first=False, cmake_force_configure=False, ament_cmake_args=None, catkin_cmake_args=None, catkin_skip_building_tests=False, mixin_files=None, mixin=None, verb_parser=<colcon_mixin.mixin.mixin_argument.MixinArgumentDecorator object at 0x722446da2a50>, verb_extension=<colcon_core.verb.build.BuildVerb object at 0x722446da21e0>, main=<bound method BuildVerb.main of <colcon_core.verb.build.BuildVerb object at 0x722446da21e0>>, mixin_verb=('build',))
[0.266s] Level 1:colcon.colcon_core.package_discovery:discover_packages(colcon_meta) check parameters
[0.266s] Level 1:colcon.colcon_core.package_discovery:discover_packages(recursive) check parameters
[0.266s] Level 1:colcon.colcon_core.package_discovery:discover_packages(ignore) check parameters
[0.266s] Level 1:colcon.colcon_core.package_discovery:discover_packages(path) check parameters
[0.266s] Level 1:colcon.colcon_core.package_discovery:discover_packages(colcon_meta) discover
[0.266s] Level 1:colcon.colcon_core.package_discovery:discover_packages(recursive) discover
[0.266s] INFO:colcon.colcon_core.package_discovery:Crawling recursively for packages in '/home/mobin/auriga_ros2_tasks'
[0.267s] Level 1:colcon.colcon_core.package_identification:_identify(.) by extensions ['ignore', 'ignore_ament_install']
[0.267s] Level 1:colcon.colcon_core.package_identification:_identify(.) by extension 'ignore'
[0.267s] Level 1:colcon.colcon_core.package_identification:_identify(.) by extension 'ignore_ament_install'
[0.267s] Level 1:colcon.colcon_core.package_identification:_identify(.) by extensions ['colcon_pkg']
[0.267s] Level 1:colcon.colcon_core.package_identification:_identify(.) by extension 'colcon_pkg'
[0.267s] Level 1:colcon.colcon_core.package_identification:_identify(.) by extensions ['colcon_meta']
[0.267s] Level 1:colcon.colcon_core.package_identification:_identify(.) by extension 'colcon_meta'
[0.267s] Level 1:colcon.colcon_core.package_identification:_identify(.) by extensions ['ros']
[0.267s] Level 1:colcon.colcon_core.package_identification:_identify(.) by extension 'ros'
[0.314s] Level 1:colcon.colcon_core.package_identification:_identify(.) by extensions ['cmake', 'python']
[0.314s] Level 1:colcon.colcon_core.package_identification:_identify(.) by extension 'cmake'
[0.314s] Level 1:colcon.colcon_core.package_identification:_identify(.) by extension 'python'
[0.314s] Level 1:colcon.colcon_core.package_identification:_identify(.) by extensions ['python_setup_py']
[0.314s] Level 1:colcon.colcon_core.package_identification:_identify(.) by extension 'python_setup_py'
[0.314s] Level 1:colcon.colcon_core.package_identification:_identify(build) by extensions ['ignore', 'ignore_ament_install']
[0.314s] Level 1:colcon.colcon_core.package_identification:_identify(build) by extension 'ignore'
[0.314s] Level 1:colcon.colcon_core.package_identification:_identify(build) ignored
[0.315s] Level 1:colcon.colcon_core.package_identification:_identify(install) by extensions ['ignore', 'ignore_ament_install']
[0.315s] Level 1:colcon.colcon_core.package_identification:_identify(install) by extension 'ignore'
[0.315s] Level 1:colcon.colcon_core.package_identification:_identify(install) ignored
[0.315s] Level 1:colcon.colcon_core.package_identification:_identify(log) by extensions ['ignore', 'ignore_ament_install']
[0.315s] Level 1:colcon.colcon_core.package_identification:_identify(log) by extension 'ignore'
[0.315s] Level 1:colcon.colcon_core.package_identification:_identify(log) ignored
[0.315s] Level 1:colcon.colcon_core.package_identification:_identify(src) by extensions ['ignore', 'ignore_ament_install']
[0.315s] Level 1:colcon.colcon_core.package_identification:_identify(src) by extension 'ignore'
[0.316s] Level 1:colcon.colcon_core.package_identification:_identify(src) by extension 'ignore_ament_install'
[0.316s] Level 1:colcon.colcon_core.package_identification:_identify(src) by extensions ['colcon_pkg']
[0.316s] Level 1:colcon.colcon_core.package_identification:_identify(src) by extension 'colcon_pkg'
[0.316s] Level 1:colcon.colcon_core.package_identification:_identify(src) by extensions ['colcon_meta']
[0.316s] Level 1:colcon.colcon_core.package_identification:_identify(src) by extension 'colcon_meta'
[0.316s] Level 1:colcon.colcon_core.package_identification:_identify(src) by extensions ['ros']
[0.316s] Level 1:colcon.colcon_core.package_identification:_identify(src) by extension 'ros'
[0.316s] Level 1:colcon.colcon_core.package_identification:_identify(src) by extensions ['cmake', 'python']
[0.316s] Level 1:colcon.colcon_core.package_identification:_identify(src) by extension 'cmake'
[0.316s] Level 1:colcon.colcon_core.package_identification:_identify(src) by extension 'python'
[0.316s] Level 1:colcon.colcon_core.package_identification:_identify(src) by extensions ['python_setup_py']
[0.316s] Level 1:colcon.colcon_core.package_identification:_identify(src) by extension 'python_setup_py'
[0.316s] Level 1:colcon.colcon_core.package_identification:_identify(src/cpp_package) by extensions ['ignore', 'ignore_ament_install']
[0.316s] Level 1:colcon.colcon_core.package_identification:_identify(src/cpp_package) by extension 'ignore'
[0.317s] Level 1:colcon.colcon_core.package_identification:_identify(src/cpp_package) by extension 'ignore_ament_install'
[0.317s] Level 1:colcon.colcon_core.package_identification:_identify(src/cpp_package) by extensions ['colcon_pkg']
[0.317s] Level 1:colcon.colcon_core.package_identification:_identify(src/cpp_package) by extension 'colcon_pkg'
[0.317s] Level 1:colcon.colcon_core.package_identification:_identify(src/cpp_package) by extensions ['colcon_meta']
[0.317s] Level 1:colcon.colcon_core.package_identification:_identify(src/cpp_package) by extension 'colcon_meta'
[0.317s] Level 1:colcon.colcon_core.package_identification:_identify(src/cpp_package) by extensions ['ros']
[0.317s] Level 1:colcon.colcon_core.package_identification:_identify(src/cpp_package) by extension 'ros'
[0.321s] DEBUG:colcon.colcon_core.package_identification:Package 'src/cpp_package' with type 'ros.ament_cmake' and name 'cpp_package'
[0.321s] Level 1:colcon.colcon_core.package_identification:_identify(src/interfaces) by extensions ['ignore', 'ignore_ament_install']
[0.321s] Level 1:colcon.colcon_core.package_identification:_identify(src/interfaces) by extension 'ignore'
[0.321s] Level 1:colcon.colcon_core.package_identification:_identify(src/interfaces) by extension 'ignore_ament_install'
[0.321s] Level 1:colcon.colcon_core.package_identification:_identify(src/interfaces) by extensions ['colcon_pkg']
[0.321s] Level 1:colcon.colcon_core.package_identification:_identify(src/interfaces) by extension 'colcon_pkg'
[0.321s] Level 1:colcon.colcon_core.package_identification:_identify(src/interfaces) by extensions ['colcon_meta']
[0.321s] Level 1:colcon.colcon_core.package_identification:_identify(src/interfaces) by extension 'colcon_meta'
[0.321s] Level 1:colcon.colcon_core.package_identification:_identify(src/interfaces) by extensions ['ros']
[0.321s] Level 1:colcon.colcon_core.package_identification:_identify(src/interfaces) by extension 'ros'
[0.322s] DEBUG:colcon.colcon_core.package_identification:Package 'src/interfaces' with type 'ros.ament_cmake' and name 'interfaces'
[0.322s] Level 1:colcon.colcon_core.package_identification:_identify(src/log) by extensions ['ignore', 'ignore_ament_install']
[0.322s] Level 1:colcon.colcon_core.package_identification:_identify(src/log) by extension 'ignore'
[0.322s] Level 1:colcon.colcon_core.package_identification:_identify(src/log) ignored
[0.323s] Level 1:colcon.colcon_core.package_identification:_identify(src/py_package) by extensions ['ignore', 'ignore_ament_install']
[0.323s] Level 1:colcon.colcon_core.package_identification:_identify(src/py_package) by extension 'ignore'
[0.323s] Level 1:colcon.colcon_core.package_identification:_identify(src/py_package) by extension 'ignore_ament_install'
[0.323s] Level 1:colcon.colcon_core.package_identification:_identify(src/py_package) by extensions ['colcon_pkg']
[0.323s] Level 1:colcon.colcon_core.package_identification:_identify(src/py_package) by extension 'colcon_pkg'
[0.323s] Level 1:colcon.colcon_core.package_identification:_identify(src/py_package) by extensions ['colcon_meta']
[0.323s] Level 1:colcon.colcon_core.package_identification:_identify(src/py_package) by extension 'colcon_meta'
[0.323s] Level 1:colcon.colcon_core.package_identification:_identify(src/py_package) by extensions ['ros']
[0.323s] Level 1:colcon.colcon_core.package_identification:_identify(src/py_package) by extension 'ros'
[0.324s] DEBUG:colcon.colcon_core.package_identification:Package 'src/py_package' with type 'ros.ament_python' and name 'py_package'
[0.324s] Level 1:colcon.colcon_core.package_discovery:discover_packages(recursive) using defaults
[0.324s] Level 1:colcon.colcon_core.package_discovery:discover_packages(ignore) discover
[0.324s] Level 1:colcon.colcon_core.package_discovery:discover_packages(ignore) using defaults
[0.324s] Level 1:colcon.colcon_core.package_discovery:discover_packages(path) discover
[0.324s] Level 1:colcon.colcon_core.package_discovery:discover_packages(path) using defaults
[0.355s] INFO:colcon.colcon_core.package_selection:Skipping not selected package 'interfaces' in 'src/interfaces'
[0.355s] Level 1:colcon.colcon_core.package_discovery:discover_packages(prefix_path) check parameters
[0.355s] Level 1:colcon.colcon_core.package_discovery:discover_packages(prefix_path) discover
[0.360s] DEBUG:colcon.colcon_installed_package_information.package_discovery:Found 3 installed packages in /home/mobin/auriga_ros2_tasks/install
[0.362s] DEBUG:colcon.colcon_installed_package_information.package_discovery:Found 25 installed packages in /home/mobin/ros2_example/install
[0.363s] DEBUG:colcon.colcon_installed_package_information.package_discovery:Found 11 installed packages in /home/mobin/ros2_ws/install
[0.368s] DEBUG:colcon.colcon_installed_package_information.package_discovery:Found 477 installed packages in /opt/ros/jazzy
[0.373s] Level 1:colcon.colcon_core.package_discovery:discover_packages(prefix_path) using defaults
[0.482s] Level 5:colcon.colcon_core.verb:set package 'cpp_package' build argument 'cmake_args' from command line to 'None'
[0.482s] Level 5:colcon.colcon_core.verb:set package 'cpp_package' build argument 'cmake_target' from command line to 'None'
[0.482s] Level 5:colcon.colcon_core.verb:set package 'cpp_package' build argument 'cmake_target_skip_unavailable' from command line to 'False'
[0.482s] Level 5:colcon.colcon_core.verb:set package 'cpp_package' build argument 'cmake_clean_cache' from command line to 'False'
[0.482s] Level 5:colcon.colcon_core.verb:set package 'cpp_package' build argument 'cmake_clean_first' from command line to 'False'
[0.483s] Level 5:colcon.colcon_core.verb:set package 'cpp_package' build argument 'cmake_force_configure' from command line to 'False'
[0.483s] Level 5:colcon.colcon_core.verb:set package 'cpp_package' build argument 'ament_cmake_args' from command line to 'None'
[0.483s] Level 5:colcon.colcon_core.verb:set package 'cpp_package' build argument 'catkin_cmake_args' from command line to 'None'
[0.483s] Level 5:colcon.colcon_core.verb:set package 'cpp_package' build argument 'catkin_skip_building_tests' from command line to 'False'
[0.483s] DEBUG:colcon.colcon_core.verb:Building package 'cpp_package' with the following arguments: {'ament_cmake_args': None, 'build_base': '/home/mobin/auriga_ros2_tasks/build/cpp_package', 'catkin_cmake_args': None, 'catkin_skip_building_tests': False, 'cmake_args': None, 'cmake_clean_cache': False, 'cmake_clean_first': False, 'cmake_force_configure': False, 'cmake_target': None, 'cmake_target_skip_unavailable': False, 'install_base': '/home/mobin/auriga_ros2_tasks/install/cpp_package', 'merge_install': False, 'path': '/home/mobin/auriga_ros2_tasks/src/cpp_package', 'symlink_install': False, 'test_result_base': None}
[0.483s] Level 5:colcon.colcon_core.verb:set package 'py_package' build argument 'cmake_args' from command line to 'None'
[0.483s] Level 5:colcon.colcon_core.verb:set package 'py_package' build argument 'cmake_target' from command line to 'None'
[0.483s] Level 5:colcon.colcon_core.verb:set package 'py_package' build argument 'cmake_target_skip_unavailable' from command line to 'False'
[0.483s] Level 5:colcon.colcon_core.verb:set package 'py_package' build argument 'cmake_clean_cache' from command line to 'False'
[0.483s] Level 5:colcon.colcon_core.verb:set package 'py_package' build argument 'cmake_clean_first' from command line to 'False'
[0.483s] Level 5:colcon.colcon_core.verb:set package 'py_package' build argument 'cmake_force_configure' from command line to 'False'
[0.483s] Level 5:colcon.colcon_core.verb:set package 'py_package' build argument 'ament_cmake_args' from command line to 'None'
[0.483s] Level 5:colcon.colcon_core.verb:set package 'py_package' build argument 'catkin_cmake_args' from command line to 'None'
[0.483s] Level 5:colcon.colcon_core.verb:set package 'py_package' build argument 'catkin_skip_building_tests' from command line to 'False'
[0.483s] DEBUG:colcon.colcon_core.verb:Building package 'py_package' with the following arguments: {'ament_cmake_args': None, 'build_base': '/home/mobin/auriga_ros2_tasks/build/py_package', 'catkin_cmake_args': None, 'catkin_skip_building_tests': False, 'cmake_args': None, 'cmake_clean_cache': False, 'cmake_clean_first': False, 'cmake_force_configure': False, 'cmake_target': None, 'cmake_target_skip_unavailable': False, 'install_base': '/home/mobin/auriga_ros2_tasks/install/py_package', 'merge_install': False, 'path': '/home/mobin/auriga_ros2_tasks/src/py_package', 'symlink_install': False, 'test_result_base': None}
[0.484s] INFO:colcon.colcon_core.executor:Executing jobs using 'parallel' executor
[0.485s] DEBUG:colcon.colcon_parallel_executor.executor.parallel:run_until_complete
[0.486s] INFO:colcon.colcon_ros.task.ament_cmake.build:Building ROS package in '/home/mobin/auriga_ros2_tasks/src/cpp_package' with build type 'ament_cmake'
[0.486s] INFO:colcon.colcon_cmake.task.cmake.build:Building CMake package in '/home/mobin/auriga_ros2_tasks/src/cpp_package'
[0.490s] INFO:colcon.colcon_core.plugin_system:Skipping extension 'colcon_core.shell.bat': Not used on non-Windows systems
[0.490s] INFO:colcon.colcon_core.shell:Skip shell extension 'powershell' for command environment: Not usable outside of PowerShell
[0.490s] DEBUG:colcon.colcon_core.shell:Skip shell extension 'dsv' for command environment
[0.503s] INFO:colcon.colcon_ros.task.ament_python.build:Building ROS package in '/home/mobin/auriga_ros2_tasks/src/py_package' with build type 'ament_python'
[0.504s] Level 1:colcon.colcon_core.shell:create_environment_hook('py_package', 'ament_prefix_path')
[0.504s] INFO:colcon.colcon_core.shell:Creating environment hook '/home/mobin/auriga_ros2_tasks/install/py_package/share/py_package/hook/ament_prefix_path.ps1'
[0.506s] INFO:colcon.colcon_core.shell:Creating environment descriptor '/home/mobin/auriga_ros2_tasks/install/py_package/share/py_package/hook/ament_prefix_path.dsv'
[0.506s] INFO:colcon.colcon_core.shell:Creating environment hook '/home/mobin/auriga_ros2_tasks/install/py_package/share/py_package/hook/ament_prefix_path.sh'
[0.508s] INFO:colcon.colcon_core.shell:Skip shell extension 'powershell' for command environment: Not usable outside of PowerShell
[0.508s] DEBUG:colcon.colcon_core.shell:Skip shell extension 'dsv' for command environment
[0.528s] DEBUG:colcon.colcon_core.event_handler.log_command:Invoking command in '/home/mobin/auriga_ros2_tasks/build/cpp_package': CMAKE_PREFIX_PATH=/home/mobin/auriga_ros2_tasks/install/interfaces:/home/mobin/auriga_ros2_tasks/install/cpp_package:/home/mobin/ros2_example/install/turtlesim:/home/mobin/ros2_example/install/examples_rclcpp_wait_set:/home/mobin/ros2_example/install/examples_rclcpp_multithreaded_executor:/home/mobin/ros2_example/install/examples_rclcpp_minimal_timer:/home/mobin/ros2_example/install/examples_rclcpp_minimal_subscriber:/home/mobin/ros2_example/install/examples_rclcpp_minimal_service:/home/mobin/ros2_example/install/examples_rclcpp_minimal_publisher:/home/mobin/ros2_example/install/examples_rclcpp_minimal_composition:/home/mobin/ros2_example/install/examples_rclcpp_minimal_client:/home/mobin/ros2_example/install/examples_rclcpp_minimal_action_server:/home/mobin/ros2_example/install/examples_rclcpp_minimal_action_client:/home/mobin/ros2_example/install/examples_rclcpp_cbg_executor:/home/mobin/ros2_example/install/examples_rclcpp_async_client:/home/mobin/ros2_example/install/cpp_package:/home/mobin/ros2_ws/install/ros2_control_test_assets:/home/mobin/ros2_ws/install/ros2_control_demo_description:/home/mobin/ros2_ws/install/joint_limits:/home/mobin/ros2_ws/install/realtime_tools:/home/mobin/ros2_ws/install/kinematics_interface_kdl:/home/mobin/ros2_ws/install/kinematics_interface:/home/mobin/ros2_ws/install/controller_manager_msgs:/home/mobin/ros2_ws/install/control_msgs:/opt/ros/jazzy/opt/gz_sim_vendor:/opt/ros/jazzy/opt/gz_sensors_vendor:/opt/ros/jazzy/opt/gz_physics_vendor:/opt/ros/jazzy/opt/sdformat_vendor:/opt/ros/jazzy/opt/gz_gui_vendor:/opt/ros/jazzy/opt/gz_transport_vendor:/opt/ros/jazzy/opt/gz_rendering_vendor:/opt/ros/jazzy/opt/gz_plugin_vendor:/opt/ros/jazzy/opt/gz_fuel_tools_vendor:/opt/ros/jazzy/opt/gz_msgs_vendor:/opt/ros/jazzy/opt/gz_common_vendor:/opt/ros/jazzy/opt/gz_math_vendor:/opt/ros/jazzy/opt/gz_utils_vendor:/opt/ros/jazzy/opt/gz_tools_vendor:/opt/ros/jazzy/opt/gz_ogre_next_vendor:/opt/ros/jazzy/opt/gz_dartsim_vendor:/opt/ros/jazzy/opt/gz_cmake_vendor:/home/mobin/auriga_ros2_tasks/install/py_package:/home/mobin/ros2_example/install/py_package:/home/mobin/ros2_example/install/launch_testing_examples:/home/mobin/ros2_example/install/examples_rclpy_pointcloud_publisher:/home/mobin/ros2_example/install/examples_rclpy_minimal_subscriber:/home/mobin/ros2_example/install/examples_rclpy_minimal_service:/home/mobin/ros2_example/install/examples_rclpy_minimal_publisher:/home/mobin/ros2_example/install/examples_rclpy_minimal_client:/home/mobin/ros2_example/install/examples_rclpy_minimal_action_server:/home/mobin/ros2_example/install/examples_rclpy_minimal_action_client:/home/mobin/ros2_example/install/examples_rclpy_guard_conditions:/home/mobin/ros2_example/install/examples_rclpy_executors:/home/mobin/ros2_ws/install/rqt_joint_trajectory_controller:/home/mobin/ros2_ws/install/ros2_controllers_test_nodes:/opt/ros/jazzy DEBUGINFOD_URLS=https://debuginfod.ubuntu.com PYTHONPATH=/home/mobin/auriga_ros2_tasks/install/interfaces/lib/python3.12/site-packages:/home/mobin/auriga_ros2_tasks/install/py_package/lib/python3.12/site-packages:/home/mobin/ros2_example/install/turtlesim/lib/python3.12/site-packages:/home/mobin/ros2_example/install/py_package/lib/python3.12/site-packages:/home/mobin/ros2_example/install/launch_testing_examples/lib/python3.12/site-packages:/home/mobin/ros2_example/install/examples_rclpy_pointcloud_publisher/lib/python3.12/site-packages:/home/mobin/ros2_example/install/examples_rclpy_minimal_subscriber/lib/python3.12/site-packages:/home/mobin/ros2_example/install/examples_rclpy_minimal_service/lib/python3.12/site-packages:/home/mobin/ros2_example/install/examples_rclpy_minimal_publisher/lib/python3.12/site-packages:/home/mobin/ros2_example/install/examples_rclpy_minimal_client/lib/python3.12/site-packages:/home/mobin/ros2_example/install/examples_rclpy_minimal_action_server/lib/python3.12/site-packages:/home/mobin/ros2_example/install/examples_rclpy_minimal_action_client/lib/python3.12/site-packages:/home/mobin/ros2_example/install/examples_rclpy_guard_conditions/lib/python3.12/site-packages:/home/mobin/ros2_example/install/examples_rclpy_executors/lib/python3.12/site-packages:/home/mobin/ros2_ws/build/rqt_joint_trajectory_controller:/home/mobin/ros2_ws/install/rqt_joint_trajectory_controller/lib/python3.12/site-packages:/home/mobin/ros2_ws/build/ros2_controllers_test_nodes:/home/mobin/ros2_ws/install/ros2_controllers_test_nodes/lib/python3.12/site-packages:/home/mobin/ros2_ws/install/controller_manager_msgs/lib/python3.12/site-packages:/home/mobin/ros2_ws/install/control_msgs/lib/python3.12/site-packages:/opt/ros/jazzy/lib/python3.12/site-packages /usr/bin/cmake --build /home/mobin/auriga_ros2_tasks/build/cpp_package -- -j16 -l16
[13.290s] DEBUG:colcon.colcon_parallel_executor.executor.parallel:closing loop
[13.290s] DEBUG:colcon.colcon_parallel_executor.executor.parallel:loop closed
[13.291s] DEBUG:colcon.colcon_parallel_executor.executor.parallel:run_until_complete finished with 'Command '['/usr/bin/python3', '-c', 'import sys;from contextlib import suppress;exec("with suppress(ImportError):    from setuptools.extern.packaging.specifiers    import SpecifierSet");exec("with suppress(ImportError):    from packaging.specifiers import SpecifierSet");from distutils.core import run_setup;dist = run_setup(    \'setup.py\', script_args=(\'--dry-run\',), stop_after=\'config\');skip_keys = (\'cmdclass\', \'distclass\', \'ext_modules\', \'metadata\');data = {    key: value for key, value in dist.__dict__.items()     if (        not key.startswith(\'_\') and         not callable(value) and         key not in skip_keys and         key not in dist.display_option_names    )};data[\'metadata\'] = {    k: v for k, v in dist.metadata.__dict__.items()     if k not in (\'license_files\', \'provides_extras\')};sys.stdout.buffer.write(repr(data).encode(\'utf-8\'))']' returned non-zero exit status 1.'
[13.291s] DEBUG:colcon.colcon_core.event_reactor:joining thread
[13.297s] INFO:colcon.colcon_core.plugin_system:Skipping extension 'colcon_notification.desktop_notification.terminal_notifier': Not used on non-Darwin systems
[13.297s] INFO:colcon.colcon_core.plugin_system:Skipping extension 'colcon_notification.desktop_notification.win32': Not used on non-Windows systems
[13.297s] INFO:colcon.colcon_notification.desktop_notification:Sending desktop notification using 'notify2'
[13.313s] DEBUG:colcon.colcon_core.event_reactor:joined thread
[13.313s] INFO:colcon.colcon_core.shell:Creating prefix script '/home/mobin/auriga_ros2_tasks/install/local_setup.ps1'
[13.314s] INFO:colcon.colcon_core.shell:Creating prefix util module '/home/mobin/auriga_ros2_tasks/install/_local_setup_util_ps1.py'
[13.315s] INFO:colcon.colcon_core.shell:Creating prefix chain script '/home/mobin/auriga_ros2_tasks/install/setup.ps1'
[13.317s] INFO:colcon.colcon_core.shell:Creating prefix script '/home/mobin/auriga_ros2_tasks/install/local_setup.sh'
[13.317s] INFO:colcon.colcon_core.shell:Creating prefix util module '/home/mobin/auriga_ros2_tasks/install/_local_setup_util_sh.py'
[13.317s] INFO:colcon.colcon_core.shell:Creating prefix chain script '/home/mobin/auriga_ros2_tasks/install/setup.sh'
[13.319s] INFO:colcon.colcon_core.shell:Creating prefix script '/home/mobin/auriga_ros2_tasks/install/local_setup.bash'
[13.320s] INFO:colcon.colcon_core.shell:Creating prefix chain script '/home/mobin/auriga_ros2_tasks/install/setup.bash'
[13.322s] INFO:colcon.colcon_core.shell:Creating prefix script '/home/mobin/auriga_ros2_tasks/install/local_setup.zsh'
[13.322s] INFO:colcon.colcon_core.shell:Creating prefix chain script '/home/mobin/auriga_ros2_tasks/install/setup.zsh'
