[0.185s] DEBUG:colcon:Command line arguments: ['/usr/bin/colcon', 'build', '--packages-select', 'py_package', 'cpp_package', 'interfaces']
[0.185s] DEBUG:colcon:Parsed command line arguments: Namespace(log_base=None, log_level=None, verb_name='build', build_base='build', install_base='install', merge_install=False, symlink_install=False, test_result_base=None, continue_on_error=False, executor='parallel', parallel_workers=16, event_handlers=None, ignore_user_meta=False, metas=['./colcon.meta'], base_paths=['.'], packages_ignore=None, packages_ignore_regex=None, paths=None, packages_up_to=None, packages_up_to_regex=None, packages_above=None, packages_above_and_dependencies=None, packages_above_depth=None, packages_select_by_dep=None, packages_skip_by_dep=None, packages_skip_up_to=None, packages_select_build_failed=False, packages_skip_build_finished=False, packages_select_test_failures=False, packages_skip_test_passed=False, packages_select=['py_package', 'cpp_package', 'interfaces'], packages_skip=None, packages_select_regex=None, packages_skip_regex=None, packages_start=None, packages_end=None, allow_overriding=[], cmake_args=None, cmake_target=None, cmake_target_skip_unavailable=False, cmake_clean_cache=False, cmake_clean_first=False, cmake_force_configure=False, ament_cmake_args=None, catkin_cmake_args=None, catkin_skip_building_tests=False, mixin_files=None, mixin=None, verb_parser=<colcon_mixin.mixin.mixin_argument.MixinArgumentDecorator object at 0x70c5decaa6c0>, verb_extension=<colcon_core.verb.build.BuildVerb object at 0x70c5decaa360>, main=<bound method BuildVerb.main of <colcon_core.verb.build.BuildVerb object at 0x70c5decaa360>>, mixin_verb=('build',))
[0.250s] Level 1:colcon.colcon_core.package_discovery:discover_packages(colcon_meta) check parameters
[0.250s] Level 1:colcon.colcon_core.package_discovery:discover_packages(recursive) check parameters
[0.250s] Level 1:colcon.colcon_core.package_discovery:discover_packages(ignore) check parameters
[0.250s] Level 1:colcon.colcon_core.package_discovery:discover_packages(path) check parameters
[0.250s] Level 1:colcon.colcon_core.package_discovery:discover_packages(colcon_meta) discover
[0.250s] Level 1:colcon.colcon_core.package_discovery:discover_packages(recursive) discover
[0.250s] INFO:colcon.colcon_core.package_discovery:Crawling recursively for packages in '/home/mobin/auriga_ros2_tasks'
[0.251s] Level 1:colcon.colcon_core.package_identification:_identify(.) by extensions ['ignore', 'ignore_ament_install']
[0.251s] Level 1:colcon.colcon_core.package_identification:_identify(.) by extension 'ignore'
[0.251s] Level 1:colcon.colcon_core.package_identification:_identify(.) by extension 'ignore_ament_install'
[0.251s] Level 1:colcon.colcon_core.package_identification:_identify(.) by extensions ['colcon_pkg']
[0.251s] Level 1:colcon.colcon_core.package_identification:_identify(.) by extension 'colcon_pkg'
[0.251s] Level 1:colcon.colcon_core.package_identification:_identify(.) by extensions ['colcon_meta']
[0.251s] Level 1:colcon.colcon_core.package_identification:_identify(.) by extension 'colcon_meta'
[0.251s] Level 1:colcon.colcon_core.package_identification:_identify(.) by extensions ['ros']
[0.251s] Level 1:colcon.colcon_core.package_identification:_identify(.) by extension 'ros'
[0.293s] Level 1:colcon.colcon_core.package_identification:_identify(.) by extensions ['cmake', 'python']
[0.293s] Level 1:colcon.colcon_core.package_identification:_identify(.) by extension 'cmake'
[0.293s] Level 1:colcon.colcon_core.package_identification:_identify(.) by extension 'python'
[0.293s] Level 1:colcon.colcon_core.package_identification:_identify(.) by extensions ['python_setup_py']
[0.293s] Level 1:colcon.colcon_core.package_identification:_identify(.) by extension 'python_setup_py'
[0.293s] Level 1:colcon.colcon_core.package_identification:_identify(build) by extensions ['ignore', 'ignore_ament_install']
[0.294s] Level 1:colcon.colcon_core.package_identification:_identify(build) by extension 'ignore'
[0.294s] Level 1:colcon.colcon_core.package_identification:_identify(build) ignored
[0.294s] Level 1:colcon.colcon_core.package_identification:_identify(install) by extensions ['ignore', 'ignore_ament_install']
[0.294s] Level 1:colcon.colcon_core.package_identification:_identify(install) by extension 'ignore'
[0.294s] Level 1:colcon.colcon_core.package_identification:_identify(install) ignored
[0.294s] Level 1:colcon.colcon_core.package_identification:_identify(log) by extensions ['ignore', 'ignore_ament_install']
[0.294s] Level 1:colcon.colcon_core.package_identification:_identify(log) by extension 'ignore'
[0.294s] Level 1:colcon.colcon_core.package_identification:_identify(log) ignored
[0.295s] Level 1:colcon.colcon_core.package_identification:_identify(src) by extensions ['ignore', 'ignore_ament_install']
[0.295s] Level 1:colcon.colcon_core.package_identification:_identify(src) by extension 'ignore'
[0.295s] Level 1:colcon.colcon_core.package_identification:_identify(src) by extension 'ignore_ament_install'
[0.295s] Level 1:colcon.colcon_core.package_identification:_identify(src) by extensions ['colcon_pkg']
[0.295s] Level 1:colcon.colcon_core.package_identification:_identify(src) by extension 'colcon_pkg'
[0.295s] Level 1:colcon.colcon_core.package_identification:_identify(src) by extensions ['colcon_meta']
[0.295s] Level 1:colcon.colcon_core.package_identification:_identify(src) by extension 'colcon_meta'
[0.295s] Level 1:colcon.colcon_core.package_identification:_identify(src) by extensions ['ros']
[0.295s] Level 1:colcon.colcon_core.package_identification:_identify(src) by extension 'ros'
[0.295s] Level 1:colcon.colcon_core.package_identification:_identify(src) by extensions ['cmake', 'python']
[0.295s] Level 1:colcon.colcon_core.package_identification:_identify(src) by extension 'cmake'
[0.295s] Level 1:colcon.colcon_core.package_identification:_identify(src) by extension 'python'
[0.295s] Level 1:colcon.colcon_core.package_identification:_identify(src) by extensions ['python_setup_py']
[0.295s] Level 1:colcon.colcon_core.package_identification:_identify(src) by extension 'python_setup_py'
[0.296s] Level 1:colcon.colcon_core.package_identification:_identify(src/cpp_package) by extensions ['ignore', 'ignore_ament_install']
[0.296s] Level 1:colcon.colcon_core.package_identification:_identify(src/cpp_package) by extension 'ignore'
[0.296s] Level 1:colcon.colcon_core.package_identification:_identify(src/cpp_package) by extension 'ignore_ament_install'
[0.296s] Level 1:colcon.colcon_core.package_identification:_identify(src/cpp_package) by extensions ['colcon_pkg']
[0.296s] Level 1:colcon.colcon_core.package_identification:_identify(src/cpp_package) by extension 'colcon_pkg'
[0.296s] Level 1:colcon.colcon_core.package_identification:_identify(src/cpp_package) by extensions ['colcon_meta']
[0.296s] Level 1:colcon.colcon_core.package_identification:_identify(src/cpp_package) by extension 'colcon_meta'
[0.296s] Level 1:colcon.colcon_core.package_identification:_identify(src/cpp_package) by extensions ['ros']
[0.296s] Level 1:colcon.colcon_core.package_identification:_identify(src/cpp_package) by extension 'ros'
[0.299s] DEBUG:colcon.colcon_core.package_identification:Package 'src/cpp_package' with type 'ros.ament_cmake' and name 'cpp_package'
[0.300s] Level 1:colcon.colcon_core.package_identification:_identify(src/interfaces) by extensions ['ignore', 'ignore_ament_install']
[0.300s] Level 1:colcon.colcon_core.package_identification:_identify(src/interfaces) by extension 'ignore'
[0.300s] Level 1:colcon.colcon_core.package_identification:_identify(src/interfaces) by extension 'ignore_ament_install'
[0.300s] Level 1:colcon.colcon_core.package_identification:_identify(src/interfaces) by extensions ['colcon_pkg']
[0.300s] Level 1:colcon.colcon_core.package_identification:_identify(src/interfaces) by extension 'colcon_pkg'
[0.300s] Level 1:colcon.colcon_core.package_identification:_identify(src/interfaces) by extensions ['colcon_meta']
[0.300s] Level 1:colcon.colcon_core.package_identification:_identify(src/interfaces) by extension 'colcon_meta'
[0.300s] Level 1:colcon.colcon_core.package_identification:_identify(src/interfaces) by extensions ['ros']
[0.300s] Level 1:colcon.colcon_core.package_identification:_identify(src/interfaces) by extension 'ros'
[0.301s] DEBUG:colcon.colcon_core.package_identification:Package 'src/interfaces' with type 'ros.ament_cmake' and name 'interfaces'
[0.301s] Level 1:colcon.colcon_core.package_identification:_identify(src/log) by extensions ['ignore', 'ignore_ament_install']
[0.301s] Level 1:colcon.colcon_core.package_identification:_identify(src/log) by extension 'ignore'
[0.301s] Level 1:colcon.colcon_core.package_identification:_identify(src/log) ignored
[0.301s] Level 1:colcon.colcon_core.package_identification:_identify(src/py_package) by extensions ['ignore', 'ignore_ament_install']
[0.302s] Level 1:colcon.colcon_core.package_identification:_identify(src/py_package) by extension 'ignore'
[0.302s] Level 1:colcon.colcon_core.package_identification:_identify(src/py_package) by extension 'ignore_ament_install'
[0.302s] Level 1:colcon.colcon_core.package_identification:_identify(src/py_package) by extensions ['colcon_pkg']
[0.302s] Level 1:colcon.colcon_core.package_identification:_identify(src/py_package) by extension 'colcon_pkg'
[0.302s] Level 1:colcon.colcon_core.package_identification:_identify(src/py_package) by extensions ['colcon_meta']
[0.302s] Level 1:colcon.colcon_core.package_identification:_identify(src/py_package) by extension 'colcon_meta'
[0.302s] Level 1:colcon.colcon_core.package_identification:_identify(src/py_package) by extensions ['ros']
[0.302s] Level 1:colcon.colcon_core.package_identification:_identify(src/py_package) by extension 'ros'
[0.303s] DEBUG:colcon.colcon_core.package_identification:Package 'src/py_package' with type 'ros.ament_python' and name 'py_package'
[0.303s] Level 1:colcon.colcon_core.package_discovery:discover_packages(recursive) using defaults
[0.303s] Level 1:colcon.colcon_core.package_discovery:discover_packages(ignore) discover
[0.303s] Level 1:colcon.colcon_core.package_discovery:discover_packages(ignore) using defaults
[0.303s] Level 1:colcon.colcon_core.package_discovery:discover_packages(path) discover
[0.303s] Level 1:colcon.colcon_core.package_discovery:discover_packages(path) using defaults
[0.332s] Level 1:colcon.colcon_core.package_discovery:discover_packages(prefix_path) check parameters
[0.332s] Level 1:colcon.colcon_core.package_discovery:discover_packages(prefix_path) discover
[0.337s] DEBUG:colcon.colcon_installed_package_information.package_discovery:Found 3 installed packages in /home/mobin/auriga_ros2_tasks/install
[0.339s] DEBUG:colcon.colcon_installed_package_information.package_discovery:Found 25 installed packages in /home/mobin/ros2_example/install
[0.340s] DEBUG:colcon.colcon_installed_package_information.package_discovery:Found 11 installed packages in /home/mobin/ros2_ws/install
[0.344s] DEBUG:colcon.colcon_installed_package_information.package_discovery:Found 477 installed packages in /opt/ros/jazzy
[0.349s] Level 1:colcon.colcon_core.package_discovery:discover_packages(prefix_path) using defaults
[0.456s] Level 5:colcon.colcon_core.verb:set package 'interfaces' build argument 'cmake_args' from command line to 'None'
[0.456s] Level 5:colcon.colcon_core.verb:set package 'interfaces' build argument 'cmake_target' from command line to 'None'
[0.456s] Level 5:colcon.colcon_core.verb:set package 'interfaces' build argument 'cmake_target_skip_unavailable' from command line to 'False'
[0.456s] Level 5:colcon.colcon_core.verb:set package 'interfaces' build argument 'cmake_clean_cache' from command line to 'False'
[0.456s] Level 5:colcon.colcon_core.verb:set package 'interfaces' build argument 'cmake_clean_first' from command line to 'False'
[0.456s] Level 5:colcon.colcon_core.verb:set package 'interfaces' build argument 'cmake_force_configure' from command line to 'False'
[0.456s] Level 5:colcon.colcon_core.verb:set package 'interfaces' build argument 'ament_cmake_args' from command line to 'None'
[0.456s] Level 5:colcon.colcon_core.verb:set package 'interfaces' build argument 'catkin_cmake_args' from command line to 'None'
[0.456s] Level 5:colcon.colcon_core.verb:set package 'interfaces' build argument 'catkin_skip_building_tests' from command line to 'False'
[0.456s] DEBUG:colcon.colcon_core.verb:Building package 'interfaces' with the following arguments: {'ament_cmake_args': None, 'build_base': '/home/mobin/auriga_ros2_tasks/build/interfaces', 'catkin_cmake_args': None, 'catkin_skip_building_tests': False, 'cmake_args': None, 'cmake_clean_cache': False, 'cmake_clean_first': False, 'cmake_force_configure': False, 'cmake_target': None, 'cmake_target_skip_unavailable': False, 'install_base': '/home/mobin/auriga_ros2_tasks/install/interfaces', 'merge_install': False, 'path': '/home/mobin/auriga_ros2_tasks/src/interfaces', 'symlink_install': False, 'test_result_base': None}
[0.456s] Level 5:colcon.colcon_core.verb:set package 'cpp_package' build argument 'cmake_args' from command line to 'None'
[0.457s] Level 5:colcon.colcon_core.verb:set package 'cpp_package' build argument 'cmake_target' from command line to 'None'
[0.457s] Level 5:colcon.colcon_core.verb:set package 'cpp_package' build argument 'cmake_target_skip_unavailable' from command line to 'False'
[0.457s] Level 5:colcon.colcon_core.verb:set package 'cpp_package' build argument 'cmake_clean_cache' from command line to 'False'
[0.457s] Level 5:colcon.colcon_core.verb:set package 'cpp_package' build argument 'cmake_clean_first' from command line to 'False'
[0.457s] Level 5:colcon.colcon_core.verb:set package 'cpp_package' build argument 'cmake_force_configure' from command line to 'False'
[0.457s] Level 5:colcon.colcon_core.verb:set package 'cpp_package' build argument 'ament_cmake_args' from command line to 'None'
[0.457s] Level 5:colcon.colcon_core.verb:set package 'cpp_package' build argument 'catkin_cmake_args' from command line to 'None'
[0.457s] Level 5:colcon.colcon_core.verb:set package 'cpp_package' build argument 'catkin_skip_building_tests' from command line to 'False'
[0.457s] DEBUG:colcon.colcon_core.verb:Building package 'cpp_package' with the following arguments: {'ament_cmake_args': None, 'build_base': '/home/mobin/auriga_ros2_tasks/build/cpp_package', 'catkin_cmake_args': None, 'catkin_skip_building_tests': False, 'cmake_args': None, 'cmake_clean_cache': False, 'cmake_clean_first': False, 'cmake_force_configure': False, 'cmake_target': None, 'cmake_target_skip_unavailable': False, 'install_base': '/home/mobin/auriga_ros2_tasks/install/cpp_package', 'merge_install': False, 'path': '/home/mobin/auriga_ros2_tasks/src/cpp_package', 'symlink_install': False, 'test_result_base': None}
[0.457s] Level 5:colcon.colcon_core.verb:set package 'py_package' build argument 'cmake_args' from command line to 'None'
[0.457s] Level 5:colcon.colcon_core.verb:set package 'py_package' build argument 'cmake_target' from command line to 'None'
[0.457s] Level 5:colcon.colcon_core.verb:set package 'py_package' build argument 'cmake_target_skip_unavailable' from command line to 'False'
[0.457s] Level 5:colcon.colcon_core.verb:set package 'py_package' build argument 'cmake_clean_cache' from command line to 'False'
[0.457s] Level 5:colcon.colcon_core.verb:set package 'py_package' build argument 'cmake_clean_first' from command line to 'False'
[0.457s] Level 5:colcon.colcon_core.verb:set package 'py_package' build argument 'cmake_force_configure' from command line to 'False'
[0.457s] Level 5:colcon.colcon_core.verb:set package 'py_package' build argument 'ament_cmake_args' from command line to 'None'
[0.457s] Level 5:colcon.colcon_core.verb:set package 'py_package' build argument 'catkin_cmake_args' from command line to 'None'
[0.457s] Level 5:colcon.colcon_core.verb:set package 'py_package' build argument 'catkin_skip_building_tests' from command line to 'False'
[0.458s] DEBUG:colcon.colcon_core.verb:Building package 'py_package' with the following arguments: {'ament_cmake_args': None, 'build_base': '/home/mobin/auriga_ros2_tasks/build/py_package', 'catkin_cmake_args': None, 'catkin_skip_building_tests': False, 'cmake_args': None, 'cmake_clean_cache': False, 'cmake_clean_first': False, 'cmake_force_configure': False, 'cmake_target': None, 'cmake_target_skip_unavailable': False, 'install_base': '/home/mobin/auriga_ros2_tasks/install/py_package', 'merge_install': False, 'path': '/home/mobin/auriga_ros2_tasks/src/py_package', 'symlink_install': False, 'test_result_base': None}
[0.458s] INFO:colcon.colcon_core.executor:Executing jobs using 'parallel' executor
[0.459s] DEBUG:colcon.colcon_parallel_executor.executor.parallel:run_until_complete
[0.459s] INFO:colcon.colcon_ros.task.ament_cmake.build:Building ROS package in '/home/mobin/auriga_ros2_tasks/src/interfaces' with build type 'ament_cmake'
[0.459s] INFO:colcon.colcon_cmake.task.cmake.build:Building CMake package in '/home/mobin/auriga_ros2_tasks/src/interfaces'
[0.463s] INFO:colcon.colcon_core.plugin_system:Skipping extension 'colcon_core.shell.bat': Not used on non-Windows systems
[0.463s] INFO:colcon.colcon_core.shell:Skip shell extension 'powershell' for command environment: Not usable outside of PowerShell
[0.463s] DEBUG:colcon.colcon_core.shell:Skip shell extension 'dsv' for command environment
[0.487s] DEBUG:colcon.colcon_core.event_handler.log_command:Invoking command in '/home/mobin/auriga_ros2_tasks/build/interfaces': CMAKE_PREFIX_PATH=${CMAKE_PREFIX_PATH}:/home/mobin/auriga_ros2_tasks/install/py_package:/home/mobin/ros2_example/install/py_package:/home/mobin/ros2_example/install/launch_testing_examples:/home/mobin/ros2_example/install/examples_rclpy_pointcloud_publisher:/home/mobin/ros2_example/install/examples_rclpy_minimal_subscriber:/home/mobin/ros2_example/install/examples_rclpy_minimal_service:/home/mobin/ros2_example/install/examples_rclpy_minimal_publisher:/home/mobin/ros2_example/install/examples_rclpy_minimal_client:/home/mobin/ros2_example/install/examples_rclpy_minimal_action_server:/home/mobin/ros2_example/install/examples_rclpy_minimal_action_client:/home/mobin/ros2_example/install/examples_rclpy_guard_conditions:/home/mobin/ros2_example/install/examples_rclpy_executors:/home/mobin/ros2_ws/install/rqt_joint_trajectory_controller:/home/mobin/ros2_ws/install/ros2_controllers_test_nodes:/opt/ros/jazzy DEBUGINFOD_URLS=https://debuginfod.ubuntu.com /usr/bin/cmake --build /home/mobin/auriga_ros2_tasks/build/interfaces -- -j16 -l16
[6.199s] DEBUG:colcon.colcon_core.event_handler.log_command:Invoked command in '/home/mobin/auriga_ros2_tasks/build/interfaces' returned '0': CMAKE_PREFIX_PATH=${CMAKE_PREFIX_PATH}:/home/mobin/auriga_ros2_tasks/install/py_package:/home/mobin/ros2_example/install/py_package:/home/mobin/ros2_example/install/launch_testing_examples:/home/mobin/ros2_example/install/examples_rclpy_pointcloud_publisher:/home/mobin/ros2_example/install/examples_rclpy_minimal_subscriber:/home/mobin/ros2_example/install/examples_rclpy_minimal_service:/home/mobin/ros2_example/install/examples_rclpy_minimal_publisher:/home/mobin/ros2_example/install/examples_rclpy_minimal_client:/home/mobin/ros2_example/install/examples_rclpy_minimal_action_server:/home/mobin/ros2_example/install/examples_rclpy_minimal_action_client:/home/mobin/ros2_example/install/examples_rclpy_guard_conditions:/home/mobin/ros2_example/install/examples_rclpy_executors:/home/mobin/ros2_ws/install/rqt_joint_trajectory_controller:/home/mobin/ros2_ws/install/ros2_controllers_test_nodes:/opt/ros/jazzy DEBUGINFOD_URLS=https://debuginfod.ubuntu.com /usr/bin/cmake --build /home/mobin/auriga_ros2_tasks/build/interfaces -- -j16 -l16
[6.223s] DEBUG:colcon.colcon_core.event_handler.log_command:Invoking command in '/home/mobin/auriga_ros2_tasks/build/interfaces': CMAKE_PREFIX_PATH=${CMAKE_PREFIX_PATH}:/home/mobin/auriga_ros2_tasks/install/py_package:/home/mobin/ros2_example/install/py_package:/home/mobin/ros2_example/install/launch_testing_examples:/home/mobin/ros2_example/install/examples_rclpy_pointcloud_publisher:/home/mobin/ros2_example/install/examples_rclpy_minimal_subscriber:/home/mobin/ros2_example/install/examples_rclpy_minimal_service:/home/mobin/ros2_example/install/examples_rclpy_minimal_publisher:/home/mobin/ros2_example/install/examples_rclpy_minimal_client:/home/mobin/ros2_example/install/examples_rclpy_minimal_action_server:/home/mobin/ros2_example/install/examples_rclpy_minimal_action_client:/home/mobin/ros2_example/install/examples_rclpy_guard_conditions:/home/mobin/ros2_example/install/examples_rclpy_executors:/home/mobin/ros2_ws/install/rqt_joint_trajectory_controller:/home/mobin/ros2_ws/install/ros2_controllers_test_nodes:/opt/ros/jazzy DEBUGINFOD_URLS=https://debuginfod.ubuntu.com /usr/bin/cmake --install /home/mobin/auriga_ros2_tasks/build/interfaces
[6.360s] Level 1:colcon.colcon_core.environment:create_environment_scripts_only(interfaces)
[6.361s] DEBUG:colcon.colcon_core.event_handler.log_command:Invoked command in '/home/mobin/auriga_ros2_tasks/build/interfaces' returned '0': CMAKE_PREFIX_PATH=${CMAKE_PREFIX_PATH}:/home/mobin/auriga_ros2_tasks/install/py_package:/home/mobin/ros2_example/install/py_package:/home/mobin/ros2_example/install/launch_testing_examples:/home/mobin/ros2_example/install/examples_rclpy_pointcloud_publisher:/home/mobin/ros2_example/install/examples_rclpy_minimal_subscriber:/home/mobin/ros2_example/install/examples_rclpy_minimal_service:/home/mobin/ros2_example/install/examples_rclpy_minimal_publisher:/home/mobin/ros2_example/install/examples_rclpy_minimal_client:/home/mobin/ros2_example/install/examples_rclpy_minimal_action_server:/home/mobin/ros2_example/install/examples_rclpy_minimal_action_client:/home/mobin/ros2_example/install/examples_rclpy_guard_conditions:/home/mobin/ros2_example/install/examples_rclpy_executors:/home/mobin/ros2_ws/install/rqt_joint_trajectory_controller:/home/mobin/ros2_ws/install/ros2_controllers_test_nodes:/opt/ros/jazzy DEBUGINFOD_URLS=https://debuginfod.ubuntu.com /usr/bin/cmake --install /home/mobin/auriga_ros2_tasks/build/interfaces
[6.365s] Level 1:colcon.colcon_core.environment:checking '/home/mobin/auriga_ros2_tasks/install/interfaces' for CMake module files
[6.366s] Level 1:colcon.colcon_core.environment:checking '/home/mobin/auriga_ros2_tasks/install/interfaces' for CMake config files
[6.367s] Level 1:colcon.colcon_core.shell:create_environment_hook('interfaces', 'cmake_prefix_path')
[6.367s] INFO:colcon.colcon_core.shell:Creating environment hook '/home/mobin/auriga_ros2_tasks/install/interfaces/share/interfaces/hook/cmake_prefix_path.ps1'
[6.368s] INFO:colcon.colcon_core.shell:Creating environment descriptor '/home/mobin/auriga_ros2_tasks/install/interfaces/share/interfaces/hook/cmake_prefix_path.dsv'
[6.368s] INFO:colcon.colcon_core.shell:Creating environment hook '/home/mobin/auriga_ros2_tasks/install/interfaces/share/interfaces/hook/cmake_prefix_path.sh'
[6.370s] Level 1:colcon.colcon_core.environment:checking '/home/mobin/auriga_ros2_tasks/install/interfaces/lib'
[6.370s] Level 1:colcon.colcon_core.shell:create_environment_hook('interfaces', 'ld_library_path_lib')
[6.370s] INFO:colcon.colcon_core.shell:Creating environment hook '/home/mobin/auriga_ros2_tasks/install/interfaces/share/interfaces/hook/ld_library_path_lib.ps1'
[6.371s] INFO:colcon.colcon_core.shell:Creating environment descriptor '/home/mobin/auriga_ros2_tasks/install/interfaces/share/interfaces/hook/ld_library_path_lib.dsv'
[6.371s] INFO:colcon.colcon_core.shell:Creating environment hook '/home/mobin/auriga_ros2_tasks/install/interfaces/share/interfaces/hook/ld_library_path_lib.sh'
[6.372s] Level 1:colcon.colcon_core.environment:checking '/home/mobin/auriga_ros2_tasks/install/interfaces/bin'
[6.372s] Level 1:colcon.colcon_core.environment:checking '/home/mobin/auriga_ros2_tasks/install/interfaces/lib/pkgconfig/interfaces.pc'
[6.372s] Level 1:colcon.colcon_core.environment:checking '/home/mobin/auriga_ros2_tasks/install/interfaces/lib/python3.12/site-packages'
[6.372s] Level 1:colcon.colcon_core.shell:create_environment_hook('interfaces', 'pythonpath')
[6.373s] INFO:colcon.colcon_core.shell:Creating environment hook '/home/mobin/auriga_ros2_tasks/install/interfaces/share/interfaces/hook/pythonpath.ps1'
[6.373s] INFO:colcon.colcon_core.shell:Creating environment descriptor '/home/mobin/auriga_ros2_tasks/install/interfaces/share/interfaces/hook/pythonpath.dsv'
[6.374s] INFO:colcon.colcon_core.shell:Creating environment hook '/home/mobin/auriga_ros2_tasks/install/interfaces/share/interfaces/hook/pythonpath.sh'
[6.374s] Level 1:colcon.colcon_core.environment:checking '/home/mobin/auriga_ros2_tasks/install/interfaces/bin'
[6.375s] INFO:colcon.colcon_core.shell:Creating package script '/home/mobin/auriga_ros2_tasks/install/interfaces/share/interfaces/package.ps1'
[6.376s] INFO:colcon.colcon_core.shell:Creating package descriptor '/home/mobin/auriga_ros2_tasks/install/interfaces/share/interfaces/package.dsv'
[6.377s] INFO:colcon.colcon_core.shell:Creating package script '/home/mobin/auriga_ros2_tasks/install/interfaces/share/interfaces/package.sh'
[6.378s] INFO:colcon.colcon_core.shell:Creating package script '/home/mobin/auriga_ros2_tasks/install/interfaces/share/interfaces/package.bash'
[6.379s] INFO:colcon.colcon_core.shell:Creating package script '/home/mobin/auriga_ros2_tasks/install/interfaces/share/interfaces/package.zsh'
[6.380s] Level 1:colcon.colcon_core.environment:create_file_with_runtime_dependencies(/home/mobin/auriga_ros2_tasks/install/interfaces/share/colcon-core/packages/interfaces)
[6.381s] Level 1:colcon.colcon_core.environment:create_environment_scripts_only(interfaces)
[6.381s] Level 1:colcon.colcon_core.environment:checking '/home/mobin/auriga_ros2_tasks/install/interfaces' for CMake module files
[6.382s] Level 1:colcon.colcon_core.environment:checking '/home/mobin/auriga_ros2_tasks/install/interfaces' for CMake config files
[6.383s] Level 1:colcon.colcon_core.shell:create_environment_hook('interfaces', 'cmake_prefix_path')
[6.383s] INFO:colcon.colcon_core.shell:Creating environment hook '/home/mobin/auriga_ros2_tasks/install/interfaces/share/interfaces/hook/cmake_prefix_path.ps1'
[6.384s] INFO:colcon.colcon_core.shell:Creating environment descriptor '/home/mobin/auriga_ros2_tasks/install/interfaces/share/interfaces/hook/cmake_prefix_path.dsv'
[6.384s] INFO:colcon.colcon_core.shell:Creating environment hook '/home/mobin/auriga_ros2_tasks/install/interfaces/share/interfaces/hook/cmake_prefix_path.sh'
[6.385s] Level 1:colcon.colcon_core.environment:checking '/home/mobin/auriga_ros2_tasks/install/interfaces/lib'
[6.385s] Level 1:colcon.colcon_core.shell:create_environment_hook('interfaces', 'ld_library_path_lib')
[6.386s] INFO:colcon.colcon_core.shell:Creating environment hook '/home/mobin/auriga_ros2_tasks/install/interfaces/share/interfaces/hook/ld_library_path_lib.ps1'
[6.387s] INFO:colcon.colcon_core.shell:Creating environment descriptor '/home/mobin/auriga_ros2_tasks/install/interfaces/share/interfaces/hook/ld_library_path_lib.dsv'
[6.387s] INFO:colcon.colcon_core.shell:Creating environment hook '/home/mobin/auriga_ros2_tasks/install/interfaces/share/interfaces/hook/ld_library_path_lib.sh'
[6.388s] Level 1:colcon.colcon_core.environment:checking '/home/mobin/auriga_ros2_tasks/install/interfaces/bin'
[6.388s] Level 1:colcon.colcon_core.environment:checking '/home/mobin/auriga_ros2_tasks/install/interfaces/lib/pkgconfig/interfaces.pc'
[6.388s] Level 1:colcon.colcon_core.environment:checking '/home/mobin/auriga_ros2_tasks/install/interfaces/lib/python3.12/site-packages'
[6.388s] Level 1:colcon.colcon_core.shell:create_environment_hook('interfaces', 'pythonpath')
[6.389s] INFO:colcon.colcon_core.shell:Creating environment hook '/home/mobin/auriga_ros2_tasks/install/interfaces/share/interfaces/hook/pythonpath.ps1'
[6.389s] INFO:colcon.colcon_core.shell:Creating environment descriptor '/home/mobin/auriga_ros2_tasks/install/interfaces/share/interfaces/hook/pythonpath.dsv'
[6.390s] INFO:colcon.colcon_core.shell:Creating environment hook '/home/mobin/auriga_ros2_tasks/install/interfaces/share/interfaces/hook/pythonpath.sh'
[6.391s] Level 1:colcon.colcon_core.environment:checking '/home/mobin/auriga_ros2_tasks/install/interfaces/bin'
[6.391s] INFO:colcon.colcon_core.shell:Creating package script '/home/mobin/auriga_ros2_tasks/install/interfaces/share/interfaces/package.ps1'
[6.392s] INFO:colcon.colcon_core.shell:Creating package descriptor '/home/mobin/auriga_ros2_tasks/install/interfaces/share/interfaces/package.dsv'
[6.393s] INFO:colcon.colcon_core.shell:Creating package script '/home/mobin/auriga_ros2_tasks/install/interfaces/share/interfaces/package.sh'
[6.393s] INFO:colcon.colcon_core.shell:Creating package script '/home/mobin/auriga_ros2_tasks/install/interfaces/share/interfaces/package.bash'
[6.394s] INFO:colcon.colcon_core.shell:Creating package script '/home/mobin/auriga_ros2_tasks/install/interfaces/share/interfaces/package.zsh'
[6.394s] Level 1:colcon.colcon_core.environment:create_file_with_runtime_dependencies(/home/mobin/auriga_ros2_tasks/install/interfaces/share/colcon-core/packages/interfaces)
[6.395s] INFO:colcon.colcon_ros.task.ament_cmake.build:Building ROS package in '/home/mobin/auriga_ros2_tasks/src/cpp_package' with build type 'ament_cmake'
[6.395s] INFO:colcon.colcon_cmake.task.cmake.build:Building CMake package in '/home/mobin/auriga_ros2_tasks/src/cpp_package'
[6.395s] INFO:colcon.colcon_core.shell:Skip shell extension 'powershell' for command environment: Not usable outside of PowerShell
[6.395s] DEBUG:colcon.colcon_core.shell:Skip shell extension 'dsv' for command environment
[6.408s] INFO:colcon.colcon_ros.task.ament_python.build:Building ROS package in '/home/mobin/auriga_ros2_tasks/src/py_package' with build type 'ament_python'
[6.408s] Level 1:colcon.colcon_core.shell:create_environment_hook('py_package', 'ament_prefix_path')
[6.408s] INFO:colcon.colcon_core.shell:Creating environment hook '/home/mobin/auriga_ros2_tasks/install/py_package/share/py_package/hook/ament_prefix_path.ps1'
[6.409s] INFO:colcon.colcon_core.shell:Creating environment descriptor '/home/mobin/auriga_ros2_tasks/install/py_package/share/py_package/hook/ament_prefix_path.dsv'
[6.410s] INFO:colcon.colcon_core.shell:Creating environment hook '/home/mobin/auriga_ros2_tasks/install/py_package/share/py_package/hook/ament_prefix_path.sh'
[6.410s] INFO:colcon.colcon_core.shell:Skip shell extension 'powershell' for command environment: Not usable outside of PowerShell
[6.410s] DEBUG:colcon.colcon_core.shell:Skip shell extension 'dsv' for command environment
[6.428s] DEBUG:colcon.colcon_core.event_handler.log_command:Invoking command in '/home/mobin/auriga_ros2_tasks/build/cpp_package': CMAKE_PREFIX_PATH=/home/mobin/auriga_ros2_tasks/install/interfaces:/home/mobin/auriga_ros2_tasks/install/cpp_package:/home/mobin/ros2_example/install/turtlesim:/home/mobin/ros2_example/install/examples_rclcpp_wait_set:/home/mobin/ros2_example/install/examples_rclcpp_multithreaded_executor:/home/mobin/ros2_example/install/examples_rclcpp_minimal_timer:/home/mobin/ros2_example/install/examples_rclcpp_minimal_subscriber:/home/mobin/ros2_example/install/examples_rclcpp_minimal_service:/home/mobin/ros2_example/install/examples_rclcpp_minimal_publisher:/home/mobin/ros2_example/install/examples_rclcpp_minimal_composition:/home/mobin/ros2_example/install/examples_rclcpp_minimal_client:/home/mobin/ros2_example/install/examples_rclcpp_minimal_action_server:/home/mobin/ros2_example/install/examples_rclcpp_minimal_action_client:/home/mobin/ros2_example/install/examples_rclcpp_cbg_executor:/home/mobin/ros2_example/install/examples_rclcpp_async_client:/home/mobin/ros2_example/install/cpp_package:/home/mobin/ros2_ws/install/ros2_control_test_assets:/home/mobin/ros2_ws/install/ros2_control_demo_description:/home/mobin/ros2_ws/install/joint_limits:/home/mobin/ros2_ws/install/realtime_tools:/home/mobin/ros2_ws/install/kinematics_interface_kdl:/home/mobin/ros2_ws/install/kinematics_interface:/home/mobin/ros2_ws/install/controller_manager_msgs:/home/mobin/ros2_ws/install/control_msgs:/opt/ros/jazzy/opt/gz_sim_vendor:/opt/ros/jazzy/opt/gz_sensors_vendor:/opt/ros/jazzy/opt/gz_physics_vendor:/opt/ros/jazzy/opt/sdformat_vendor:/opt/ros/jazzy/opt/gz_gui_vendor:/opt/ros/jazzy/opt/gz_transport_vendor:/opt/ros/jazzy/opt/gz_rendering_vendor:/opt/ros/jazzy/opt/gz_plugin_vendor:/opt/ros/jazzy/opt/gz_fuel_tools_vendor:/opt/ros/jazzy/opt/gz_msgs_vendor:/opt/ros/jazzy/opt/gz_common_vendor:/opt/ros/jazzy/opt/gz_math_vendor:/opt/ros/jazzy/opt/gz_utils_vendor:/opt/ros/jazzy/opt/gz_tools_vendor:/opt/ros/jazzy/opt/gz_ogre_next_vendor:/opt/ros/jazzy/opt/gz_dartsim_vendor:/opt/ros/jazzy/opt/gz_cmake_vendor:/home/mobin/auriga_ros2_tasks/install/py_package:/home/mobin/ros2_example/install/py_package:/home/mobin/ros2_example/install/launch_testing_examples:/home/mobin/ros2_example/install/examples_rclpy_pointcloud_publisher:/home/mobin/ros2_example/install/examples_rclpy_minimal_subscriber:/home/mobin/ros2_example/install/examples_rclpy_minimal_service:/home/mobin/ros2_example/install/examples_rclpy_minimal_publisher:/home/mobin/ros2_example/install/examples_rclpy_minimal_client:/home/mobin/ros2_example/install/examples_rclpy_minimal_action_server:/home/mobin/ros2_example/install/examples_rclpy_minimal_action_client:/home/mobin/ros2_example/install/examples_rclpy_guard_conditions:/home/mobin/ros2_example/install/examples_rclpy_executors:/home/mobin/ros2_ws/install/rqt_joint_trajectory_controller:/home/mobin/ros2_ws/install/ros2_controllers_test_nodes:/opt/ros/jazzy DEBUGINFOD_URLS=https://debuginfod.ubuntu.com PYTHONPATH=/home/mobin/auriga_ros2_tasks/install/interfaces/lib/python3.12/site-packages:/home/mobin/auriga_ros2_tasks/install/py_package/lib/python3.12/site-packages:/home/mobin/ros2_example/install/turtlesim/lib/python3.12/site-packages:/home/mobin/ros2_example/install/py_package/lib/python3.12/site-packages:/home/mobin/ros2_example/install/launch_testing_examples/lib/python3.12/site-packages:/home/mobin/ros2_example/install/examples_rclpy_pointcloud_publisher/lib/python3.12/site-packages:/home/mobin/ros2_example/install/examples_rclpy_minimal_subscriber/lib/python3.12/site-packages:/home/mobin/ros2_example/install/examples_rclpy_minimal_service/lib/python3.12/site-packages:/home/mobin/ros2_example/install/examples_rclpy_minimal_publisher/lib/python3.12/site-packages:/home/mobin/ros2_example/install/examples_rclpy_minimal_client/lib/python3.12/site-packages:/home/mobin/ros2_example/install/examples_rclpy_minimal_action_server/lib/python3.12/site-packages:/home/mobin/ros2_example/install/examples_rclpy_minimal_action_client/lib/python3.12/site-packages:/home/mobin/ros2_example/install/examples_rclpy_guard_conditions/lib/python3.12/site-packages:/home/mobin/ros2_example/install/examples_rclpy_executors/lib/python3.12/site-packages:/home/mobin/ros2_ws/build/rqt_joint_trajectory_controller:/home/mobin/ros2_ws/install/rqt_joint_trajectory_controller/lib/python3.12/site-packages:/home/mobin/ros2_ws/build/ros2_controllers_test_nodes:/home/mobin/ros2_ws/install/ros2_controllers_test_nodes/lib/python3.12/site-packages:/home/mobin/ros2_ws/install/controller_manager_msgs/lib/python3.12/site-packages:/home/mobin/ros2_ws/install/control_msgs/lib/python3.12/site-packages:/opt/ros/jazzy/lib/python3.12/site-packages /usr/bin/cmake --build /home/mobin/auriga_ros2_tasks/build/cpp_package -- -j16 -l16
[6.847s] INFO:colcon.colcon_core.task.python.build:Building Python package in '/home/mobin/auriga_ros2_tasks/src/py_package'
[6.847s] INFO:colcon.colcon_core.shell:Skip shell extension 'powershell' for command environment: Not usable outside of PowerShell
[6.847s] DEBUG:colcon.colcon_core.shell:Skip shell extension 'dsv' for command environment
[7.974s] DEBUG:colcon.colcon_core.event_handler.log_command:Invoking command in '/home/mobin/auriga_ros2_tasks/src/py_package': CMAKE_PREFIX_PATH=/home/mobin/auriga_ros2_tasks/install/interfaces:/home/mobin/auriga_ros2_tasks/install/cpp_package:/home/mobin/ros2_example/install/turtlesim:/home/mobin/ros2_example/install/examples_rclcpp_wait_set:/home/mobin/ros2_example/install/examples_rclcpp_multithreaded_executor:/home/mobin/ros2_example/install/examples_rclcpp_minimal_timer:/home/mobin/ros2_example/install/examples_rclcpp_minimal_subscriber:/home/mobin/ros2_example/install/examples_rclcpp_minimal_service:/home/mobin/ros2_example/install/examples_rclcpp_minimal_publisher:/home/mobin/ros2_example/install/examples_rclcpp_minimal_composition:/home/mobin/ros2_example/install/examples_rclcpp_minimal_client:/home/mobin/ros2_example/install/examples_rclcpp_minimal_action_server:/home/mobin/ros2_example/install/examples_rclcpp_minimal_action_client:/home/mobin/ros2_example/install/examples_rclcpp_cbg_executor:/home/mobin/ros2_example/install/examples_rclcpp_async_client:/home/mobin/ros2_example/install/cpp_package:/home/mobin/ros2_ws/install/ros2_control_test_assets:/home/mobin/ros2_ws/install/ros2_control_demo_description:/home/mobin/ros2_ws/install/joint_limits:/home/mobin/ros2_ws/install/realtime_tools:/home/mobin/ros2_ws/install/kinematics_interface_kdl:/home/mobin/ros2_ws/install/kinematics_interface:/home/mobin/ros2_ws/install/controller_manager_msgs:/home/mobin/ros2_ws/install/control_msgs:/opt/ros/jazzy/opt/gz_sim_vendor:/opt/ros/jazzy/opt/gz_sensors_vendor:/opt/ros/jazzy/opt/gz_physics_vendor:/opt/ros/jazzy/opt/sdformat_vendor:/opt/ros/jazzy/opt/gz_gui_vendor:/opt/ros/jazzy/opt/gz_transport_vendor:/opt/ros/jazzy/opt/gz_rendering_vendor:/opt/ros/jazzy/opt/gz_plugin_vendor:/opt/ros/jazzy/opt/gz_fuel_tools_vendor:/opt/ros/jazzy/opt/gz_msgs_vendor:/opt/ros/jazzy/opt/gz_common_vendor:/opt/ros/jazzy/opt/gz_math_vendor:/opt/ros/jazzy/opt/gz_utils_vendor:/opt/ros/jazzy/opt/gz_tools_vendor:/opt/ros/jazzy/opt/gz_ogre_next_vendor:/opt/ros/jazzy/opt/gz_dartsim_vendor:/opt/ros/jazzy/opt/gz_cmake_vendor DEBUGINFOD_URLS=https://debuginfod.ubuntu.com PYTHONPATH=/home/mobin/auriga_ros2_tasks/build/py_package/prefix_override:/usr/lib/python3/dist-packages/colcon_core/task/python/colcon_distutils_commands:/home/mobin/auriga_ros2_tasks/install/py_package/lib/python3.12/site-packages:/home/mobin/auriga_ros2_tasks/install/interfaces/lib/python3.12/site-packages:/home/mobin/auriga_ros2_tasks/install/py_package/lib/python3.12/site-packages:/home/mobin/ros2_example/install/turtlesim/lib/python3.12/site-packages:/home/mobin/ros2_example/install/py_package/lib/python3.12/site-packages:/home/mobin/ros2_example/install/launch_testing_examples/lib/python3.12/site-packages:/home/mobin/ros2_example/install/examples_rclpy_pointcloud_publisher/lib/python3.12/site-packages:/home/mobin/ros2_example/install/examples_rclpy_minimal_subscriber/lib/python3.12/site-packages:/home/mobin/ros2_example/install/examples_rclpy_minimal_service/lib/python3.12/site-packages:/home/mobin/ros2_example/install/examples_rclpy_minimal_publisher/lib/python3.12/site-packages:/home/mobin/ros2_example/install/examples_rclpy_minimal_client/lib/python3.12/site-packages:/home/mobin/ros2_example/install/examples_rclpy_minimal_action_server/lib/python3.12/site-packages:/home/mobin/ros2_example/install/examples_rclpy_minimal_action_client/lib/python3.12/site-packages:/home/mobin/ros2_example/install/examples_rclpy_guard_conditions/lib/python3.12/site-packages:/home/mobin/ros2_example/install/examples_rclpy_executors/lib/python3.12/site-packages:/home/mobin/ros2_ws/build/rqt_joint_trajectory_controller:/home/mobin/ros2_ws/install/rqt_joint_trajectory_controller/lib/python3.12/site-packages:/home/mobin/ros2_ws/build/ros2_controllers_test_nodes:/home/mobin/ros2_ws/install/ros2_controllers_test_nodes/lib/python3.12/site-packages:/home/mobin/ros2_ws/install/controller_manager_msgs/lib/python3.12/site-packages:/home/mobin/ros2_ws/install/control_msgs/lib/python3.12/site-packages:/opt/ros/jazzy/lib/python3.12/site-packages /usr/bin/python3 -W ignore:setup.py install is deprecated -W ignore:easy_install command is deprecated setup.py egg_info --egg-base ../../build/py_package build --build-base /home/mobin/auriga_ros2_tasks/build/py_package/build install --record /home/mobin/auriga_ros2_tasks/build/py_package/install.log --single-version-externally-managed install_data
[9.016s] Level 1:colcon.colcon_core.environment:checking '/home/mobin/auriga_ros2_tasks/install/py_package' for CMake module files
[9.017s] DEBUG:colcon.colcon_core.event_handler.log_command:Invoked command in '/home/mobin/auriga_ros2_tasks/src/py_package' returned '0': CMAKE_PREFIX_PATH=/home/mobin/auriga_ros2_tasks/install/interfaces:/home/mobin/auriga_ros2_tasks/install/cpp_package:/home/mobin/ros2_example/install/turtlesim:/home/mobin/ros2_example/install/examples_rclcpp_wait_set:/home/mobin/ros2_example/install/examples_rclcpp_multithreaded_executor:/home/mobin/ros2_example/install/examples_rclcpp_minimal_timer:/home/mobin/ros2_example/install/examples_rclcpp_minimal_subscriber:/home/mobin/ros2_example/install/examples_rclcpp_minimal_service:/home/mobin/ros2_example/install/examples_rclcpp_minimal_publisher:/home/mobin/ros2_example/install/examples_rclcpp_minimal_composition:/home/mobin/ros2_example/install/examples_rclcpp_minimal_client:/home/mobin/ros2_example/install/examples_rclcpp_minimal_action_server:/home/mobin/ros2_example/install/examples_rclcpp_minimal_action_client:/home/mobin/ros2_example/install/examples_rclcpp_cbg_executor:/home/mobin/ros2_example/install/examples_rclcpp_async_client:/home/mobin/ros2_example/install/cpp_package:/home/mobin/ros2_ws/install/ros2_control_test_assets:/home/mobin/ros2_ws/install/ros2_control_demo_description:/home/mobin/ros2_ws/install/joint_limits:/home/mobin/ros2_ws/install/realtime_tools:/home/mobin/ros2_ws/install/kinematics_interface_kdl:/home/mobin/ros2_ws/install/kinematics_interface:/home/mobin/ros2_ws/install/controller_manager_msgs:/home/mobin/ros2_ws/install/control_msgs:/opt/ros/jazzy/opt/gz_sim_vendor:/opt/ros/jazzy/opt/gz_sensors_vendor:/opt/ros/jazzy/opt/gz_physics_vendor:/opt/ros/jazzy/opt/sdformat_vendor:/opt/ros/jazzy/opt/gz_gui_vendor:/opt/ros/jazzy/opt/gz_transport_vendor:/opt/ros/jazzy/opt/gz_rendering_vendor:/opt/ros/jazzy/opt/gz_plugin_vendor:/opt/ros/jazzy/opt/gz_fuel_tools_vendor:/opt/ros/jazzy/opt/gz_msgs_vendor:/opt/ros/jazzy/opt/gz_common_vendor:/opt/ros/jazzy/opt/gz_math_vendor:/opt/ros/jazzy/opt/gz_utils_vendor:/opt/ros/jazzy/opt/gz_tools_vendor:/opt/ros/jazzy/opt/gz_ogre_next_vendor:/opt/ros/jazzy/opt/gz_dartsim_vendor:/opt/ros/jazzy/opt/gz_cmake_vendor DEBUGINFOD_URLS=https://debuginfod.ubuntu.com PYTHONPATH=/home/mobin/auriga_ros2_tasks/build/py_package/prefix_override:/usr/lib/python3/dist-packages/colcon_core/task/python/colcon_distutils_commands:/home/mobin/auriga_ros2_tasks/install/py_package/lib/python3.12/site-packages:/home/mobin/auriga_ros2_tasks/install/interfaces/lib/python3.12/site-packages:/home/mobin/auriga_ros2_tasks/install/py_package/lib/python3.12/site-packages:/home/mobin/ros2_example/install/turtlesim/lib/python3.12/site-packages:/home/mobin/ros2_example/install/py_package/lib/python3.12/site-packages:/home/mobin/ros2_example/install/launch_testing_examples/lib/python3.12/site-packages:/home/mobin/ros2_example/install/examples_rclpy_pointcloud_publisher/lib/python3.12/site-packages:/home/mobin/ros2_example/install/examples_rclpy_minimal_subscriber/lib/python3.12/site-packages:/home/mobin/ros2_example/install/examples_rclpy_minimal_service/lib/python3.12/site-packages:/home/mobin/ros2_example/install/examples_rclpy_minimal_publisher/lib/python3.12/site-packages:/home/mobin/ros2_example/install/examples_rclpy_minimal_client/lib/python3.12/site-packages:/home/mobin/ros2_example/install/examples_rclpy_minimal_action_server/lib/python3.12/site-packages:/home/mobin/ros2_example/install/examples_rclpy_minimal_action_client/lib/python3.12/site-packages:/home/mobin/ros2_example/install/examples_rclpy_guard_conditions/lib/python3.12/site-packages:/home/mobin/ros2_example/install/examples_rclpy_executors/lib/python3.12/site-packages:/home/mobin/ros2_ws/build/rqt_joint_trajectory_controller:/home/mobin/ros2_ws/install/rqt_joint_trajectory_controller/lib/python3.12/site-packages:/home/mobin/ros2_ws/build/ros2_controllers_test_nodes:/home/mobin/ros2_ws/install/ros2_controllers_test_nodes/lib/python3.12/site-packages:/home/mobin/ros2_ws/install/controller_manager_msgs/lib/python3.12/site-packages:/home/mobin/ros2_ws/install/control_msgs/lib/python3.12/site-packages:/opt/ros/jazzy/lib/python3.12/site-packages /usr/bin/python3 -W ignore:setup.py install is deprecated -W ignore:easy_install command is deprecated setup.py egg_info --egg-base ../../build/py_package build --build-base /home/mobin/auriga_ros2_tasks/build/py_package/build install --record /home/mobin/auriga_ros2_tasks/build/py_package/install.log --single-version-externally-managed install_data
[9.017s] Level 1:colcon.colcon_core.environment:checking '/home/mobin/auriga_ros2_tasks/install/py_package' for CMake config files
[9.018s] Level 1:colcon.colcon_core.environment:checking '/home/mobin/auriga_ros2_tasks/install/py_package/lib'
[9.018s] Level 1:colcon.colcon_core.environment:checking '/home/mobin/auriga_ros2_tasks/install/py_package/bin'
[9.018s] Level 1:colcon.colcon_core.environment:checking '/home/mobin/auriga_ros2_tasks/install/py_package/lib/pkgconfig/py_package.pc'
[9.019s] Level 1:colcon.colcon_core.environment:checking '/home/mobin/auriga_ros2_tasks/install/py_package/lib/python3.12/site-packages'
[9.019s] Level 1:colcon.colcon_core.shell:create_environment_hook('py_package', 'pythonpath')
[9.019s] INFO:colcon.colcon_core.shell:Creating environment hook '/home/mobin/auriga_ros2_tasks/install/py_package/share/py_package/hook/pythonpath.ps1'
[9.020s] INFO:colcon.colcon_core.shell:Creating environment descriptor '/home/mobin/auriga_ros2_tasks/install/py_package/share/py_package/hook/pythonpath.dsv'
[9.020s] INFO:colcon.colcon_core.shell:Creating environment hook '/home/mobin/auriga_ros2_tasks/install/py_package/share/py_package/hook/pythonpath.sh'
[9.021s] Level 1:colcon.colcon_core.environment:checking '/home/mobin/auriga_ros2_tasks/install/py_package/bin'
[9.021s] Level 1:colcon.colcon_core.environment:create_environment_scripts_only(py_package)
[9.021s] INFO:colcon.colcon_core.shell:Creating package script '/home/mobin/auriga_ros2_tasks/install/py_package/share/py_package/package.ps1'
[9.022s] INFO:colcon.colcon_core.shell:Creating package descriptor '/home/mobin/auriga_ros2_tasks/install/py_package/share/py_package/package.dsv'
[9.023s] INFO:colcon.colcon_core.shell:Creating package script '/home/mobin/auriga_ros2_tasks/install/py_package/share/py_package/package.sh'
[9.023s] INFO:colcon.colcon_core.shell:Creating package script '/home/mobin/auriga_ros2_tasks/install/py_package/share/py_package/package.bash'
[9.024s] INFO:colcon.colcon_core.shell:Creating package script '/home/mobin/auriga_ros2_tasks/install/py_package/share/py_package/package.zsh'
[9.024s] Level 1:colcon.colcon_core.environment:create_file_with_runtime_dependencies(/home/mobin/auriga_ros2_tasks/install/py_package/share/colcon-core/packages/py_package)
[16.361s] DEBUG:colcon.colcon_core.event_handler.log_command:Invoked command in '/home/mobin/auriga_ros2_tasks/build/cpp_package' returned '0': CMAKE_PREFIX_PATH=/home/mobin/auriga_ros2_tasks/install/interfaces:/home/mobin/auriga_ros2_tasks/install/cpp_package:/home/mobin/ros2_example/install/turtlesim:/home/mobin/ros2_example/install/examples_rclcpp_wait_set:/home/mobin/ros2_example/install/examples_rclcpp_multithreaded_executor:/home/mobin/ros2_example/install/examples_rclcpp_minimal_timer:/home/mobin/ros2_example/install/examples_rclcpp_minimal_subscriber:/home/mobin/ros2_example/install/examples_rclcpp_minimal_service:/home/mobin/ros2_example/install/examples_rclcpp_minimal_publisher:/home/mobin/ros2_example/install/examples_rclcpp_minimal_composition:/home/mobin/ros2_example/install/examples_rclcpp_minimal_client:/home/mobin/ros2_example/install/examples_rclcpp_minimal_action_server:/home/mobin/ros2_example/install/examples_rclcpp_minimal_action_client:/home/mobin/ros2_example/install/examples_rclcpp_cbg_executor:/home/mobin/ros2_example/install/examples_rclcpp_async_client:/home/mobin/ros2_example/install/cpp_package:/home/mobin/ros2_ws/install/ros2_control_test_assets:/home/mobin/ros2_ws/install/ros2_control_demo_description:/home/mobin/ros2_ws/install/joint_limits:/home/mobin/ros2_ws/install/realtime_tools:/home/mobin/ros2_ws/install/kinematics_interface_kdl:/home/mobin/ros2_ws/install/kinematics_interface:/home/mobin/ros2_ws/install/controller_manager_msgs:/home/mobin/ros2_ws/install/control_msgs:/opt/ros/jazzy/opt/gz_sim_vendor:/opt/ros/jazzy/opt/gz_sensors_vendor:/opt/ros/jazzy/opt/gz_physics_vendor:/opt/ros/jazzy/opt/sdformat_vendor:/opt/ros/jazzy/opt/gz_gui_vendor:/opt/ros/jazzy/opt/gz_transport_vendor:/opt/ros/jazzy/opt/gz_rendering_vendor:/opt/ros/jazzy/opt/gz_plugin_vendor:/opt/ros/jazzy/opt/gz_fuel_tools_vendor:/opt/ros/jazzy/opt/gz_msgs_vendor:/opt/ros/jazzy/opt/gz_common_vendor:/opt/ros/jazzy/opt/gz_math_vendor:/opt/ros/jazzy/opt/gz_utils_vendor:/opt/ros/jazzy/opt/gz_tools_vendor:/opt/ros/jazzy/opt/gz_ogre_next_vendor:/opt/ros/jazzy/opt/gz_dartsim_vendor:/opt/ros/jazzy/opt/gz_cmake_vendor:/home/mobin/auriga_ros2_tasks/install/py_package:/home/mobin/ros2_example/install/py_package:/home/mobin/ros2_example/install/launch_testing_examples:/home/mobin/ros2_example/install/examples_rclpy_pointcloud_publisher:/home/mobin/ros2_example/install/examples_rclpy_minimal_subscriber:/home/mobin/ros2_example/install/examples_rclpy_minimal_service:/home/mobin/ros2_example/install/examples_rclpy_minimal_publisher:/home/mobin/ros2_example/install/examples_rclpy_minimal_client:/home/mobin/ros2_example/install/examples_rclpy_minimal_action_server:/home/mobin/ros2_example/install/examples_rclpy_minimal_action_client:/home/mobin/ros2_example/install/examples_rclpy_guard_conditions:/home/mobin/ros2_example/install/examples_rclpy_executors:/home/mobin/ros2_ws/install/rqt_joint_trajectory_controller:/home/mobin/ros2_ws/install/ros2_controllers_test_nodes:/opt/ros/jazzy DEBUGINFOD_URLS=https://debuginfod.ubuntu.com PYTHONPATH=/home/mobin/auriga_ros2_tasks/install/interfaces/lib/python3.12/site-packages:/home/mobin/auriga_ros2_tasks/install/py_package/lib/python3.12/site-packages:/home/mobin/ros2_example/install/turtlesim/lib/python3.12/site-packages:/home/mobin/ros2_example/install/py_package/lib/python3.12/site-packages:/home/mobin/ros2_example/install/launch_testing_examples/lib/python3.12/site-packages:/home/mobin/ros2_example/install/examples_rclpy_pointcloud_publisher/lib/python3.12/site-packages:/home/mobin/ros2_example/install/examples_rclpy_minimal_subscriber/lib/python3.12/site-packages:/home/mobin/ros2_example/install/examples_rclpy_minimal_service/lib/python3.12/site-packages:/home/mobin/ros2_example/install/examples_rclpy_minimal_publisher/lib/python3.12/site-packages:/home/mobin/ros2_example/install/examples_rclpy_minimal_client/lib/python3.12/site-packages:/home/mobin/ros2_example/install/examples_rclpy_minimal_action_server/lib/python3.12/site-packages:/home/mobin/ros2_example/install/examples_rclpy_minimal_action_client/lib/python3.12/site-packages:/home/mobin/ros2_example/install/examples_rclpy_guard_conditions/lib/python3.12/site-packages:/home/mobin/ros2_example/install/examples_rclpy_executors/lib/python3.12/site-packages:/home/mobin/ros2_ws/build/rqt_joint_trajectory_controller:/home/mobin/ros2_ws/install/rqt_joint_trajectory_controller/lib/python3.12/site-packages:/home/mobin/ros2_ws/build/ros2_controllers_test_nodes:/home/mobin/ros2_ws/install/ros2_controllers_test_nodes/lib/python3.12/site-packages:/home/mobin/ros2_ws/install/controller_manager_msgs/lib/python3.12/site-packages:/home/mobin/ros2_ws/install/control_msgs/lib/python3.12/site-packages:/opt/ros/jazzy/lib/python3.12/site-packages /usr/bin/cmake --build /home/mobin/auriga_ros2_tasks/build/cpp_package -- -j16 -l16
[16.362s] DEBUG:colcon.colcon_core.event_handler.log_command:Invoking command in '/home/mobin/auriga_ros2_tasks/build/cpp_package': CMAKE_PREFIX_PATH=/home/mobin/auriga_ros2_tasks/install/interfaces:/home/mobin/auriga_ros2_tasks/install/cpp_package:/home/mobin/ros2_example/install/turtlesim:/home/mobin/ros2_example/install/examples_rclcpp_wait_set:/home/mobin/ros2_example/install/examples_rclcpp_multithreaded_executor:/home/mobin/ros2_example/install/examples_rclcpp_minimal_timer:/home/mobin/ros2_example/install/examples_rclcpp_minimal_subscriber:/home/mobin/ros2_example/install/examples_rclcpp_minimal_service:/home/mobin/ros2_example/install/examples_rclcpp_minimal_publisher:/home/mobin/ros2_example/install/examples_rclcpp_minimal_composition:/home/mobin/ros2_example/install/examples_rclcpp_minimal_client:/home/mobin/ros2_example/install/examples_rclcpp_minimal_action_server:/home/mobin/ros2_example/install/examples_rclcpp_minimal_action_client:/home/mobin/ros2_example/install/examples_rclcpp_cbg_executor:/home/mobin/ros2_example/install/examples_rclcpp_async_client:/home/mobin/ros2_example/install/cpp_package:/home/mobin/ros2_ws/install/ros2_control_test_assets:/home/mobin/ros2_ws/install/ros2_control_demo_description:/home/mobin/ros2_ws/install/joint_limits:/home/mobin/ros2_ws/install/realtime_tools:/home/mobin/ros2_ws/install/kinematics_interface_kdl:/home/mobin/ros2_ws/install/kinematics_interface:/home/mobin/ros2_ws/install/controller_manager_msgs:/home/mobin/ros2_ws/install/control_msgs:/opt/ros/jazzy/opt/gz_sim_vendor:/opt/ros/jazzy/opt/gz_sensors_vendor:/opt/ros/jazzy/opt/gz_physics_vendor:/opt/ros/jazzy/opt/sdformat_vendor:/opt/ros/jazzy/opt/gz_gui_vendor:/opt/ros/jazzy/opt/gz_transport_vendor:/opt/ros/jazzy/opt/gz_rendering_vendor:/opt/ros/jazzy/opt/gz_plugin_vendor:/opt/ros/jazzy/opt/gz_fuel_tools_vendor:/opt/ros/jazzy/opt/gz_msgs_vendor:/opt/ros/jazzy/opt/gz_common_vendor:/opt/ros/jazzy/opt/gz_math_vendor:/opt/ros/jazzy/opt/gz_utils_vendor:/opt/ros/jazzy/opt/gz_tools_vendor:/opt/ros/jazzy/opt/gz_ogre_next_vendor:/opt/ros/jazzy/opt/gz_dartsim_vendor:/opt/ros/jazzy/opt/gz_cmake_vendor:/home/mobin/auriga_ros2_tasks/install/py_package:/home/mobin/ros2_example/install/py_package:/home/mobin/ros2_example/install/launch_testing_examples:/home/mobin/ros2_example/install/examples_rclpy_pointcloud_publisher:/home/mobin/ros2_example/install/examples_rclpy_minimal_subscriber:/home/mobin/ros2_example/install/examples_rclpy_minimal_service:/home/mobin/ros2_example/install/examples_rclpy_minimal_publisher:/home/mobin/ros2_example/install/examples_rclpy_minimal_client:/home/mobin/ros2_example/install/examples_rclpy_minimal_action_server:/home/mobin/ros2_example/install/examples_rclpy_minimal_action_client:/home/mobin/ros2_example/install/examples_rclpy_guard_conditions:/home/mobin/ros2_example/install/examples_rclpy_executors:/home/mobin/ros2_ws/install/rqt_joint_trajectory_controller:/home/mobin/ros2_ws/install/ros2_controllers_test_nodes:/opt/ros/jazzy DEBUGINFOD_URLS=https://debuginfod.ubuntu.com PYTHONPATH=/home/mobin/auriga_ros2_tasks/install/interfaces/lib/python3.12/site-packages:/home/mobin/auriga_ros2_tasks/install/py_package/lib/python3.12/site-packages:/home/mobin/ros2_example/install/turtlesim/lib/python3.12/site-packages:/home/mobin/ros2_example/install/py_package/lib/python3.12/site-packages:/home/mobin/ros2_example/install/launch_testing_examples/lib/python3.12/site-packages:/home/mobin/ros2_example/install/examples_rclpy_pointcloud_publisher/lib/python3.12/site-packages:/home/mobin/ros2_example/install/examples_rclpy_minimal_subscriber/lib/python3.12/site-packages:/home/mobin/ros2_example/install/examples_rclpy_minimal_service/lib/python3.12/site-packages:/home/mobin/ros2_example/install/examples_rclpy_minimal_publisher/lib/python3.12/site-packages:/home/mobin/ros2_example/install/examples_rclpy_minimal_client/lib/python3.12/site-packages:/home/mobin/ros2_example/install/examples_rclpy_minimal_action_server/lib/python3.12/site-packages:/home/mobin/ros2_example/install/examples_rclpy_minimal_action_client/lib/python3.12/site-packages:/home/mobin/ros2_example/install/examples_rclpy_guard_conditions/lib/python3.12/site-packages:/home/mobin/ros2_example/install/examples_rclpy_executors/lib/python3.12/site-packages:/home/mobin/ros2_ws/build/rqt_joint_trajectory_controller:/home/mobin/ros2_ws/install/rqt_joint_trajectory_controller/lib/python3.12/site-packages:/home/mobin/ros2_ws/build/ros2_controllers_test_nodes:/home/mobin/ros2_ws/install/ros2_controllers_test_nodes/lib/python3.12/site-packages:/home/mobin/ros2_ws/install/controller_manager_msgs/lib/python3.12/site-packages:/home/mobin/ros2_ws/install/control_msgs/lib/python3.12/site-packages:/opt/ros/jazzy/lib/python3.12/site-packages /usr/bin/cmake --install /home/mobin/auriga_ros2_tasks/build/cpp_package
[16.389s] Level 1:colcon.colcon_core.environment:create_environment_scripts_only(cpp_package)
[16.390s] Level 1:colcon.colcon_core.environment:checking '/home/mobin/auriga_ros2_tasks/install/cpp_package' for CMake module files
[16.390s] DEBUG:colcon.colcon_core.event_handler.log_command:Invoked command in '/home/mobin/auriga_ros2_tasks/build/cpp_package' returned '0': CMAKE_PREFIX_PATH=/home/mobin/auriga_ros2_tasks/install/interfaces:/home/mobin/auriga_ros2_tasks/install/cpp_package:/home/mobin/ros2_example/install/turtlesim:/home/mobin/ros2_example/install/examples_rclcpp_wait_set:/home/mobin/ros2_example/install/examples_rclcpp_multithreaded_executor:/home/mobin/ros2_example/install/examples_rclcpp_minimal_timer:/home/mobin/ros2_example/install/examples_rclcpp_minimal_subscriber:/home/mobin/ros2_example/install/examples_rclcpp_minimal_service:/home/mobin/ros2_example/install/examples_rclcpp_minimal_publisher:/home/mobin/ros2_example/install/examples_rclcpp_minimal_composition:/home/mobin/ros2_example/install/examples_rclcpp_minimal_client:/home/mobin/ros2_example/install/examples_rclcpp_minimal_action_server:/home/mobin/ros2_example/install/examples_rclcpp_minimal_action_client:/home/mobin/ros2_example/install/examples_rclcpp_cbg_executor:/home/mobin/ros2_example/install/examples_rclcpp_async_client:/home/mobin/ros2_example/install/cpp_package:/home/mobin/ros2_ws/install/ros2_control_test_assets:/home/mobin/ros2_ws/install/ros2_control_demo_description:/home/mobin/ros2_ws/install/joint_limits:/home/mobin/ros2_ws/install/realtime_tools:/home/mobin/ros2_ws/install/kinematics_interface_kdl:/home/mobin/ros2_ws/install/kinematics_interface:/home/mobin/ros2_ws/install/controller_manager_msgs:/home/mobin/ros2_ws/install/control_msgs:/opt/ros/jazzy/opt/gz_sim_vendor:/opt/ros/jazzy/opt/gz_sensors_vendor:/opt/ros/jazzy/opt/gz_physics_vendor:/opt/ros/jazzy/opt/sdformat_vendor:/opt/ros/jazzy/opt/gz_gui_vendor:/opt/ros/jazzy/opt/gz_transport_vendor:/opt/ros/jazzy/opt/gz_rendering_vendor:/opt/ros/jazzy/opt/gz_plugin_vendor:/opt/ros/jazzy/opt/gz_fuel_tools_vendor:/opt/ros/jazzy/opt/gz_msgs_vendor:/opt/ros/jazzy/opt/gz_common_vendor:/opt/ros/jazzy/opt/gz_math_vendor:/opt/ros/jazzy/opt/gz_utils_vendor:/opt/ros/jazzy/opt/gz_tools_vendor:/opt/ros/jazzy/opt/gz_ogre_next_vendor:/opt/ros/jazzy/opt/gz_dartsim_vendor:/opt/ros/jazzy/opt/gz_cmake_vendor:/home/mobin/auriga_ros2_tasks/install/py_package:/home/mobin/ros2_example/install/py_package:/home/mobin/ros2_example/install/launch_testing_examples:/home/mobin/ros2_example/install/examples_rclpy_pointcloud_publisher:/home/mobin/ros2_example/install/examples_rclpy_minimal_subscriber:/home/mobin/ros2_example/install/examples_rclpy_minimal_service:/home/mobin/ros2_example/install/examples_rclpy_minimal_publisher:/home/mobin/ros2_example/install/examples_rclpy_minimal_client:/home/mobin/ros2_example/install/examples_rclpy_minimal_action_server:/home/mobin/ros2_example/install/examples_rclpy_minimal_action_client:/home/mobin/ros2_example/install/examples_rclpy_guard_conditions:/home/mobin/ros2_example/install/examples_rclpy_executors:/home/mobin/ros2_ws/install/rqt_joint_trajectory_controller:/home/mobin/ros2_ws/install/ros2_controllers_test_nodes:/opt/ros/jazzy DEBUGINFOD_URLS=https://debuginfod.ubuntu.com PYTHONPATH=/home/mobin/auriga_ros2_tasks/install/interfaces/lib/python3.12/site-packages:/home/mobin/auriga_ros2_tasks/install/py_package/lib/python3.12/site-packages:/home/mobin/ros2_example/install/turtlesim/lib/python3.12/site-packages:/home/mobin/ros2_example/install/py_package/lib/python3.12/site-packages:/home/mobin/ros2_example/install/launch_testing_examples/lib/python3.12/site-packages:/home/mobin/ros2_example/install/examples_rclpy_pointcloud_publisher/lib/python3.12/site-packages:/home/mobin/ros2_example/install/examples_rclpy_minimal_subscriber/lib/python3.12/site-packages:/home/mobin/ros2_example/install/examples_rclpy_minimal_service/lib/python3.12/site-packages:/home/mobin/ros2_example/install/examples_rclpy_minimal_publisher/lib/python3.12/site-packages:/home/mobin/ros2_example/install/examples_rclpy_minimal_client/lib/python3.12/site-packages:/home/mobin/ros2_example/install/examples_rclpy_minimal_action_server/lib/python3.12/site-packages:/home/mobin/ros2_example/install/examples_rclpy_minimal_action_client/lib/python3.12/site-packages:/home/mobin/ros2_example/install/examples_rclpy_guard_conditions/lib/python3.12/site-packages:/home/mobin/ros2_example/install/examples_rclpy_executors/lib/python3.12/site-packages:/home/mobin/ros2_ws/build/rqt_joint_trajectory_controller:/home/mobin/ros2_ws/install/rqt_joint_trajectory_controller/lib/python3.12/site-packages:/home/mobin/ros2_ws/build/ros2_controllers_test_nodes:/home/mobin/ros2_ws/install/ros2_controllers_test_nodes/lib/python3.12/site-packages:/home/mobin/ros2_ws/install/controller_manager_msgs/lib/python3.12/site-packages:/home/mobin/ros2_ws/install/control_msgs/lib/python3.12/site-packages:/opt/ros/jazzy/lib/python3.12/site-packages /usr/bin/cmake --install /home/mobin/auriga_ros2_tasks/build/cpp_package
[16.390s] Level 1:colcon.colcon_core.environment:checking '/home/mobin/auriga_ros2_tasks/install/cpp_package' for CMake config files
[16.391s] Level 1:colcon.colcon_core.shell:create_environment_hook('cpp_package', 'cmake_prefix_path')
[16.391s] INFO:colcon.colcon_core.shell:Creating environment hook '/home/mobin/auriga_ros2_tasks/install/cpp_package/share/cpp_package/hook/cmake_prefix_path.ps1'
[16.391s] INFO:colcon.colcon_core.shell:Creating environment descriptor '/home/mobin/auriga_ros2_tasks/install/cpp_package/share/cpp_package/hook/cmake_prefix_path.dsv'
[16.392s] INFO:colcon.colcon_core.shell:Creating environment hook '/home/mobin/auriga_ros2_tasks/install/cpp_package/share/cpp_package/hook/cmake_prefix_path.sh'
[16.392s] Level 1:colcon.colcon_core.environment:checking '/home/mobin/auriga_ros2_tasks/install/cpp_package/lib'
[16.392s] Level 1:colcon.colcon_core.environment:checking '/home/mobin/auriga_ros2_tasks/install/cpp_package/bin'
[16.392s] Level 1:colcon.colcon_core.environment:checking '/home/mobin/auriga_ros2_tasks/install/cpp_package/lib/pkgconfig/cpp_package.pc'
[16.392s] Level 1:colcon.colcon_core.environment:checking '/home/mobin/auriga_ros2_tasks/install/cpp_package/lib/python3.12/site-packages'
[16.392s] Level 1:colcon.colcon_core.environment:checking '/home/mobin/auriga_ros2_tasks/install/cpp_package/bin'
[16.393s] INFO:colcon.colcon_core.shell:Creating package script '/home/mobin/auriga_ros2_tasks/install/cpp_package/share/cpp_package/package.ps1'
[16.393s] INFO:colcon.colcon_core.shell:Creating package descriptor '/home/mobin/auriga_ros2_tasks/install/cpp_package/share/cpp_package/package.dsv'
[16.393s] INFO:colcon.colcon_core.shell:Creating package script '/home/mobin/auriga_ros2_tasks/install/cpp_package/share/cpp_package/package.sh'
[16.394s] INFO:colcon.colcon_core.shell:Creating package script '/home/mobin/auriga_ros2_tasks/install/cpp_package/share/cpp_package/package.bash'
[16.394s] INFO:colcon.colcon_core.shell:Creating package script '/home/mobin/auriga_ros2_tasks/install/cpp_package/share/cpp_package/package.zsh'
[16.394s] Level 1:colcon.colcon_core.environment:create_file_with_runtime_dependencies(/home/mobin/auriga_ros2_tasks/install/cpp_package/share/colcon-core/packages/cpp_package)
[16.394s] Level 1:colcon.colcon_core.environment:create_environment_scripts_only(cpp_package)
[16.395s] Level 1:colcon.colcon_core.environment:checking '/home/mobin/auriga_ros2_tasks/install/cpp_package' for CMake module files
[16.395s] Level 1:colcon.colcon_core.environment:checking '/home/mobin/auriga_ros2_tasks/install/cpp_package' for CMake config files
[16.395s] Level 1:colcon.colcon_core.shell:create_environment_hook('cpp_package', 'cmake_prefix_path')
[16.395s] INFO:colcon.colcon_core.shell:Creating environment hook '/home/mobin/auriga_ros2_tasks/install/cpp_package/share/cpp_package/hook/cmake_prefix_path.ps1'
[16.396s] INFO:colcon.colcon_core.shell:Creating environment descriptor '/home/mobin/auriga_ros2_tasks/install/cpp_package/share/cpp_package/hook/cmake_prefix_path.dsv'
[16.396s] INFO:colcon.colcon_core.shell:Creating environment hook '/home/mobin/auriga_ros2_tasks/install/cpp_package/share/cpp_package/hook/cmake_prefix_path.sh'
[16.396s] Level 1:colcon.colcon_core.environment:checking '/home/mobin/auriga_ros2_tasks/install/cpp_package/lib'
[16.396s] Level 1:colcon.colcon_core.environment:checking '/home/mobin/auriga_ros2_tasks/install/cpp_package/bin'
[16.396s] Level 1:colcon.colcon_core.environment:checking '/home/mobin/auriga_ros2_tasks/install/cpp_package/lib/pkgconfig/cpp_package.pc'
[16.397s] Level 1:colcon.colcon_core.environment:checking '/home/mobin/auriga_ros2_tasks/install/cpp_package/lib/python3.12/site-packages'
[16.397s] Level 1:colcon.colcon_core.environment:checking '/home/mobin/auriga_ros2_tasks/install/cpp_package/bin'
[16.397s] INFO:colcon.colcon_core.shell:Creating package script '/home/mobin/auriga_ros2_tasks/install/cpp_package/share/cpp_package/package.ps1'
[16.397s] INFO:colcon.colcon_core.shell:Creating package descriptor '/home/mobin/auriga_ros2_tasks/install/cpp_package/share/cpp_package/package.dsv'
[16.398s] INFO:colcon.colcon_core.shell:Creating package script '/home/mobin/auriga_ros2_tasks/install/cpp_package/share/cpp_package/package.sh'
[16.398s] INFO:colcon.colcon_core.shell:Creating package script '/home/mobin/auriga_ros2_tasks/install/cpp_package/share/cpp_package/package.bash'
[16.398s] INFO:colcon.colcon_core.shell:Creating package script '/home/mobin/auriga_ros2_tasks/install/cpp_package/share/cpp_package/package.zsh'
[16.398s] Level 1:colcon.colcon_core.environment:create_file_with_runtime_dependencies(/home/mobin/auriga_ros2_tasks/install/cpp_package/share/colcon-core/packages/cpp_package)
[16.399s] DEBUG:colcon.colcon_parallel_executor.executor.parallel:closing loop
[16.399s] DEBUG:colcon.colcon_parallel_executor.executor.parallel:loop closed
[16.399s] DEBUG:colcon.colcon_parallel_executor.executor.parallel:run_until_complete finished with '0'
[16.399s] DEBUG:colcon.colcon_core.event_reactor:joining thread
[16.404s] INFO:colcon.colcon_core.plugin_system:Skipping extension 'colcon_notification.desktop_notification.terminal_notifier': Not used on non-Darwin systems
[16.404s] INFO:colcon.colcon_core.plugin_system:Skipping extension 'colcon_notification.desktop_notification.win32': Not used on non-Windows systems
[16.404s] INFO:colcon.colcon_notification.desktop_notification:Sending desktop notification using 'notify2'
[16.418s] DEBUG:colcon.colcon_core.event_reactor:joined thread
[16.418s] INFO:colcon.colcon_core.shell:Creating prefix script '/home/mobin/auriga_ros2_tasks/install/local_setup.ps1'
[16.419s] INFO:colcon.colcon_core.shell:Creating prefix util module '/home/mobin/auriga_ros2_tasks/install/_local_setup_util_ps1.py'
[16.420s] INFO:colcon.colcon_core.shell:Creating prefix chain script '/home/mobin/auriga_ros2_tasks/install/setup.ps1'
[16.422s] INFO:colcon.colcon_core.shell:Creating prefix script '/home/mobin/auriga_ros2_tasks/install/local_setup.sh'
[16.422s] INFO:colcon.colcon_core.shell:Creating prefix util module '/home/mobin/auriga_ros2_tasks/install/_local_setup_util_sh.py'
[16.423s] INFO:colcon.colcon_core.shell:Creating prefix chain script '/home/mobin/auriga_ros2_tasks/install/setup.sh'
[16.425s] INFO:colcon.colcon_core.shell:Creating prefix script '/home/mobin/auriga_ros2_tasks/install/local_setup.bash'
[16.425s] INFO:colcon.colcon_core.shell:Creating prefix chain script '/home/mobin/auriga_ros2_tasks/install/setup.bash'
[16.427s] INFO:colcon.colcon_core.shell:Creating prefix script '/home/mobin/auriga_ros2_tasks/install/local_setup.zsh'
[16.427s] INFO:colcon.colcon_core.shell:Creating prefix chain script '/home/mobin/auriga_ros2_tasks/install/setup.zsh'
