[0.017s] Invoking command in '/home/mobin/auriga_ros2_tasks/build/bringup': CMAKE_PREFIX_PATH=${CMAKE_PREFIX_PATH}:/home/mobin/auriga_ros2_tasks/install/py_package:/home/mobin/ros2_example/install/py_package:/home/mobin/ros2_example/install/launch_testing_examples:/home/mobin/ros2_example/install/examples_rclpy_pointcloud_publisher:/home/mobin/ros2_example/install/examples_rclpy_minimal_subscriber:/home/mobin/ros2_example/install/examples_rclpy_minimal_service:/home/mobin/ros2_example/install/examples_rclpy_minimal_publisher:/home/mobin/ros2_example/install/examples_rclpy_minimal_client:/home/mobin/ros2_example/install/examples_rclpy_minimal_action_server:/home/mobin/ros2_example/install/examples_rclpy_minimal_action_client:/home/mobin/ros2_example/install/examples_rclpy_guard_conditions:/home/mobin/ros2_example/install/examples_rclpy_executors:/home/mobin/ros2_ws/install/rqt_joint_trajectory_controller:/home/mobin/ros2_ws/install/ros2_controllers_test_nodes:/opt/ros/jazzy DEBUGINFOD_URLS=https://debuginfod.ubuntu.com /usr/bin/cmake /home/mobin/auriga_ros2_tasks/src/bringup -DCMAKE_INSTALL_PREFIX=/home/mobin/auriga_ros2_tasks/install/bringup
[0.183s] -- The C compiler identification is GNU 13.2.0
[0.288s] -- The CXX compiler identification is GNU 13.2.0
[0.317s] -- Detecting C compiler ABI info
[0.447s] -- Detecting C compiler ABI info - done
[0.456s] -- Check for working C compiler: /usr/bin/cc - skipped
[0.456s] -- Detecting C compile features
[0.457s] -- Detecting C compile features - done
[0.471s] -- Detecting CXX compiler ABI info
[0.610s] -- Detecting CXX compiler ABI info - done
[0.618s] -- Check for working CXX compiler: /usr/bin/c++ - skipped
[0.619s] -- Detecting CXX compile features
[0.619s] -- Detecting CXX compile features - done
[0.637s] -- Found ament_cmake: 2.5.2 (/opt/ros/jazzy/share/ament_cmake/cmake)
[0.854s] -- Found Python3: /usr/bin/python3 (found version "3.12.3") found components: Interpreter 
[1.148s] -- Configuring done (1.1s)
[1.151s] -- Generating done (0.0s)
[1.152s] -- Build files have been written to: /home/mobin/auriga_ros2_tasks/build/bringup
[1.158s] Invoked command in '/home/mobin/auriga_ros2_tasks/build/bringup' returned '0': CMAKE_PREFIX_PATH=${CMAKE_PREFIX_PATH}:/home/mobin/auriga_ros2_tasks/install/py_package:/home/mobin/ros2_example/install/py_package:/home/mobin/ros2_example/install/launch_testing_examples:/home/mobin/ros2_example/install/examples_rclpy_pointcloud_publisher:/home/mobin/ros2_example/install/examples_rclpy_minimal_subscriber:/home/mobin/ros2_example/install/examples_rclpy_minimal_service:/home/mobin/ros2_example/install/examples_rclpy_minimal_publisher:/home/mobin/ros2_example/install/examples_rclpy_minimal_client:/home/mobin/ros2_example/install/examples_rclpy_minimal_action_server:/home/mobin/ros2_example/install/examples_rclpy_minimal_action_client:/home/mobin/ros2_example/install/examples_rclpy_guard_conditions:/home/mobin/ros2_example/install/examples_rclpy_executors:/home/mobin/ros2_ws/install/rqt_joint_trajectory_controller:/home/mobin/ros2_ws/install/ros2_controllers_test_nodes:/opt/ros/jazzy DEBUGINFOD_URLS=https://debuginfod.ubuntu.com /usr/bin/cmake /home/mobin/auriga_ros2_tasks/src/bringup -DCMAKE_INSTALL_PREFIX=/home/mobin/auriga_ros2_tasks/install/bringup
[1.159s] Invoking command in '/home/mobin/auriga_ros2_tasks/build/bringup': CMAKE_PREFIX_PATH=${CMAKE_PREFIX_PATH}:/home/mobin/auriga_ros2_tasks/install/py_package:/home/mobin/ros2_example/install/py_package:/home/mobin/ros2_example/install/launch_testing_examples:/home/mobin/ros2_example/install/examples_rclpy_pointcloud_publisher:/home/mobin/ros2_example/install/examples_rclpy_minimal_subscriber:/home/mobin/ros2_example/install/examples_rclpy_minimal_service:/home/mobin/ros2_example/install/examples_rclpy_minimal_publisher:/home/mobin/ros2_example/install/examples_rclpy_minimal_client:/home/mobin/ros2_example/install/examples_rclpy_minimal_action_server:/home/mobin/ros2_example/install/examples_rclpy_minimal_action_client:/home/mobin/ros2_example/install/examples_rclpy_guard_conditions:/home/mobin/ros2_example/install/examples_rclpy_executors:/home/mobin/ros2_ws/install/rqt_joint_trajectory_controller:/home/mobin/ros2_ws/install/ros2_controllers_test_nodes:/opt/ros/jazzy DEBUGINFOD_URLS=https://debuginfod.ubuntu.com /usr/bin/cmake --build /home/mobin/auriga_ros2_tasks/build/bringup -- -j16 -l16
[1.215s] Invoked command in '/home/mobin/auriga_ros2_tasks/build/bringup' returned '0': CMAKE_PREFIX_PATH=${CMAKE_PREFIX_PATH}:/home/mobin/auriga_ros2_tasks/install/py_package:/home/mobin/ros2_example/install/py_package:/home/mobin/ros2_example/install/launch_testing_examples:/home/mobin/ros2_example/install/examples_rclpy_pointcloud_publisher:/home/mobin/ros2_example/install/examples_rclpy_minimal_subscriber:/home/mobin/ros2_example/install/examples_rclpy_minimal_service:/home/mobin/ros2_example/install/examples_rclpy_minimal_publisher:/home/mobin/ros2_example/install/examples_rclpy_minimal_client:/home/mobin/ros2_example/install/examples_rclpy_minimal_action_server:/home/mobin/ros2_example/install/examples_rclpy_minimal_action_client:/home/mobin/ros2_example/install/examples_rclpy_guard_conditions:/home/mobin/ros2_example/install/examples_rclpy_executors:/home/mobin/ros2_ws/install/rqt_joint_trajectory_controller:/home/mobin/ros2_ws/install/ros2_controllers_test_nodes:/opt/ros/jazzy DEBUGINFOD_URLS=https://debuginfod.ubuntu.com /usr/bin/cmake --build /home/mobin/auriga_ros2_tasks/build/bringup -- -j16 -l16
[1.230s] Invoking command in '/home/mobin/auriga_ros2_tasks/build/bringup': CMAKE_PREFIX_PATH=${CMAKE_PREFIX_PATH}:/home/mobin/auriga_ros2_tasks/install/py_package:/home/mobin/ros2_example/install/py_package:/home/mobin/ros2_example/install/launch_testing_examples:/home/mobin/ros2_example/install/examples_rclpy_pointcloud_publisher:/home/mobin/ros2_example/install/examples_rclpy_minimal_subscriber:/home/mobin/ros2_example/install/examples_rclpy_minimal_service:/home/mobin/ros2_example/install/examples_rclpy_minimal_publisher:/home/mobin/ros2_example/install/examples_rclpy_minimal_client:/home/mobin/ros2_example/install/examples_rclpy_minimal_action_server:/home/mobin/ros2_example/install/examples_rclpy_minimal_action_client:/home/mobin/ros2_example/install/examples_rclpy_guard_conditions:/home/mobin/ros2_example/install/examples_rclpy_executors:/home/mobin/ros2_ws/install/rqt_joint_trajectory_controller:/home/mobin/ros2_ws/install/ros2_controllers_test_nodes:/opt/ros/jazzy DEBUGINFOD_URLS=https://debuginfod.ubuntu.com /usr/bin/cmake --install /home/mobin/auriga_ros2_tasks/build/bringup
[1.240s] -- Install configuration: ""
[1.240s] -- Installing: /home/mobin/auriga_ros2_tasks/install/bringup/share/bringup/launch
[1.240s] -- Installing: /home/mobin/auriga_ros2_tasks/install/bringup/share/bringup/launch/task1.launch.py
[1.240s] -- Installing: /home/mobin/auriga_ros2_tasks/install/bringup/share/ament_index/resource_index/package_run_dependencies/bringup
[1.241s] -- Installing: /home/mobin/auriga_ros2_tasks/install/bringup/share/ament_index/resource_index/parent_prefix_path/bringup
[1.241s] -- Installing: /home/mobin/auriga_ros2_tasks/install/bringup/share/bringup/environment/ament_prefix_path.sh
[1.241s] -- Installing: /home/mobin/auriga_ros2_tasks/install/bringup/share/bringup/environment/ament_prefix_path.dsv
[1.241s] -- Installing: /home/mobin/auriga_ros2_tasks/install/bringup/share/bringup/environment/path.sh
[1.241s] -- Installing: /home/mobin/auriga_ros2_tasks/install/bringup/share/bringup/environment/path.dsv
[1.241s] -- Installing: /home/mobin/auriga_ros2_tasks/install/bringup/share/bringup/local_setup.bash
[1.241s] -- Installing: /home/mobin/auriga_ros2_tasks/install/bringup/share/bringup/local_setup.sh
[1.242s] -- Installing: /home/mobin/auriga_ros2_tasks/install/bringup/share/bringup/local_setup.zsh
[1.242s] -- Installing: /home/mobin/auriga_ros2_tasks/install/bringup/share/bringup/local_setup.dsv
[1.242s] -- Installing: /home/mobin/auriga_ros2_tasks/install/bringup/share/bringup/package.dsv
[1.242s] -- Installing: /home/mobin/auriga_ros2_tasks/install/bringup/share/ament_index/resource_index/packages/bringup
[1.242s] -- Installing: /home/mobin/auriga_ros2_tasks/install/bringup/share/bringup/cmake/bringupConfig.cmake
[1.242s] -- Installing: /home/mobin/auriga_ros2_tasks/install/bringup/share/bringup/cmake/bringupConfig-version.cmake
[1.242s] -- Installing: /home/mobin/auriga_ros2_tasks/install/bringup/share/bringup/package.xml
[1.245s] Invoked command in '/home/mobin/auriga_ros2_tasks/build/bringup' returned '0': CMAKE_PREFIX_PATH=${CMAKE_PREFIX_PATH}:/home/mobin/auriga_ros2_tasks/install/py_package:/home/mobin/ros2_example/install/py_package:/home/mobin/ros2_example/install/launch_testing_examples:/home/mobin/ros2_example/install/examples_rclpy_pointcloud_publisher:/home/mobin/ros2_example/install/examples_rclpy_minimal_subscriber:/home/mobin/ros2_example/install/examples_rclpy_minimal_service:/home/mobin/ros2_example/install/examples_rclpy_minimal_publisher:/home/mobin/ros2_example/install/examples_rclpy_minimal_client:/home/mobin/ros2_example/install/examples_rclpy_minimal_action_server:/home/mobin/ros2_example/install/examples_rclpy_minimal_action_client:/home/mobin/ros2_example/install/examples_rclpy_guard_conditions:/home/mobin/ros2_example/install/examples_rclpy_executors:/home/mobin/ros2_ws/install/rqt_joint_trajectory_controller:/home/mobin/ros2_ws/install/ros2_controllers_test_nodes:/opt/ros/jazzy DEBUGINFOD_URLS=https://debuginfod.ubuntu.com /usr/bin/cmake --install /home/mobin/auriga_ros2_tasks/build/bringup
