[ 50%] [32mBuilding CXX object CMakeFiles/cpp_node.dir/src/cpp_node.cpp.o[0m
[100%] [32m[1mLinking CXX executable cpp_node[0m
[100%] Built target cpp_node
-- Install configuration: ""
-- Execute custom install script
-- Up-to-date symlink: /home/mobin/auriga_ros2_tasks/install/cpp_package/lib/cpp_package/cpp_node
-- Up-to-date symlink: /home/mobin/auriga_ros2_tasks/install/cpp_package/share/ament_index/resource_index/package_run_dependencies/cpp_package
-- Up-to-date symlink: /home/mobin/auriga_ros2_tasks/install/cpp_package/share/ament_index/resource_index/parent_prefix_path/cpp_package
-- Up-to-date symlink: /home/mobin/auriga_ros2_tasks/install/cpp_package/share/cpp_package/environment/ament_prefix_path.sh
-- Up-to-date symlink: /home/mobin/auriga_ros2_tasks/install/cpp_package/share/cpp_package/environment/ament_prefix_path.dsv
-- Up-to-date symlink: /home/mobin/auriga_ros2_tasks/install/cpp_package/share/cpp_package/environment/path.sh
-- Up-to-date symlink: /home/mobin/auriga_ros2_tasks/install/cpp_package/share/cpp_package/environment/path.dsv
-- Up-to-date symlink: /home/mobin/auriga_ros2_tasks/install/cpp_package/share/cpp_package/local_setup.bash
-- Up-to-date symlink: /home/mobin/auriga_ros2_tasks/install/cpp_package/share/cpp_package/local_setup.sh
-- Up-to-date symlink: /home/mobin/auriga_ros2_tasks/install/cpp_package/share/cpp_package/local_setup.zsh
-- Up-to-date symlink: /home/mobin/auriga_ros2_tasks/install/cpp_package/share/cpp_package/local_setup.dsv
-- Symlinking: /home/mobin/auriga_ros2_tasks/install/cpp_package/share/cpp_package/package.dsv
-- Up-to-date symlink: /home/mobin/auriga_ros2_tasks/install/cpp_package/share/ament_index/resource_index/packages/cpp_package
-- Up-to-date symlink: /home/mobin/auriga_ros2_tasks/install/cpp_package/share/cpp_package/cmake/cpp_packageConfig.cmake
-- Up-to-date symlink: /home/mobin/auriga_ros2_tasks/install/cpp_package/share/cpp_package/cmake/cpp_packageConfig-version.cmake
-- Up-to-date symlink: /home/mobin/auriga_ros2_tasks/install/cpp_package/share/cpp_package/package.xml
