running develop
Removing /home/mobin/auriga_ros2_tasks/install/py_package/lib/python3.12/site-packages/py-package.egg-link (link to .)
running egg_info
writing ../../build/py_package/py_package.egg-info/PKG-INFO
writing dependency_links to ../../build/py_package/py_package.egg-info/dependency_links.txt
writing entry points to ../../build/py_package/py_package.egg-info/entry_points.txt
writing requirements to ../../build/py_package/py_package.egg-info/requires.txt
writing top-level names to ../../build/py_package/py_package.egg-info/top_level.txt
reading manifest file '../../build/py_package/py_package.egg-info/SOURCES.txt'
adding license file 'LICENSE'
writing manifest file '../../build/py_package/py_package.egg-info/SOURCES.txt'
running build
running build_py
creating /home/mobin/auriga_ros2_tasks/build/py_package/build
creating /home/mobin/auriga_ros2_tasks/build/py_package/build/lib
creating /home/mobin/auriga_ros2_tasks/build/py_package/build/lib/py_package
copying py_package/py_node.py -> /home/mobin/auriga_ros2_tasks/build/py_package/build/lib/py_package
copying py_package/__init__.py -> /home/mobin/auriga_ros2_tasks/build/py_package/build/lib/py_package
running install
running install_lib
creating /home/mobin/auriga_ros2_tasks/install/py_package/lib/python3.12/site-packages/py_package
copying /home/mobin/auriga_ros2_tasks/build/py_package/build/lib/py_package/py_node.py -> /home/mobin/auriga_ros2_tasks/install/py_package/lib/python3.12/site-packages/py_package
copying /home/mobin/auriga_ros2_tasks/build/py_package/build/lib/py_package/__init__.py -> /home/mobin/auriga_ros2_tasks/install/py_package/lib/python3.12/site-packages/py_package
byte-compiling /home/mobin/auriga_ros2_tasks/install/py_package/lib/python3.12/site-packages/py_package/py_node.py to py_node.cpython-312.pyc
byte-compiling /home/mobin/auriga_ros2_tasks/install/py_package/lib/python3.12/site-packages/py_package/__init__.py to __init__.cpython-312.pyc
running install_data
copying resource/py_package -> /home/mobin/auriga_ros2_tasks/install/py_package/share/ament_index/resource_index/packages
copying package.xml -> /home/mobin/auriga_ros2_tasks/install/py_package/share/py_package
running install_egg_info
Copying ../../build/py_package/py_package.egg-info to /home/mobin/auriga_ros2_tasks/install/py_package/lib/python3.12/site-packages/py_package-0.0.0-py3.12.egg-info
running install_scripts
Installing py_node script to /home/mobin/auriga_ros2_tasks/install/py_package/lib/py_package
writing list of installed files to '/home/mobin/auriga_ros2_tasks/build/py_package/install.log'
