[0.029s] Invoking command in '/home/mobin/auriga_ros2_tasks/build/interfaces': CMAKE_PREFIX_PATH=${CMAKE_PREFIX_PATH}:/home/mobin/auriga_ros2_tasks/install/py_package:/home/mobin/ros2_example/install/py_package:/home/mobin/ros2_example/install/launch_testing_examples:/home/mobin/ros2_example/install/examples_rclpy_pointcloud_publisher:/home/mobin/ros2_example/install/examples_rclpy_minimal_subscriber:/home/mobin/ros2_example/install/examples_rclpy_minimal_service:/home/mobin/ros2_example/install/examples_rclpy_minimal_publisher:/home/mobin/ros2_example/install/examples_rclpy_minimal_client:/home/mobin/ros2_example/install/examples_rclpy_minimal_action_server:/home/mobin/ros2_example/install/examples_rclpy_minimal_action_client:/home/mobin/ros2_example/install/examples_rclpy_guard_conditions:/home/mobin/ros2_example/install/examples_rclpy_executors:/home/mobin/ros2_ws/install/rqt_joint_trajectory_controller:/home/mobin/ros2_ws/install/ros2_controllers_test_nodes:/opt/ros/jazzy DEBUGINFOD_URLS=https://debuginfod.ubuntu.com /usr/bin/cmake --build /home/mobin/auriga_ros2_tasks/build/interfaces -- -j16 -l16
[0.155s] [  2%] Built target interfaces__rosidl_generator_type_description
[0.177s] [  2%] Built target ament_cmake_python_copy_interfaces
[0.205s] [  5%] Built target interfaces__cpp
[0.209s] [ 20%] Built target interfaces__rosidl_generator_c
[0.264s] [ 58%] Built target interfaces__rosidl_typesupport_fastrtps_c
[0.264s] [ 58%] Built target interfaces__rosidl_typesupport_fastrtps_cpp
[0.265s] [ 58%] Built target interfaces__rosidl_typesupport_introspection_c
[0.265s] [ 61%] Built target interfaces__rosidl_typesupport_c
[0.265s] [ 67%] Built target interfaces__rosidl_typesupport_cpp
[0.265s] [ 73%] Built target interfaces__rosidl_typesupport_introspection_cpp
[0.317s] [ 73%] Built target interfaces
[0.373s] [ 76%] Built target interfaces__py
[0.431s] [ 82%] Built target interfaces__rosidl_generator_py
[0.487s] [ 94%] Built target interfaces_s__rosidl_typesupport_introspection_c
[0.487s] [ 94%] Built target interfaces_s__rosidl_typesupport_c
[0.487s] [100%] Built target interfaces_s__rosidl_typesupport_fastrtps_c
[0.618s] running egg_info
[0.659s] writing interfaces.egg-info/PKG-INFO
[0.659s] writing dependency_links to interfaces.egg-info/dependency_links.txt
[0.659s] writing top-level names to interfaces.egg-info/top_level.txt
[0.775s] reading manifest file 'interfaces.egg-info/SOURCES.txt'
[0.775s] writing manifest file 'interfaces.egg-info/SOURCES.txt'
[0.833s] [100%] Built target ament_cmake_python_build_interfaces_egg
[0.862s] Invoked command in '/home/mobin/auriga_ros2_tasks/build/interfaces' returned '0': CMAKE_PREFIX_PATH=${CMAKE_PREFIX_PATH}:/home/mobin/auriga_ros2_tasks/install/py_package:/home/mobin/ros2_example/install/py_package:/home/mobin/ros2_example/install/launch_testing_examples:/home/mobin/ros2_example/install/examples_rclpy_pointcloud_publisher:/home/mobin/ros2_example/install/examples_rclpy_minimal_subscriber:/home/mobin/ros2_example/install/examples_rclpy_minimal_service:/home/mobin/ros2_example/install/examples_rclpy_minimal_publisher:/home/mobin/ros2_example/install/examples_rclpy_minimal_client:/home/mobin/ros2_example/install/examples_rclpy_minimal_action_server:/home/mobin/ros2_example/install/examples_rclpy_minimal_action_client:/home/mobin/ros2_example/install/examples_rclpy_guard_conditions:/home/mobin/ros2_example/install/examples_rclpy_executors:/home/mobin/ros2_ws/install/rqt_joint_trajectory_controller:/home/mobin/ros2_ws/install/ros2_controllers_test_nodes:/opt/ros/jazzy DEBUGINFOD_URLS=https://debuginfod.ubuntu.com /usr/bin/cmake --build /home/mobin/auriga_ros2_tasks/build/interfaces -- -j16 -l16
[0.887s] Invoking command in '/home/mobin/auriga_ros2_tasks/build/interfaces': CMAKE_PREFIX_PATH=${CMAKE_PREFIX_PATH}:/home/mobin/auriga_ros2_tasks/install/py_package:/home/mobin/ros2_example/install/py_package:/home/mobin/ros2_example/install/launch_testing_examples:/home/mobin/ros2_example/install/examples_rclpy_pointcloud_publisher:/home/mobin/ros2_example/install/examples_rclpy_minimal_subscriber:/home/mobin/ros2_example/install/examples_rclpy_minimal_service:/home/mobin/ros2_example/install/examples_rclpy_minimal_publisher:/home/mobin/ros2_example/install/examples_rclpy_minimal_client:/home/mobin/ros2_example/install/examples_rclpy_minimal_action_server:/home/mobin/ros2_example/install/examples_rclpy_minimal_action_client:/home/mobin/ros2_example/install/examples_rclpy_guard_conditions:/home/mobin/ros2_example/install/examples_rclpy_executors:/home/mobin/ros2_ws/install/rqt_joint_trajectory_controller:/home/mobin/ros2_ws/install/ros2_controllers_test_nodes:/opt/ros/jazzy DEBUGINFOD_URLS=https://debuginfod.ubuntu.com /usr/bin/cmake --install /home/mobin/auriga_ros2_tasks/build/interfaces
[0.908s] -- Install configuration: ""
[0.908s] -- Up-to-date: /home/mobin/auriga_ros2_tasks/install/interfaces/share/ament_index/resource_index/rosidl_interfaces/interfaces
[0.908s] -- Up-to-date: /home/mobin/auriga_ros2_tasks/install/interfaces/share/interfaces/msg/Num.json
[0.909s] -- Up-to-date: /home/mobin/auriga_ros2_tasks/install/interfaces/include/interfaces/interfaces
[0.909s] -- Up-to-date: /home/mobin/auriga_ros2_tasks/install/interfaces/include/interfaces/interfaces/msg
[0.909s] -- Up-to-date: /home/mobin/auriga_ros2_tasks/install/interfaces/include/interfaces/interfaces/msg/num.h
[0.909s] -- Up-to-date: /home/mobin/auriga_ros2_tasks/install/interfaces/include/interfaces/interfaces/msg/detail
[0.909s] -- Up-to-date: /home/mobin/auriga_ros2_tasks/install/interfaces/include/interfaces/interfaces/msg/detail/num__struct.h
[0.910s] -- Up-to-date: /home/mobin/auriga_ros2_tasks/install/interfaces/include/interfaces/interfaces/msg/detail/num__type_support.c
[0.910s] -- Up-to-date: /home/mobin/auriga_ros2_tasks/install/interfaces/include/interfaces/interfaces/msg/detail/num__description.c
[0.910s] -- Up-to-date: /home/mobin/auriga_ros2_tasks/install/interfaces/include/interfaces/interfaces/msg/detail/num__functions.h
[0.910s] -- Up-to-date: /home/mobin/auriga_ros2_tasks/install/interfaces/include/interfaces/interfaces/msg/detail/num__functions.c
[0.911s] -- Up-to-date: /home/mobin/auriga_ros2_tasks/install/interfaces/include/interfaces/interfaces/msg/detail/num__type_support.h
[0.911s] -- Up-to-date: /home/mobin/auriga_ros2_tasks/install/interfaces/include/interfaces/interfaces/msg/rosidl_generator_c__visibility_control.h
[0.911s] -- Up-to-date: /home/mobin/auriga_ros2_tasks/install/interfaces/share/interfaces/environment/library_path.sh
[0.911s] -- Up-to-date: /home/mobin/auriga_ros2_tasks/install/interfaces/share/interfaces/environment/library_path.dsv
[0.911s] -- Up-to-date: /home/mobin/auriga_ros2_tasks/install/interfaces/lib/libinterfaces__rosidl_generator_c.so
[0.912s] -- Up-to-date: /home/mobin/auriga_ros2_tasks/install/interfaces/include/interfaces/interfaces
[0.912s] -- Up-to-date: /home/mobin/auriga_ros2_tasks/install/interfaces/include/interfaces/interfaces/msg
[0.912s] -- Up-to-date: /home/mobin/auriga_ros2_tasks/install/interfaces/include/interfaces/interfaces/msg/rosidl_typesupport_fastrtps_c__visibility_control.h
[0.912s] -- Up-to-date: /home/mobin/auriga_ros2_tasks/install/interfaces/include/interfaces/interfaces/msg/detail
[0.912s] -- Up-to-date: /home/mobin/auriga_ros2_tasks/install/interfaces/include/interfaces/interfaces/msg/detail/num__rosidl_typesupport_fastrtps_c.h
[0.912s] -- Up-to-date: /home/mobin/auriga_ros2_tasks/install/interfaces/lib/libinterfaces__rosidl_typesupport_fastrtps_c.so
[0.912s] -- Up-to-date: /home/mobin/auriga_ros2_tasks/install/interfaces/include/interfaces/interfaces
[0.912s] -- Up-to-date: /home/mobin/auriga_ros2_tasks/install/interfaces/include/interfaces/interfaces/msg
[0.913s] -- Up-to-date: /home/mobin/auriga_ros2_tasks/install/interfaces/include/interfaces/interfaces/msg/num.hpp
[0.913s] -- Up-to-date: /home/mobin/auriga_ros2_tasks/install/interfaces/include/interfaces/interfaces/msg/detail
[0.913s] -- Up-to-date: /home/mobin/auriga_ros2_tasks/install/interfaces/include/interfaces/interfaces/msg/detail/num__traits.hpp
[0.913s] -- Up-to-date: /home/mobin/auriga_ros2_tasks/install/interfaces/include/interfaces/interfaces/msg/detail/num__builder.hpp
[0.913s] -- Up-to-date: /home/mobin/auriga_ros2_tasks/install/interfaces/include/interfaces/interfaces/msg/detail/num__type_support.hpp
[0.913s] -- Up-to-date: /home/mobin/auriga_ros2_tasks/install/interfaces/include/interfaces/interfaces/msg/detail/num__struct.hpp
[0.913s] -- Up-to-date: /home/mobin/auriga_ros2_tasks/install/interfaces/include/interfaces/interfaces/msg/rosidl_generator_cpp__visibility_control.hpp
[0.913s] -- Up-to-date: /home/mobin/auriga_ros2_tasks/install/interfaces/include/interfaces/interfaces
[0.914s] -- Up-to-date: /home/mobin/auriga_ros2_tasks/install/interfaces/include/interfaces/interfaces/msg
[0.914s] -- Up-to-date: /home/mobin/auriga_ros2_tasks/install/interfaces/include/interfaces/interfaces/msg/rosidl_typesupport_fastrtps_cpp__visibility_control.h
[0.914s] -- Up-to-date: /home/mobin/auriga_ros2_tasks/install/interfaces/include/interfaces/interfaces/msg/detail
[0.914s] -- Up-to-date: /home/mobin/auriga_ros2_tasks/install/interfaces/include/interfaces/interfaces/msg/detail/num__rosidl_typesupport_fastrtps_cpp.hpp
[0.914s] -- Up-to-date: /home/mobin/auriga_ros2_tasks/install/interfaces/include/interfaces/interfaces/msg/detail/dds_fastrtps
[0.914s] -- Up-to-date: /home/mobin/auriga_ros2_tasks/install/interfaces/lib/libinterfaces__rosidl_typesupport_fastrtps_cpp.so
[0.914s] -- Up-to-date: /home/mobin/auriga_ros2_tasks/install/interfaces/include/interfaces/interfaces
[0.914s] -- Up-to-date: /home/mobin/auriga_ros2_tasks/install/interfaces/include/interfaces/interfaces/msg
[0.915s] -- Up-to-date: /home/mobin/auriga_ros2_tasks/install/interfaces/include/interfaces/interfaces/msg/rosidl_typesupport_introspection_c__visibility_control.h
[0.915s] -- Up-to-date: /home/mobin/auriga_ros2_tasks/install/interfaces/include/interfaces/interfaces/msg/detail
[0.915s] -- Up-to-date: /home/mobin/auriga_ros2_tasks/install/interfaces/include/interfaces/interfaces/msg/detail/num__rosidl_typesupport_introspection_c.h
[0.915s] -- Up-to-date: /home/mobin/auriga_ros2_tasks/install/interfaces/include/interfaces/interfaces/msg/detail/num__type_support.c
[0.915s] -- Up-to-date: /home/mobin/auriga_ros2_tasks/install/interfaces/lib/libinterfaces__rosidl_typesupport_introspection_c.so
[0.915s] -- Up-to-date: /home/mobin/auriga_ros2_tasks/install/interfaces/lib/libinterfaces__rosidl_typesupport_c.so
[0.915s] -- Up-to-date: /home/mobin/auriga_ros2_tasks/install/interfaces/include/interfaces/interfaces
[0.915s] -- Up-to-date: /home/mobin/auriga_ros2_tasks/install/interfaces/include/interfaces/interfaces/msg
[0.915s] -- Up-to-date: /home/mobin/auriga_ros2_tasks/install/interfaces/include/interfaces/interfaces/msg/detail
[0.916s] -- Up-to-date: /home/mobin/auriga_ros2_tasks/install/interfaces/include/interfaces/interfaces/msg/detail/num__rosidl_typesupport_introspection_cpp.hpp
[0.916s] -- Up-to-date: /home/mobin/auriga_ros2_tasks/install/interfaces/include/interfaces/interfaces/msg/detail/num__type_support.cpp
[0.916s] -- Up-to-date: /home/mobin/auriga_ros2_tasks/install/interfaces/lib/libinterfaces__rosidl_typesupport_introspection_cpp.so
[0.916s] -- Up-to-date: /home/mobin/auriga_ros2_tasks/install/interfaces/lib/libinterfaces__rosidl_typesupport_cpp.so
[0.916s] -- Up-to-date: /home/mobin/auriga_ros2_tasks/install/interfaces/share/interfaces/environment/pythonpath.sh
[0.916s] -- Up-to-date: /home/mobin/auriga_ros2_tasks/install/interfaces/share/interfaces/environment/pythonpath.dsv
[0.916s] -- Up-to-date: /home/mobin/auriga_ros2_tasks/install/interfaces/lib/python3.12/site-packages/interfaces-0.0.0-py3.12.egg-info
[0.917s] -- Installing: /home/mobin/auriga_ros2_tasks/install/interfaces/lib/python3.12/site-packages/interfaces-0.0.0-py3.12.egg-info/SOURCES.txt
[0.917s] -- Installing: /home/mobin/auriga_ros2_tasks/install/interfaces/lib/python3.12/site-packages/interfaces-0.0.0-py3.12.egg-info/PKG-INFO
[0.917s] -- Installing: /home/mobin/auriga_ros2_tasks/install/interfaces/lib/python3.12/site-packages/interfaces-0.0.0-py3.12.egg-info/top_level.txt
[0.917s] -- Installing: /home/mobin/auriga_ros2_tasks/install/interfaces/lib/python3.12/site-packages/interfaces-0.0.0-py3.12.egg-info/dependency_links.txt
[0.917s] -- Up-to-date: /home/mobin/auriga_ros2_tasks/install/interfaces/lib/python3.12/site-packages/interfaces
[0.917s] -- Up-to-date: /home/mobin/auriga_ros2_tasks/install/interfaces/lib/python3.12/site-packages/interfaces/interfaces_s__rosidl_typesupport_introspection_c.so
[0.917s] -- Up-to-date: /home/mobin/auriga_ros2_tasks/install/interfaces/lib/python3.12/site-packages/interfaces/_interfaces_s.ep.rosidl_typesupport_introspection_c.c
[0.917s] -- Up-to-date: /home/mobin/auriga_ros2_tasks/install/interfaces/lib/python3.12/site-packages/interfaces/_interfaces_s.ep.rosidl_typesupport_fastrtps_c.c
[0.917s] -- Up-to-date: /home/mobin/auriga_ros2_tasks/install/interfaces/lib/python3.12/site-packages/interfaces/_interfaces_s.ep.rosidl_typesupport_c.c
[0.918s] -- Up-to-date: /home/mobin/auriga_ros2_tasks/install/interfaces/lib/python3.12/site-packages/interfaces/interfaces_s__rosidl_typesupport_fastrtps_c.so
[0.918s] -- Up-to-date: /home/mobin/auriga_ros2_tasks/install/interfaces/lib/python3.12/site-packages/interfaces/msg
[0.918s] -- Up-to-date: /home/mobin/auriga_ros2_tasks/install/interfaces/lib/python3.12/site-packages/interfaces/msg/_num.py
[0.918s] -- Up-to-date: /home/mobin/auriga_ros2_tasks/install/interfaces/lib/python3.12/site-packages/interfaces/msg/_num_s.c
[0.918s] -- Up-to-date: /home/mobin/auriga_ros2_tasks/install/interfaces/lib/python3.12/site-packages/interfaces/msg/__init__.py
[0.918s] -- Up-to-date: /home/mobin/auriga_ros2_tasks/install/interfaces/lib/python3.12/site-packages/interfaces/interfaces_s__rosidl_typesupport_c.so
[0.918s] -- Up-to-date: /home/mobin/auriga_ros2_tasks/install/interfaces/lib/python3.12/site-packages/interfaces/__init__.py
[0.984s] Listing '/home/mobin/auriga_ros2_tasks/install/interfaces/lib/python3.12/site-packages/interfaces'...
[0.984s] Listing '/home/mobin/auriga_ros2_tasks/install/interfaces/lib/python3.12/site-packages/interfaces/msg'...
[0.993s] -- Up-to-date: /home/mobin/auriga_ros2_tasks/install/interfaces/lib/python3.12/site-packages/interfaces/interfaces_s__rosidl_typesupport_fastrtps_c.so
[0.994s] -- Up-to-date: /home/mobin/auriga_ros2_tasks/install/interfaces/lib/python3.12/site-packages/interfaces/interfaces_s__rosidl_typesupport_introspection_c.so
[0.995s] -- Up-to-date: /home/mobin/auriga_ros2_tasks/install/interfaces/lib/python3.12/site-packages/interfaces/interfaces_s__rosidl_typesupport_c.so
[0.995s] -- Up-to-date: /home/mobin/auriga_ros2_tasks/install/interfaces/lib/libinterfaces__rosidl_generator_py.so
[0.996s] -- Up-to-date: /home/mobin/auriga_ros2_tasks/install/interfaces/share/interfaces/msg/Num.idl
[0.996s] -- Up-to-date: /home/mobin/auriga_ros2_tasks/install/interfaces/share/interfaces/msg/Num.msg
[0.996s] -- Up-to-date: /home/mobin/auriga_ros2_tasks/install/interfaces/share/ament_index/resource_index/package_run_dependencies/interfaces
[0.996s] -- Up-to-date: /home/mobin/auriga_ros2_tasks/install/interfaces/share/ament_index/resource_index/parent_prefix_path/interfaces
[0.996s] -- Up-to-date: /home/mobin/auriga_ros2_tasks/install/interfaces/share/interfaces/environment/ament_prefix_path.sh
[0.997s] -- Up-to-date: /home/mobin/auriga_ros2_tasks/install/interfaces/share/interfaces/environment/ament_prefix_path.dsv
[0.997s] -- Up-to-date: /home/mobin/auriga_ros2_tasks/install/interfaces/share/interfaces/environment/path.sh
[0.997s] -- Up-to-date: /home/mobin/auriga_ros2_tasks/install/interfaces/share/interfaces/environment/path.dsv
[0.997s] -- Up-to-date: /home/mobin/auriga_ros2_tasks/install/interfaces/share/interfaces/local_setup.bash
[0.997s] -- Up-to-date: /home/mobin/auriga_ros2_tasks/install/interfaces/share/interfaces/local_setup.sh
[0.997s] -- Up-to-date: /home/mobin/auriga_ros2_tasks/install/interfaces/share/interfaces/local_setup.zsh
[0.997s] -- Up-to-date: /home/mobin/auriga_ros2_tasks/install/interfaces/share/interfaces/local_setup.dsv
[0.997s] -- Installing: /home/mobin/auriga_ros2_tasks/install/interfaces/share/interfaces/package.dsv
[0.998s] -- Up-to-date: /home/mobin/auriga_ros2_tasks/install/interfaces/share/ament_index/resource_index/packages/interfaces
[0.998s] -- Up-to-date: /home/mobin/auriga_ros2_tasks/install/interfaces/share/interfaces/cmake/export_interfaces__rosidl_generator_cExport.cmake
[0.998s] -- Up-to-date: /home/mobin/auriga_ros2_tasks/install/interfaces/share/interfaces/cmake/export_interfaces__rosidl_generator_cExport-noconfig.cmake
[0.998s] -- Up-to-date: /home/mobin/auriga_ros2_tasks/install/interfaces/share/interfaces/cmake/export_interfaces__rosidl_typesupport_fastrtps_cExport.cmake
[0.998s] -- Up-to-date: /home/mobin/auriga_ros2_tasks/install/interfaces/share/interfaces/cmake/export_interfaces__rosidl_typesupport_fastrtps_cExport-noconfig.cmake
[0.998s] -- Up-to-date: /home/mobin/auriga_ros2_tasks/install/interfaces/share/interfaces/cmake/export_interfaces__rosidl_generator_cppExport.cmake
[0.998s] -- Up-to-date: /home/mobin/auriga_ros2_tasks/install/interfaces/share/interfaces/cmake/export_interfaces__rosidl_typesupport_fastrtps_cppExport.cmake
[0.998s] -- Up-to-date: /home/mobin/auriga_ros2_tasks/install/interfaces/share/interfaces/cmake/export_interfaces__rosidl_typesupport_fastrtps_cppExport-noconfig.cmake
[0.999s] -- Up-to-date: /home/mobin/auriga_ros2_tasks/install/interfaces/share/interfaces/cmake/interfaces__rosidl_typesupport_introspection_cExport.cmake
[0.999s] -- Up-to-date: /home/mobin/auriga_ros2_tasks/install/interfaces/share/interfaces/cmake/interfaces__rosidl_typesupport_introspection_cExport-noconfig.cmake
[0.999s] -- Up-to-date: /home/mobin/auriga_ros2_tasks/install/interfaces/share/interfaces/cmake/interfaces__rosidl_typesupport_cExport.cmake
[0.999s] -- Up-to-date: /home/mobin/auriga_ros2_tasks/install/interfaces/share/interfaces/cmake/interfaces__rosidl_typesupport_cExport-noconfig.cmake
[0.999s] -- Up-to-date: /home/mobin/auriga_ros2_tasks/install/interfaces/share/interfaces/cmake/interfaces__rosidl_typesupport_introspection_cppExport.cmake
[0.999s] -- Up-to-date: /home/mobin/auriga_ros2_tasks/install/interfaces/share/interfaces/cmake/interfaces__rosidl_typesupport_introspection_cppExport-noconfig.cmake
[1.000s] -- Up-to-date: /home/mobin/auriga_ros2_tasks/install/interfaces/share/interfaces/cmake/interfaces__rosidl_typesupport_cppExport.cmake
[1.000s] -- Up-to-date: /home/mobin/auriga_ros2_tasks/install/interfaces/share/interfaces/cmake/interfaces__rosidl_typesupport_cppExport-noconfig.cmake
[1.000s] -- Up-to-date: /home/mobin/auriga_ros2_tasks/install/interfaces/share/interfaces/cmake/export_interfaces__rosidl_generator_pyExport.cmake
[1.000s] -- Up-to-date: /home/mobin/auriga_ros2_tasks/install/interfaces/share/interfaces/cmake/export_interfaces__rosidl_generator_pyExport-noconfig.cmake
[1.000s] -- Up-to-date: /home/mobin/auriga_ros2_tasks/install/interfaces/share/interfaces/cmake/rosidl_cmake-extras.cmake
[1.000s] -- Up-to-date: /home/mobin/auriga_ros2_tasks/install/interfaces/share/interfaces/cmake/ament_cmake_export_dependencies-extras.cmake
[1.000s] -- Up-to-date: /home/mobin/auriga_ros2_tasks/install/interfaces/share/interfaces/cmake/ament_cmake_export_include_directories-extras.cmake
[1.000s] -- Up-to-date: /home/mobin/auriga_ros2_tasks/install/interfaces/share/interfaces/cmake/ament_cmake_export_libraries-extras.cmake
[1.000s] -- Up-to-date: /home/mobin/auriga_ros2_tasks/install/interfaces/share/interfaces/cmake/ament_cmake_export_targets-extras.cmake
[1.001s] -- Up-to-date: /home/mobin/auriga_ros2_tasks/install/interfaces/share/interfaces/cmake/rosidl_cmake_export_typesupport_targets-extras.cmake
[1.001s] -- Up-to-date: /home/mobin/auriga_ros2_tasks/install/interfaces/share/interfaces/cmake/rosidl_cmake_export_typesupport_libraries-extras.cmake
[1.001s] -- Up-to-date: /home/mobin/auriga_ros2_tasks/install/interfaces/share/interfaces/cmake/interfacesConfig.cmake
[1.001s] -- Up-to-date: /home/mobin/auriga_ros2_tasks/install/interfaces/share/interfaces/cmake/interfacesConfig-version.cmake
[1.001s] -- Up-to-date: /home/mobin/auriga_ros2_tasks/install/interfaces/share/interfaces/package.xml
[1.005s] Invoked command in '/home/mobin/auriga_ros2_tasks/build/interfaces' returned '0': CMAKE_PREFIX_PATH=${CMAKE_PREFIX_PATH}:/home/mobin/auriga_ros2_tasks/install/py_package:/home/mobin/ros2_example/install/py_package:/home/mobin/ros2_example/install/launch_testing_examples:/home/mobin/ros2_example/install/examples_rclpy_pointcloud_publisher:/home/mobin/ros2_example/install/examples_rclpy_minimal_subscriber:/home/mobin/ros2_example/install/examples_rclpy_minimal_service:/home/mobin/ros2_example/install/examples_rclpy_minimal_publisher:/home/mobin/ros2_example/install/examples_rclpy_minimal_client:/home/mobin/ros2_example/install/examples_rclpy_minimal_action_server:/home/mobin/ros2_example/install/examples_rclpy_minimal_action_client:/home/mobin/ros2_example/install/examples_rclpy_guard_conditions:/home/mobin/ros2_example/install/examples_rclpy_executors:/home/mobin/ros2_ws/install/rqt_joint_trajectory_controller:/home/mobin/ros2_ws/install/ros2_controllers_test_nodes:/opt/ros/jazzy DEBUGINFOD_URLS=https://debuginfod.ubuntu.com /usr/bin/cmake --install /home/mobin/auriga_ros2_tasks/build/interfaces
