-- The C compiler identification is GNU 13.2.0
-- The CXX compiler identification is GNU 13.2.0
-- Detecting C compiler ABI info
-- Detecting C compiler ABI info - done
-- Check for working C compiler: /usr/bin/cc - skipped
-- Detecting C compile features
-- Detecting C compile features - done
-- Detecting CXX compiler ABI info
-- Detecting CXX compiler ABI info - done
-- Check for working CXX compiler: /usr/bin/c++ - skipped
-- Detecting CXX compile features
-- Detecting CXX compile features - done
-- Found ament_cmake: 2.5.2 (/opt/ros/jazzy/share/ament_cmake/cmake)
-- Found Python3: /usr/bin/python3 (found version "3.12.3") found components: Interpreter 
-- Override CMake install command with custom implementation using symlinks instead of copying resources
-- Found ament_lint_auto: 0.17.1 (/opt/ros/jazzy/share/ament_lint_auto/cmake)
-- Added test 'cppcheck' to perform static code analysis on C / C++ code
-- Configured cppcheck include dirs: $<BUILD_INTERFACE:/home/mobin/auriga_ros2_tasks/src/cpp_package/include>
-- Configured cppcheck exclude dirs and/or files: 
-- Added test 'lint_cmake' to check CMake code style
-- Added test 'uncrustify' to check C / C++ code style
-- Configured uncrustify additional arguments: 
-- Added test 'xmllint' to check XML markup files
-- Configuring done (2.2s)
-- Generating done (0.0s)
-- Build files have been written to: /home/mobin/auriga_ros2_tasks/build/cpp_package
[ 50%] [32mBuilding CXX object CMakeFiles/cpp_node.dir/src/cpp_node.cpp.o[0m
[100%] [32m[1mLinking CXX executable cpp_node[0m
[100%] Built target cpp_node
-- Install configuration: ""
-- Execute custom install script
-- Symlinking: /home/mobin/auriga_ros2_tasks/install/cpp_package/lib/cpp_package/cpp_node
-- Symlinking: /home/mobin/auriga_ros2_tasks/install/cpp_package/share/ament_index/resource_index/package_run_dependencies/cpp_package
-- Symlinking: /home/mobin/auriga_ros2_tasks/install/cpp_package/share/ament_index/resource_index/parent_prefix_path/cpp_package
-- Symlinking: /home/mobin/auriga_ros2_tasks/install/cpp_package/share/cpp_package/environment/ament_prefix_path.sh
-- Symlinking: /home/mobin/auriga_ros2_tasks/install/cpp_package/share/cpp_package/environment/ament_prefix_path.dsv
-- Symlinking: /home/mobin/auriga_ros2_tasks/install/cpp_package/share/cpp_package/environment/path.sh
-- Symlinking: /home/mobin/auriga_ros2_tasks/install/cpp_package/share/cpp_package/environment/path.dsv
-- Symlinking: /home/mobin/auriga_ros2_tasks/install/cpp_package/share/cpp_package/local_setup.bash
-- Symlinking: /home/mobin/auriga_ros2_tasks/install/cpp_package/share/cpp_package/local_setup.sh
-- Symlinking: /home/mobin/auriga_ros2_tasks/install/cpp_package/share/cpp_package/local_setup.zsh
-- Symlinking: /home/mobin/auriga_ros2_tasks/install/cpp_package/share/cpp_package/local_setup.dsv
-- Symlinking: /home/mobin/auriga_ros2_tasks/install/cpp_package/share/cpp_package/package.dsv
-- Symlinking: /home/mobin/auriga_ros2_tasks/install/cpp_package/share/ament_index/resource_index/packages/cpp_package
-- Symlinking: /home/mobin/auriga_ros2_tasks/install/cpp_package/share/cpp_package/cmake/cpp_packageConfig.cmake
-- Symlinking: /home/mobin/auriga_ros2_tasks/install/cpp_package/share/cpp_package/cmake/cpp_packageConfig-version.cmake
-- Symlinking: /home/mobin/auriga_ros2_tasks/install/cpp_package/share/cpp_package/package.xml
