[0.041s] Invoking command in '/home/mobin/auriga_ros2_tasks/build/cpp_package': CMAKE_PREFIX_PATH=${CMAKE_PREFIX_PATH}:/home/mobin/ros2_example/install/py_package:/home/mobin/ros2_example/install/launch_testing_examples:/home/mobin/ros2_example/install/examples_rclpy_pointcloud_publisher:/home/mobin/ros2_example/install/examples_rclpy_minimal_subscriber:/home/mobin/ros2_example/install/examples_rclpy_minimal_service:/home/mobin/ros2_example/install/examples_rclpy_minimal_publisher:/home/mobin/ros2_example/install/examples_rclpy_minimal_client:/home/mobin/ros2_example/install/examples_rclpy_minimal_action_server:/home/mobin/ros2_example/install/examples_rclpy_minimal_action_client:/home/mobin/ros2_example/install/examples_rclpy_guard_conditions:/home/mobin/ros2_example/install/examples_rclpy_executors:/home/mobin/ros2_ws/install/rqt_joint_trajectory_controller:/home/mobin/ros2_ws/install/ros2_controllers_test_nodes:/opt/ros/jazzy DEBUGINFOD_URLS=https://debuginfod.ubuntu.com /usr/bin/cmake /home/mobin/auriga_ros2_tasks/src/cpp_package -DAMENT_CMAKE_SYMLINK_INSTALL=1 -DCMAKE_INSTALL_PREFIX=/home/mobin/auriga_ros2_tasks/install/cpp_package
[0.492s] -- The C compiler identification is GNU 13.2.0
[0.715s] -- The CXX compiler identification is GNU 13.2.0
[0.762s] -- Detecting C compiler ABI info
[0.994s] -- Detecting C compiler ABI info - done
[1.011s] -- Check for working C compiler: /usr/bin/cc - skipped
[1.012s] -- Detecting C compile features
[1.013s] -- Detecting C compile features - done
[1.037s] -- Detecting CXX compiler ABI info
[1.286s] -- Detecting CXX compiler ABI info - done
[1.304s] -- Check for working CXX compiler: /usr/bin/c++ - skipped
[1.304s] -- Detecting CXX compile features
[1.305s] -- Detecting CXX compile features - done
[1.339s] -- Found ament_cmake: 2.5.2 (/opt/ros/jazzy/share/ament_cmake/cmake)
[1.761s] -- Found Python3: /usr/bin/python3 (found version "3.12.3") found components: Interpreter 
[1.924s] -- Override CMake install command with custom implementation using symlinks instead of copying resources
[2.161s] -- Found ament_lint_auto: 0.17.1 (/opt/ros/jazzy/share/ament_lint_auto/cmake)
[2.438s] -- Added test 'cppcheck' to perform static code analysis on C / C++ code
[2.438s] -- Configured cppcheck include dirs: $<BUILD_INTERFACE:/home/mobin/auriga_ros2_tasks/src/cpp_package/include>
[2.438s] -- Configured cppcheck exclude dirs and/or files: 
[2.442s] -- Added test 'lint_cmake' to check CMake code style
[2.446s] -- Added test 'uncrustify' to check C / C++ code style
[2.446s] -- Configured uncrustify additional arguments: 
[2.449s] -- Added test 'xmllint' to check XML markup files
[2.456s] -- Configuring done (2.2s)
[2.465s] -- Generating done (0.0s)
[2.469s] -- Build files have been written to: /home/mobin/auriga_ros2_tasks/build/cpp_package
[2.477s] Invoked command in '/home/mobin/auriga_ros2_tasks/build/cpp_package' returned '0': CMAKE_PREFIX_PATH=${CMAKE_PREFIX_PATH}:/home/mobin/ros2_example/install/py_package:/home/mobin/ros2_example/install/launch_testing_examples:/home/mobin/ros2_example/install/examples_rclpy_pointcloud_publisher:/home/mobin/ros2_example/install/examples_rclpy_minimal_subscriber:/home/mobin/ros2_example/install/examples_rclpy_minimal_service:/home/mobin/ros2_example/install/examples_rclpy_minimal_publisher:/home/mobin/ros2_example/install/examples_rclpy_minimal_client:/home/mobin/ros2_example/install/examples_rclpy_minimal_action_server:/home/mobin/ros2_example/install/examples_rclpy_minimal_action_client:/home/mobin/ros2_example/install/examples_rclpy_guard_conditions:/home/mobin/ros2_example/install/examples_rclpy_executors:/home/mobin/ros2_ws/install/rqt_joint_trajectory_controller:/home/mobin/ros2_ws/install/ros2_controllers_test_nodes:/opt/ros/jazzy DEBUGINFOD_URLS=https://debuginfod.ubuntu.com /usr/bin/cmake /home/mobin/auriga_ros2_tasks/src/cpp_package -DAMENT_CMAKE_SYMLINK_INSTALL=1 -DCMAKE_INSTALL_PREFIX=/home/mobin/auriga_ros2_tasks/install/cpp_package
[2.479s] Invoking command in '/home/mobin/auriga_ros2_tasks/build/cpp_package': CMAKE_PREFIX_PATH=${CMAKE_PREFIX_PATH}:/home/mobin/ros2_example/install/py_package:/home/mobin/ros2_example/install/launch_testing_examples:/home/mobin/ros2_example/install/examples_rclpy_pointcloud_publisher:/home/mobin/ros2_example/install/examples_rclpy_minimal_subscriber:/home/mobin/ros2_example/install/examples_rclpy_minimal_service:/home/mobin/ros2_example/install/examples_rclpy_minimal_publisher:/home/mobin/ros2_example/install/examples_rclpy_minimal_client:/home/mobin/ros2_example/install/examples_rclpy_minimal_action_server:/home/mobin/ros2_example/install/examples_rclpy_minimal_action_client:/home/mobin/ros2_example/install/examples_rclpy_guard_conditions:/home/mobin/ros2_example/install/examples_rclpy_executors:/home/mobin/ros2_ws/install/rqt_joint_trajectory_controller:/home/mobin/ros2_ws/install/ros2_controllers_test_nodes:/opt/ros/jazzy DEBUGINFOD_URLS=https://debuginfod.ubuntu.com /usr/bin/cmake --build /home/mobin/auriga_ros2_tasks/build/cpp_package -- -j16 -l16
[2.597s] [ 50%] [32mBuilding CXX object CMakeFiles/cpp_node.dir/src/cpp_node.cpp.o[0m
[2.699s] [100%] [32m[1mLinking CXX executable cpp_node[0m
[2.797s] [100%] Built target cpp_node
[2.824s] Invoked command in '/home/mobin/auriga_ros2_tasks/build/cpp_package' returned '0': CMAKE_PREFIX_PATH=${CMAKE_PREFIX_PATH}:/home/mobin/ros2_example/install/py_package:/home/mobin/ros2_example/install/launch_testing_examples:/home/mobin/ros2_example/install/examples_rclpy_pointcloud_publisher:/home/mobin/ros2_example/install/examples_rclpy_minimal_subscriber:/home/mobin/ros2_example/install/examples_rclpy_minimal_service:/home/mobin/ros2_example/install/examples_rclpy_minimal_publisher:/home/mobin/ros2_example/install/examples_rclpy_minimal_client:/home/mobin/ros2_example/install/examples_rclpy_minimal_action_server:/home/mobin/ros2_example/install/examples_rclpy_minimal_action_client:/home/mobin/ros2_example/install/examples_rclpy_guard_conditions:/home/mobin/ros2_example/install/examples_rclpy_executors:/home/mobin/ros2_ws/install/rqt_joint_trajectory_controller:/home/mobin/ros2_ws/install/ros2_controllers_test_nodes:/opt/ros/jazzy DEBUGINFOD_URLS=https://debuginfod.ubuntu.com /usr/bin/cmake --build /home/mobin/auriga_ros2_tasks/build/cpp_package -- -j16 -l16
[2.847s] Invoking command in '/home/mobin/auriga_ros2_tasks/build/cpp_package': CMAKE_PREFIX_PATH=${CMAKE_PREFIX_PATH}:/home/mobin/ros2_example/install/py_package:/home/mobin/ros2_example/install/launch_testing_examples:/home/mobin/ros2_example/install/examples_rclpy_pointcloud_publisher:/home/mobin/ros2_example/install/examples_rclpy_minimal_subscriber:/home/mobin/ros2_example/install/examples_rclpy_minimal_service:/home/mobin/ros2_example/install/examples_rclpy_minimal_publisher:/home/mobin/ros2_example/install/examples_rclpy_minimal_client:/home/mobin/ros2_example/install/examples_rclpy_minimal_action_server:/home/mobin/ros2_example/install/examples_rclpy_minimal_action_client:/home/mobin/ros2_example/install/examples_rclpy_guard_conditions:/home/mobin/ros2_example/install/examples_rclpy_executors:/home/mobin/ros2_ws/install/rqt_joint_trajectory_controller:/home/mobin/ros2_ws/install/ros2_controllers_test_nodes:/opt/ros/jazzy DEBUGINFOD_URLS=https://debuginfod.ubuntu.com /usr/bin/cmake --install /home/mobin/auriga_ros2_tasks/build/cpp_package
[2.865s] -- Install configuration: ""
[2.866s] -- Execute custom install script
[2.866s] -- Symlinking: /home/mobin/auriga_ros2_tasks/install/cpp_package/lib/cpp_package/cpp_node
[2.889s] -- Symlinking: /home/mobin/auriga_ros2_tasks/install/cpp_package/share/ament_index/resource_index/package_run_dependencies/cpp_package
[2.912s] -- Symlinking: /home/mobin/auriga_ros2_tasks/install/cpp_package/share/ament_index/resource_index/parent_prefix_path/cpp_package
[2.934s] -- Symlinking: /home/mobin/auriga_ros2_tasks/install/cpp_package/share/cpp_package/environment/ament_prefix_path.sh
[2.955s] -- Symlinking: /home/mobin/auriga_ros2_tasks/install/cpp_package/share/cpp_package/environment/ament_prefix_path.dsv
[2.977s] -- Symlinking: /home/mobin/auriga_ros2_tasks/install/cpp_package/share/cpp_package/environment/path.sh
[2.999s] -- Symlinking: /home/mobin/auriga_ros2_tasks/install/cpp_package/share/cpp_package/environment/path.dsv
[3.021s] -- Symlinking: /home/mobin/auriga_ros2_tasks/install/cpp_package/share/cpp_package/local_setup.bash
[3.043s] -- Symlinking: /home/mobin/auriga_ros2_tasks/install/cpp_package/share/cpp_package/local_setup.sh
[3.065s] -- Symlinking: /home/mobin/auriga_ros2_tasks/install/cpp_package/share/cpp_package/local_setup.zsh
[3.086s] -- Symlinking: /home/mobin/auriga_ros2_tasks/install/cpp_package/share/cpp_package/local_setup.dsv
[3.109s] -- Symlinking: /home/mobin/auriga_ros2_tasks/install/cpp_package/share/cpp_package/package.dsv
[3.131s] -- Symlinking: /home/mobin/auriga_ros2_tasks/install/cpp_package/share/ament_index/resource_index/packages/cpp_package
[3.153s] -- Symlinking: /home/mobin/auriga_ros2_tasks/install/cpp_package/share/cpp_package/cmake/cpp_packageConfig.cmake
[3.175s] -- Symlinking: /home/mobin/auriga_ros2_tasks/install/cpp_package/share/cpp_package/cmake/cpp_packageConfig-version.cmake
[3.197s] -- Symlinking: /home/mobin/auriga_ros2_tasks/install/cpp_package/share/cpp_package/package.xml
[3.223s] Invoked command in '/home/mobin/auriga_ros2_tasks/build/cpp_package' returned '0': CMAKE_PREFIX_PATH=${CMAKE_PREFIX_PATH}:/home/mobin/ros2_example/install/py_package:/home/mobin/ros2_example/install/launch_testing_examples:/home/mobin/ros2_example/install/examples_rclpy_pointcloud_publisher:/home/mobin/ros2_example/install/examples_rclpy_minimal_subscriber:/home/mobin/ros2_example/install/examples_rclpy_minimal_service:/home/mobin/ros2_example/install/examples_rclpy_minimal_publisher:/home/mobin/ros2_example/install/examples_rclpy_minimal_client:/home/mobin/ros2_example/install/examples_rclpy_minimal_action_server:/home/mobin/ros2_example/install/examples_rclpy_minimal_action_client:/home/mobin/ros2_example/install/examples_rclpy_guard_conditions:/home/mobin/ros2_example/install/examples_rclpy_executors:/home/mobin/ros2_ws/install/rqt_joint_trajectory_controller:/home/mobin/ros2_ws/install/ros2_controllers_test_nodes:/opt/ros/jazzy DEBUGINFOD_URLS=https://debuginfod.ubuntu.com /usr/bin/cmake --install /home/mobin/auriga_ros2_tasks/build/cpp_package
