[1.712s] Invoking command in '/home/mobin/auriga_ros2_tasks/src/py_package': DEBUGINFOD_URLS=https://debuginfod.ubuntu.com PYTHONPATH=/home/mobin/auriga_ros2_tasks/build/py_package/prefix_override:/usr/lib/python3/dist-packages/colcon_core/task/python/colcon_distutils_commands:/home/mobin/auriga_ros2_tasks/install/py_package/lib/python3.12/site-packages:${PYTHONPATH} /usr/bin/python3 -W ignore:setup.py install is deprecated -W ignore:easy_install command is deprecated setup.py egg_info --egg-base ../../build/py_package build --build-base /home/mobin/auriga_ros2_tasks/build/py_package/build install --record /home/mobin/auriga_ros2_tasks/build/py_package/install.log --single-version-externally-managed install_data
[2.197s] running egg_info
[2.236s] writing ../../build/py_package/py_package.egg-info/PKG-INFO
[2.236s] writing dependency_links to ../../build/py_package/py_package.egg-info/dependency_links.txt
[2.237s] writing entry points to ../../build/py_package/py_package.egg-info/entry_points.txt
[2.237s] writing requirements to ../../build/py_package/py_package.egg-info/requires.txt
[2.237s] writing top-level names to ../../build/py_package/py_package.egg-info/top_level.txt
[2.316s] reading manifest file '../../build/py_package/py_package.egg-info/SOURCES.txt'
[2.316s] adding license file 'LICENSE'
[2.317s] writing manifest file '../../build/py_package/py_package.egg-info/SOURCES.txt'
[2.317s] running build
[2.317s] running build_py
[2.317s] running install
[2.329s] running install_lib
[2.369s] running install_data
[2.369s] running install_egg_info
[2.410s] removing '/home/mobin/auriga_ros2_tasks/install/py_package/lib/python3.12/site-packages/py_package-0.0.0-py3.12.egg-info' (and everything under it)
[2.410s] Copying ../../build/py_package/py_package.egg-info to /home/mobin/auriga_ros2_tasks/install/py_package/lib/python3.12/site-packages/py_package-0.0.0-py3.12.egg-info
[2.412s] running install_scripts
[2.673s] Installing py_node script to /home/mobin/auriga_ros2_tasks/install/py_package/lib/py_package
[2.673s] writing list of installed files to '/home/mobin/auriga_ros2_tasks/build/py_package/install.log'
