[0.192s] DEBUG:colcon:Command line arguments: ['/usr/bin/colcon', 'build', '--symlink-install']
[0.192s] DEBUG:colcon:Parsed command line arguments: Namespace(log_base=None, log_level=None, verb_name='build', build_base='build', install_base='install', merge_install=False, symlink_install=True, test_result_base=None, continue_on_error=False, executor='parallel', parallel_workers=16, event_handlers=None, ignore_user_meta=False, metas=['./colcon.meta'], base_paths=['.'], packages_ignore=None, packages_ignore_regex=None, paths=None, packages_up_to=None, packages_up_to_regex=None, packages_above=None, packages_above_and_dependencies=None, packages_above_depth=None, packages_select_by_dep=None, packages_skip_by_dep=None, packages_skip_up_to=None, packages_select_build_failed=False, packages_skip_build_finished=False, packages_select_test_failures=False, packages_skip_test_passed=False, packages_select=None, packages_skip=None, packages_select_regex=None, packages_skip_regex=None, packages_start=None, packages_end=None, allow_overriding=[], cmake_args=None, cmake_target=None, cmake_target_skip_unavailable=False, cmake_clean_cache=False, cmake_clean_first=False, cmake_force_configure=False, ament_cmake_args=None, catkin_cmake_args=None, catkin_skip_building_tests=False, mixin_files=None, mixin=None, verb_parser=<colcon_mixin.mixin.mixin_argument.MixinArgumentDecorator object at 0x745d52c9e960>, verb_extension=<colcon_core.verb.build.BuildVerb object at 0x745d52c9e5a0>, main=<bound method BuildVerb.main of <colcon_core.verb.build.BuildVerb object at 0x745d52c9e5a0>>, mixin_verb=('build',))
[0.261s] Level 1:colcon.colcon_core.package_discovery:discover_packages(colcon_meta) check parameters
[0.261s] Level 1:colcon.colcon_core.package_discovery:discover_packages(recursive) check parameters
[0.261s] Level 1:colcon.colcon_core.package_discovery:discover_packages(ignore) check parameters
[0.262s] Level 1:colcon.colcon_core.package_discovery:discover_packages(path) check parameters
[0.262s] Level 1:colcon.colcon_core.package_discovery:discover_packages(colcon_meta) discover
[0.262s] Level 1:colcon.colcon_core.package_discovery:discover_packages(recursive) discover
[0.262s] INFO:colcon.colcon_core.package_discovery:Crawling recursively for packages in '/home/mobin/auriga_ros2_tasks'
[0.262s] Level 1:colcon.colcon_core.package_identification:_identify(.) by extensions ['ignore', 'ignore_ament_install']
[0.262s] Level 1:colcon.colcon_core.package_identification:_identify(.) by extension 'ignore'
[0.262s] Level 1:colcon.colcon_core.package_identification:_identify(.) by extension 'ignore_ament_install'
[0.262s] Level 1:colcon.colcon_core.package_identification:_identify(.) by extensions ['colcon_pkg']
[0.262s] Level 1:colcon.colcon_core.package_identification:_identify(.) by extension 'colcon_pkg'
[0.262s] Level 1:colcon.colcon_core.package_identification:_identify(.) by extensions ['colcon_meta']
[0.262s] Level 1:colcon.colcon_core.package_identification:_identify(.) by extension 'colcon_meta'
[0.262s] Level 1:colcon.colcon_core.package_identification:_identify(.) by extensions ['ros']
[0.262s] Level 1:colcon.colcon_core.package_identification:_identify(.) by extension 'ros'
[0.307s] Level 1:colcon.colcon_core.package_identification:_identify(.) by extensions ['cmake', 'python']
[0.307s] Level 1:colcon.colcon_core.package_identification:_identify(.) by extension 'cmake'
[0.307s] Level 1:colcon.colcon_core.package_identification:_identify(.) by extension 'python'
[0.307s] Level 1:colcon.colcon_core.package_identification:_identify(.) by extensions ['python_setup_py']
[0.307s] Level 1:colcon.colcon_core.package_identification:_identify(.) by extension 'python_setup_py'
[0.308s] Level 1:colcon.colcon_core.package_identification:_identify(build) by extensions ['ignore', 'ignore_ament_install']
[0.308s] Level 1:colcon.colcon_core.package_identification:_identify(build) by extension 'ignore'
[0.308s] Level 1:colcon.colcon_core.package_identification:_identify(build) ignored
[0.308s] Level 1:colcon.colcon_core.package_identification:_identify(install) by extensions ['ignore', 'ignore_ament_install']
[0.308s] Level 1:colcon.colcon_core.package_identification:_identify(install) by extension 'ignore'
[0.308s] Level 1:colcon.colcon_core.package_identification:_identify(install) ignored
[0.308s] Level 1:colcon.colcon_core.package_identification:_identify(log) by extensions ['ignore', 'ignore_ament_install']
[0.308s] Level 1:colcon.colcon_core.package_identification:_identify(log) by extension 'ignore'
[0.308s] Level 1:colcon.colcon_core.package_identification:_identify(log) ignored
[0.309s] Level 1:colcon.colcon_core.package_identification:_identify(src) by extensions ['ignore', 'ignore_ament_install']
[0.309s] Level 1:colcon.colcon_core.package_identification:_identify(src) by extension 'ignore'
[0.309s] Level 1:colcon.colcon_core.package_identification:_identify(src) by extension 'ignore_ament_install'
[0.309s] Level 1:colcon.colcon_core.package_identification:_identify(src) by extensions ['colcon_pkg']
[0.309s] Level 1:colcon.colcon_core.package_identification:_identify(src) by extension 'colcon_pkg'
[0.309s] Level 1:colcon.colcon_core.package_identification:_identify(src) by extensions ['colcon_meta']
[0.309s] Level 1:colcon.colcon_core.package_identification:_identify(src) by extension 'colcon_meta'
[0.309s] Level 1:colcon.colcon_core.package_identification:_identify(src) by extensions ['ros']
[0.309s] Level 1:colcon.colcon_core.package_identification:_identify(src) by extension 'ros'
[0.309s] Level 1:colcon.colcon_core.package_identification:_identify(src) by extensions ['cmake', 'python']
[0.309s] Level 1:colcon.colcon_core.package_identification:_identify(src) by extension 'cmake'
[0.309s] Level 1:colcon.colcon_core.package_identification:_identify(src) by extension 'python'
[0.309s] Level 1:colcon.colcon_core.package_identification:_identify(src) by extensions ['python_setup_py']
[0.309s] Level 1:colcon.colcon_core.package_identification:_identify(src) by extension 'python_setup_py'
[0.310s] Level 1:colcon.colcon_core.package_identification:_identify(src/cpp_package) by extensions ['ignore', 'ignore_ament_install']
[0.310s] Level 1:colcon.colcon_core.package_identification:_identify(src/cpp_package) by extension 'ignore'
[0.310s] Level 1:colcon.colcon_core.package_identification:_identify(src/cpp_package) by extension 'ignore_ament_install'
[0.310s] Level 1:colcon.colcon_core.package_identification:_identify(src/cpp_package) by extensions ['colcon_pkg']
[0.310s] Level 1:colcon.colcon_core.package_identification:_identify(src/cpp_package) by extension 'colcon_pkg'
[0.310s] Level 1:colcon.colcon_core.package_identification:_identify(src/cpp_package) by extensions ['colcon_meta']
[0.310s] Level 1:colcon.colcon_core.package_identification:_identify(src/cpp_package) by extension 'colcon_meta'
[0.310s] Level 1:colcon.colcon_core.package_identification:_identify(src/cpp_package) by extensions ['ros']
[0.310s] Level 1:colcon.colcon_core.package_identification:_identify(src/cpp_package) by extension 'ros'
[0.316s] DEBUG:colcon.colcon_core.package_identification:Package 'src/cpp_package' with type 'ros.ament_cmake' and name 'cpp_package'
[0.316s] Level 1:colcon.colcon_core.package_identification:_identify(src/py_package) by extensions ['ignore', 'ignore_ament_install']
[0.316s] Level 1:colcon.colcon_core.package_identification:_identify(src/py_package) by extension 'ignore'
[0.316s] Level 1:colcon.colcon_core.package_identification:_identify(src/py_package) by extension 'ignore_ament_install'
[0.316s] Level 1:colcon.colcon_core.package_identification:_identify(src/py_package) by extensions ['colcon_pkg']
[0.316s] Level 1:colcon.colcon_core.package_identification:_identify(src/py_package) by extension 'colcon_pkg'
[0.316s] Level 1:colcon.colcon_core.package_identification:_identify(src/py_package) by extensions ['colcon_meta']
[0.316s] Level 1:colcon.colcon_core.package_identification:_identify(src/py_package) by extension 'colcon_meta'
[0.317s] Level 1:colcon.colcon_core.package_identification:_identify(src/py_package) by extensions ['ros']
[0.317s] Level 1:colcon.colcon_core.package_identification:_identify(src/py_package) by extension 'ros'
[0.317s] DEBUG:colcon.colcon_core.package_identification:Package 'src/py_package' with type 'ros.ament_python' and name 'py_package'
[0.317s] Level 1:colcon.colcon_core.package_discovery:discover_packages(recursive) using defaults
[0.317s] Level 1:colcon.colcon_core.package_discovery:discover_packages(ignore) discover
[0.317s] Level 1:colcon.colcon_core.package_discovery:discover_packages(ignore) using defaults
[0.317s] Level 1:colcon.colcon_core.package_discovery:discover_packages(path) discover
[0.318s] Level 1:colcon.colcon_core.package_discovery:discover_packages(path) using defaults
[0.348s] Level 1:colcon.colcon_core.package_discovery:discover_packages(prefix_path) check parameters
[0.348s] Level 1:colcon.colcon_core.package_discovery:discover_packages(prefix_path) discover
[0.353s] DEBUG:colcon.colcon_installed_package_information.package_discovery:Found 0 installed packages in /home/mobin/auriga_ros2_tasks/install
[0.354s] DEBUG:colcon.colcon_installed_package_information.package_discovery:Found 25 installed packages in /home/mobin/ros2_example/install
[0.356s] DEBUG:colcon.colcon_installed_package_information.package_discovery:Found 11 installed packages in /home/mobin/ros2_ws/install
[0.360s] DEBUG:colcon.colcon_installed_package_information.package_discovery:Found 477 installed packages in /opt/ros/jazzy
[0.365s] Level 1:colcon.colcon_core.package_discovery:discover_packages(prefix_path) using defaults
[0.474s] Level 5:colcon.colcon_core.verb:set package 'cpp_package' build argument 'cmake_args' from command line to 'None'
[0.474s] Level 5:colcon.colcon_core.verb:set package 'cpp_package' build argument 'cmake_target' from command line to 'None'
[0.475s] Level 5:colcon.colcon_core.verb:set package 'cpp_package' build argument 'cmake_target_skip_unavailable' from command line to 'False'
[0.475s] Level 5:colcon.colcon_core.verb:set package 'cpp_package' build argument 'cmake_clean_cache' from command line to 'False'
[0.475s] Level 5:colcon.colcon_core.verb:set package 'cpp_package' build argument 'cmake_clean_first' from command line to 'False'
[0.475s] Level 5:colcon.colcon_core.verb:set package 'cpp_package' build argument 'cmake_force_configure' from command line to 'False'
[0.475s] Level 5:colcon.colcon_core.verb:set package 'cpp_package' build argument 'ament_cmake_args' from command line to 'None'
[0.475s] Level 5:colcon.colcon_core.verb:set package 'cpp_package' build argument 'catkin_cmake_args' from command line to 'None'
[0.475s] Level 5:colcon.colcon_core.verb:set package 'cpp_package' build argument 'catkin_skip_building_tests' from command line to 'False'
[0.475s] DEBUG:colcon.colcon_core.verb:Building package 'cpp_package' with the following arguments: {'ament_cmake_args': None, 'build_base': '/home/mobin/auriga_ros2_tasks/build/cpp_package', 'catkin_cmake_args': None, 'catkin_skip_building_tests': False, 'cmake_args': None, 'cmake_clean_cache': False, 'cmake_clean_first': False, 'cmake_force_configure': False, 'cmake_target': None, 'cmake_target_skip_unavailable': False, 'install_base': '/home/mobin/auriga_ros2_tasks/install/cpp_package', 'merge_install': False, 'path': '/home/mobin/auriga_ros2_tasks/src/cpp_package', 'symlink_install': True, 'test_result_base': None}
[0.475s] Level 5:colcon.colcon_core.verb:set package 'py_package' build argument 'cmake_args' from command line to 'None'
[0.475s] Level 5:colcon.colcon_core.verb:set package 'py_package' build argument 'cmake_target' from command line to 'None'
[0.475s] Level 5:colcon.colcon_core.verb:set package 'py_package' build argument 'cmake_target_skip_unavailable' from command line to 'False'
[0.475s] Level 5:colcon.colcon_core.verb:set package 'py_package' build argument 'cmake_clean_cache' from command line to 'False'
[0.475s] Level 5:colcon.colcon_core.verb:set package 'py_package' build argument 'cmake_clean_first' from command line to 'False'
[0.475s] Level 5:colcon.colcon_core.verb:set package 'py_package' build argument 'cmake_force_configure' from command line to 'False'
[0.475s] Level 5:colcon.colcon_core.verb:set package 'py_package' build argument 'ament_cmake_args' from command line to 'None'
[0.475s] Level 5:colcon.colcon_core.verb:set package 'py_package' build argument 'catkin_cmake_args' from command line to 'None'
[0.475s] Level 5:colcon.colcon_core.verb:set package 'py_package' build argument 'catkin_skip_building_tests' from command line to 'False'
[0.476s] DEBUG:colcon.colcon_core.verb:Building package 'py_package' with the following arguments: {'ament_cmake_args': None, 'build_base': '/home/mobin/auriga_ros2_tasks/build/py_package', 'catkin_cmake_args': None, 'catkin_skip_building_tests': False, 'cmake_args': None, 'cmake_clean_cache': False, 'cmake_clean_first': False, 'cmake_force_configure': False, 'cmake_target': None, 'cmake_target_skip_unavailable': False, 'install_base': '/home/mobin/auriga_ros2_tasks/install/py_package', 'merge_install': False, 'path': '/home/mobin/auriga_ros2_tasks/src/py_package', 'symlink_install': True, 'test_result_base': None}
[0.476s] INFO:colcon.colcon_core.executor:Executing jobs using 'parallel' executor
[0.477s] DEBUG:colcon.colcon_parallel_executor.executor.parallel:run_until_complete
[0.478s] INFO:colcon.colcon_ros.task.ament_cmake.build:Building ROS package in '/home/mobin/auriga_ros2_tasks/src/cpp_package' with build type 'ament_cmake'
[0.478s] INFO:colcon.colcon_cmake.task.cmake.build:Building CMake package in '/home/mobin/auriga_ros2_tasks/src/cpp_package'
[0.483s] INFO:colcon.colcon_core.plugin_system:Skipping extension 'colcon_core.shell.bat': Not used on non-Windows systems
[0.483s] INFO:colcon.colcon_core.shell:Skip shell extension 'powershell' for command environment: Not usable outside of PowerShell
[0.483s] DEBUG:colcon.colcon_core.shell:Skip shell extension 'dsv' for command environment
[0.497s] INFO:colcon.colcon_ros.task.ament_python.build:Building ROS package in '/home/mobin/auriga_ros2_tasks/src/py_package' with build type 'ament_python'
[0.497s] Level 1:colcon.colcon_core.shell:create_environment_hook('py_package', 'ament_prefix_path')
[0.497s] INFO:colcon.colcon_core.shell:Creating environment hook '/home/mobin/auriga_ros2_tasks/install/py_package/share/py_package/hook/ament_prefix_path.ps1'
[0.500s] INFO:colcon.colcon_core.shell:Creating environment descriptor '/home/mobin/auriga_ros2_tasks/install/py_package/share/py_package/hook/ament_prefix_path.dsv'
[0.500s] INFO:colcon.colcon_core.shell:Creating environment hook '/home/mobin/auriga_ros2_tasks/install/py_package/share/py_package/hook/ament_prefix_path.sh'
[0.501s] INFO:colcon.colcon_core.shell:Skip shell extension 'powershell' for command environment: Not usable outside of PowerShell
[0.502s] DEBUG:colcon.colcon_core.shell:Skip shell extension 'dsv' for command environment
[0.520s] DEBUG:colcon.colcon_core.event_handler.log_command:Invoking command in '/home/mobin/auriga_ros2_tasks/build/cpp_package': CMAKE_PREFIX_PATH=${CMAKE_PREFIX_PATH}:/home/mobin/ros2_example/install/py_package:/home/mobin/ros2_example/install/launch_testing_examples:/home/mobin/ros2_example/install/examples_rclpy_pointcloud_publisher:/home/mobin/ros2_example/install/examples_rclpy_minimal_subscriber:/home/mobin/ros2_example/install/examples_rclpy_minimal_service:/home/mobin/ros2_example/install/examples_rclpy_minimal_publisher:/home/mobin/ros2_example/install/examples_rclpy_minimal_client:/home/mobin/ros2_example/install/examples_rclpy_minimal_action_server:/home/mobin/ros2_example/install/examples_rclpy_minimal_action_client:/home/mobin/ros2_example/install/examples_rclpy_guard_conditions:/home/mobin/ros2_example/install/examples_rclpy_executors:/home/mobin/ros2_ws/install/rqt_joint_trajectory_controller:/home/mobin/ros2_ws/install/ros2_controllers_test_nodes:/opt/ros/jazzy DEBUGINFOD_URLS=https://debuginfod.ubuntu.com /usr/bin/cmake /home/mobin/auriga_ros2_tasks/src/cpp_package -DAMENT_CMAKE_SYMLINK_INSTALL=1 -DCMAKE_INSTALL_PREFIX=/home/mobin/auriga_ros2_tasks/install/cpp_package
[0.934s] INFO:colcon.colcon_core.task.python.build:Building Python package in '/home/mobin/auriga_ros2_tasks/src/py_package'
[0.935s] INFO:colcon.colcon_core.shell:Skip shell extension 'powershell' for command environment: Not usable outside of PowerShell
[0.935s] DEBUG:colcon.colcon_core.shell:Skip shell extension 'dsv' for command environment
[2.272s] DEBUG:colcon.colcon_core.event_handler.log_command:Invoking command in '/home/mobin/auriga_ros2_tasks/build/py_package': DEBUGINFOD_URLS=https://debuginfod.ubuntu.com PYTHONPATH=/home/mobin/auriga_ros2_tasks/build/py_package/prefix_override:/usr/lib/python3/dist-packages/colcon_core/task/python/colcon_distutils_commands:/home/mobin/auriga_ros2_tasks/install/py_package/lib/python3.12/site-packages:${PYTHONPATH} /usr/bin/python3 -W ignore:setup.py install is deprecated -W ignore:easy_install command is deprecated setup.py develop --editable --build-directory /home/mobin/auriga_ros2_tasks/build/py_package/build --no-deps symlink_data
[2.956s] DEBUG:colcon.colcon_core.event_handler.log_command:Invoked command in '/home/mobin/auriga_ros2_tasks/build/cpp_package' returned '0': CMAKE_PREFIX_PATH=${CMAKE_PREFIX_PATH}:/home/mobin/ros2_example/install/py_package:/home/mobin/ros2_example/install/launch_testing_examples:/home/mobin/ros2_example/install/examples_rclpy_pointcloud_publisher:/home/mobin/ros2_example/install/examples_rclpy_minimal_subscriber:/home/mobin/ros2_example/install/examples_rclpy_minimal_service:/home/mobin/ros2_example/install/examples_rclpy_minimal_publisher:/home/mobin/ros2_example/install/examples_rclpy_minimal_client:/home/mobin/ros2_example/install/examples_rclpy_minimal_action_server:/home/mobin/ros2_example/install/examples_rclpy_minimal_action_client:/home/mobin/ros2_example/install/examples_rclpy_guard_conditions:/home/mobin/ros2_example/install/examples_rclpy_executors:/home/mobin/ros2_ws/install/rqt_joint_trajectory_controller:/home/mobin/ros2_ws/install/ros2_controllers_test_nodes:/opt/ros/jazzy DEBUGINFOD_URLS=https://debuginfod.ubuntu.com /usr/bin/cmake /home/mobin/auriga_ros2_tasks/src/cpp_package -DAMENT_CMAKE_SYMLINK_INSTALL=1 -DCMAKE_INSTALL_PREFIX=/home/mobin/auriga_ros2_tasks/install/cpp_package
[2.958s] DEBUG:colcon.colcon_core.event_handler.log_command:Invoking command in '/home/mobin/auriga_ros2_tasks/build/cpp_package': CMAKE_PREFIX_PATH=${CMAKE_PREFIX_PATH}:/home/mobin/ros2_example/install/py_package:/home/mobin/ros2_example/install/launch_testing_examples:/home/mobin/ros2_example/install/examples_rclpy_pointcloud_publisher:/home/mobin/ros2_example/install/examples_rclpy_minimal_subscriber:/home/mobin/ros2_example/install/examples_rclpy_minimal_service:/home/mobin/ros2_example/install/examples_rclpy_minimal_publisher:/home/mobin/ros2_example/install/examples_rclpy_minimal_client:/home/mobin/ros2_example/install/examples_rclpy_minimal_action_server:/home/mobin/ros2_example/install/examples_rclpy_minimal_action_client:/home/mobin/ros2_example/install/examples_rclpy_guard_conditions:/home/mobin/ros2_example/install/examples_rclpy_executors:/home/mobin/ros2_ws/install/rqt_joint_trajectory_controller:/home/mobin/ros2_ws/install/ros2_controllers_test_nodes:/opt/ros/jazzy DEBUGINFOD_URLS=https://debuginfod.ubuntu.com /usr/bin/cmake --build /home/mobin/auriga_ros2_tasks/build/cpp_package -- -j16 -l16
[3.304s] DEBUG:colcon.colcon_core.event_handler.log_command:Invoked command in '/home/mobin/auriga_ros2_tasks/build/cpp_package' returned '0': CMAKE_PREFIX_PATH=${CMAKE_PREFIX_PATH}:/home/mobin/ros2_example/install/py_package:/home/mobin/ros2_example/install/launch_testing_examples:/home/mobin/ros2_example/install/examples_rclpy_pointcloud_publisher:/home/mobin/ros2_example/install/examples_rclpy_minimal_subscriber:/home/mobin/ros2_example/install/examples_rclpy_minimal_service:/home/mobin/ros2_example/install/examples_rclpy_minimal_publisher:/home/mobin/ros2_example/install/examples_rclpy_minimal_client:/home/mobin/ros2_example/install/examples_rclpy_minimal_action_server:/home/mobin/ros2_example/install/examples_rclpy_minimal_action_client:/home/mobin/ros2_example/install/examples_rclpy_guard_conditions:/home/mobin/ros2_example/install/examples_rclpy_executors:/home/mobin/ros2_ws/install/rqt_joint_trajectory_controller:/home/mobin/ros2_ws/install/ros2_controllers_test_nodes:/opt/ros/jazzy DEBUGINFOD_URLS=https://debuginfod.ubuntu.com /usr/bin/cmake --build /home/mobin/auriga_ros2_tasks/build/cpp_package -- -j16 -l16
[3.326s] DEBUG:colcon.colcon_core.event_handler.log_command:Invoking command in '/home/mobin/auriga_ros2_tasks/build/cpp_package': CMAKE_PREFIX_PATH=${CMAKE_PREFIX_PATH}:/home/mobin/ros2_example/install/py_package:/home/mobin/ros2_example/install/launch_testing_examples:/home/mobin/ros2_example/install/examples_rclpy_pointcloud_publisher:/home/mobin/ros2_example/install/examples_rclpy_minimal_subscriber:/home/mobin/ros2_example/install/examples_rclpy_minimal_service:/home/mobin/ros2_example/install/examples_rclpy_minimal_publisher:/home/mobin/ros2_example/install/examples_rclpy_minimal_client:/home/mobin/ros2_example/install/examples_rclpy_minimal_action_server:/home/mobin/ros2_example/install/examples_rclpy_minimal_action_client:/home/mobin/ros2_example/install/examples_rclpy_guard_conditions:/home/mobin/ros2_example/install/examples_rclpy_executors:/home/mobin/ros2_ws/install/rqt_joint_trajectory_controller:/home/mobin/ros2_ws/install/ros2_controllers_test_nodes:/opt/ros/jazzy DEBUGINFOD_URLS=https://debuginfod.ubuntu.com /usr/bin/cmake --install /home/mobin/auriga_ros2_tasks/build/cpp_package
[3.536s] Level 1:colcon.colcon_core.shell:create_environment_hook('py_package', 'pythonpath_develop')
[3.537s] INFO:colcon.colcon_core.shell:Creating environment hook '/home/mobin/auriga_ros2_tasks/build/py_package/share/py_package/hook/pythonpath_develop.ps1'
[3.537s] DEBUG:colcon.colcon_core.event_handler.log_command:Invoked command in '/home/mobin/auriga_ros2_tasks/build/py_package' returned '0': DEBUGINFOD_URLS=https://debuginfod.ubuntu.com PYTHONPATH=/home/mobin/auriga_ros2_tasks/build/py_package/prefix_override:/usr/lib/python3/dist-packages/colcon_core/task/python/colcon_distutils_commands:/home/mobin/auriga_ros2_tasks/install/py_package/lib/python3.12/site-packages:${PYTHONPATH} /usr/bin/python3 -W ignore:setup.py install is deprecated -W ignore:easy_install command is deprecated setup.py develop --editable --build-directory /home/mobin/auriga_ros2_tasks/build/py_package/build --no-deps symlink_data
[3.538s] INFO:colcon.colcon_core.shell:Creating environment descriptor '/home/mobin/auriga_ros2_tasks/build/py_package/share/py_package/hook/pythonpath_develop.dsv'
[3.539s] INFO:colcon.colcon_core.shell:Creating environment hook '/home/mobin/auriga_ros2_tasks/build/py_package/share/py_package/hook/pythonpath_develop.sh'
[3.548s] Level 1:colcon.colcon_core.environment:checking '/home/mobin/auriga_ros2_tasks/install/py_package' for CMake module files
[3.549s] Level 1:colcon.colcon_core.environment:checking '/home/mobin/auriga_ros2_tasks/install/py_package' for CMake config files
[3.550s] Level 1:colcon.colcon_core.environment:checking '/home/mobin/auriga_ros2_tasks/install/py_package/lib'
[3.550s] Level 1:colcon.colcon_core.environment:checking '/home/mobin/auriga_ros2_tasks/install/py_package/bin'
[3.550s] Level 1:colcon.colcon_core.environment:checking '/home/mobin/auriga_ros2_tasks/install/py_package/lib/pkgconfig/py_package.pc'
[3.550s] Level 1:colcon.colcon_core.environment:checking '/home/mobin/auriga_ros2_tasks/install/py_package/lib/python3.12/site-packages'
[3.550s] Level 1:colcon.colcon_core.shell:create_environment_hook('py_package', 'pythonpath')
[3.551s] INFO:colcon.colcon_core.shell:Creating environment hook '/home/mobin/auriga_ros2_tasks/install/py_package/share/py_package/hook/pythonpath.ps1'
[3.551s] INFO:colcon.colcon_core.shell:Creating environment descriptor '/home/mobin/auriga_ros2_tasks/install/py_package/share/py_package/hook/pythonpath.dsv'
[3.552s] INFO:colcon.colcon_core.shell:Creating environment hook '/home/mobin/auriga_ros2_tasks/install/py_package/share/py_package/hook/pythonpath.sh'
[3.552s] Level 1:colcon.colcon_core.environment:checking '/home/mobin/auriga_ros2_tasks/install/py_package/bin'
[3.552s] Level 1:colcon.colcon_core.environment:create_environment_scripts_only(py_package)
[3.553s] INFO:colcon.colcon_core.shell:Creating package script '/home/mobin/auriga_ros2_tasks/install/py_package/share/py_package/package.ps1'
[3.555s] INFO:colcon.colcon_core.shell:Creating package descriptor '/home/mobin/auriga_ros2_tasks/install/py_package/share/py_package/package.dsv'
[3.558s] INFO:colcon.colcon_core.shell:Creating package script '/home/mobin/auriga_ros2_tasks/install/py_package/share/py_package/package.sh'
[3.559s] INFO:colcon.colcon_core.shell:Creating package script '/home/mobin/auriga_ros2_tasks/install/py_package/share/py_package/package.bash'
[3.561s] INFO:colcon.colcon_core.shell:Creating package script '/home/mobin/auriga_ros2_tasks/install/py_package/share/py_package/package.zsh'
[3.562s] Level 1:colcon.colcon_core.environment:create_file_with_runtime_dependencies(/home/mobin/auriga_ros2_tasks/install/py_package/share/colcon-core/packages/py_package)
[3.701s] Level 1:colcon.colcon_core.environment:create_environment_scripts_only(cpp_package)
[3.701s] Level 1:colcon.colcon_core.environment:checking '/home/mobin/auriga_ros2_tasks/install/cpp_package' for CMake module files
[3.702s] DEBUG:colcon.colcon_core.event_handler.log_command:Invoked command in '/home/mobin/auriga_ros2_tasks/build/cpp_package' returned '0': CMAKE_PREFIX_PATH=${CMAKE_PREFIX_PATH}:/home/mobin/ros2_example/install/py_package:/home/mobin/ros2_example/install/launch_testing_examples:/home/mobin/ros2_example/install/examples_rclpy_pointcloud_publisher:/home/mobin/ros2_example/install/examples_rclpy_minimal_subscriber:/home/mobin/ros2_example/install/examples_rclpy_minimal_service:/home/mobin/ros2_example/install/examples_rclpy_minimal_publisher:/home/mobin/ros2_example/install/examples_rclpy_minimal_client:/home/mobin/ros2_example/install/examples_rclpy_minimal_action_server:/home/mobin/ros2_example/install/examples_rclpy_minimal_action_client:/home/mobin/ros2_example/install/examples_rclpy_guard_conditions:/home/mobin/ros2_example/install/examples_rclpy_executors:/home/mobin/ros2_ws/install/rqt_joint_trajectory_controller:/home/mobin/ros2_ws/install/ros2_controllers_test_nodes:/opt/ros/jazzy DEBUGINFOD_URLS=https://debuginfod.ubuntu.com /usr/bin/cmake --install /home/mobin/auriga_ros2_tasks/build/cpp_package
[3.703s] Level 1:colcon.colcon_core.environment:checking '/home/mobin/auriga_ros2_tasks/install/cpp_package' for CMake config files
[3.704s] Level 1:colcon.colcon_core.shell:create_environment_hook('cpp_package', 'cmake_prefix_path')
[3.704s] INFO:colcon.colcon_core.shell:Creating environment hook '/home/mobin/auriga_ros2_tasks/install/cpp_package/share/cpp_package/hook/cmake_prefix_path.ps1'
[3.705s] INFO:colcon.colcon_core.shell:Creating environment descriptor '/home/mobin/auriga_ros2_tasks/install/cpp_package/share/cpp_package/hook/cmake_prefix_path.dsv'
[3.705s] INFO:colcon.colcon_core.shell:Creating environment hook '/home/mobin/auriga_ros2_tasks/install/cpp_package/share/cpp_package/hook/cmake_prefix_path.sh'
[3.706s] Level 1:colcon.colcon_core.environment:checking '/home/mobin/auriga_ros2_tasks/install/cpp_package/lib'
[3.706s] Level 1:colcon.colcon_core.environment:checking '/home/mobin/auriga_ros2_tasks/install/cpp_package/bin'
[3.706s] Level 1:colcon.colcon_core.environment:checking '/home/mobin/auriga_ros2_tasks/install/cpp_package/lib/pkgconfig/cpp_package.pc'
[3.706s] Level 1:colcon.colcon_core.environment:checking '/home/mobin/auriga_ros2_tasks/install/cpp_package/lib/python3.12/site-packages'
[3.707s] Level 1:colcon.colcon_core.environment:checking '/home/mobin/auriga_ros2_tasks/install/cpp_package/bin'
[3.707s] INFO:colcon.colcon_core.shell:Creating package script '/home/mobin/auriga_ros2_tasks/install/cpp_package/share/cpp_package/package.ps1'
[3.707s] INFO:colcon.colcon_core.shell:Creating package descriptor '/home/mobin/auriga_ros2_tasks/install/cpp_package/share/cpp_package/package.dsv'
[3.708s] INFO:colcon.colcon_core.shell:Creating package script '/home/mobin/auriga_ros2_tasks/install/cpp_package/share/cpp_package/package.sh'
[3.708s] INFO:colcon.colcon_core.shell:Creating package script '/home/mobin/auriga_ros2_tasks/install/cpp_package/share/cpp_package/package.bash'
[3.709s] INFO:colcon.colcon_core.shell:Creating package script '/home/mobin/auriga_ros2_tasks/install/cpp_package/share/cpp_package/package.zsh'
[3.709s] Level 1:colcon.colcon_core.environment:create_file_with_runtime_dependencies(/home/mobin/auriga_ros2_tasks/install/cpp_package/share/colcon-core/packages/cpp_package)
[3.710s] Level 1:colcon.colcon_core.environment:create_environment_scripts_only(cpp_package)
[3.710s] Level 1:colcon.colcon_core.environment:checking '/home/mobin/auriga_ros2_tasks/install/cpp_package' for CMake module files
[3.711s] Level 1:colcon.colcon_core.environment:checking '/home/mobin/auriga_ros2_tasks/install/cpp_package' for CMake config files
[3.711s] Level 1:colcon.colcon_core.shell:create_environment_hook('cpp_package', 'cmake_prefix_path')
[3.712s] INFO:colcon.colcon_core.shell:Creating environment hook '/home/mobin/auriga_ros2_tasks/install/cpp_package/share/cpp_package/hook/cmake_prefix_path.ps1'
[3.712s] INFO:colcon.colcon_core.shell:Creating environment descriptor '/home/mobin/auriga_ros2_tasks/install/cpp_package/share/cpp_package/hook/cmake_prefix_path.dsv'
[3.713s] INFO:colcon.colcon_core.shell:Creating environment hook '/home/mobin/auriga_ros2_tasks/install/cpp_package/share/cpp_package/hook/cmake_prefix_path.sh'
[3.713s] Level 1:colcon.colcon_core.environment:checking '/home/mobin/auriga_ros2_tasks/install/cpp_package/lib'
[3.713s] Level 1:colcon.colcon_core.environment:checking '/home/mobin/auriga_ros2_tasks/install/cpp_package/bin'
[3.714s] Level 1:colcon.colcon_core.environment:checking '/home/mobin/auriga_ros2_tasks/install/cpp_package/lib/pkgconfig/cpp_package.pc'
[3.714s] Level 1:colcon.colcon_core.environment:checking '/home/mobin/auriga_ros2_tasks/install/cpp_package/lib/python3.12/site-packages'
[3.714s] Level 1:colcon.colcon_core.environment:checking '/home/mobin/auriga_ros2_tasks/install/cpp_package/bin'
[3.714s] INFO:colcon.colcon_core.shell:Creating package script '/home/mobin/auriga_ros2_tasks/install/cpp_package/share/cpp_package/package.ps1'
[3.715s] INFO:colcon.colcon_core.shell:Creating package descriptor '/home/mobin/auriga_ros2_tasks/install/cpp_package/share/cpp_package/package.dsv'
[3.716s] INFO:colcon.colcon_core.shell:Creating package script '/home/mobin/auriga_ros2_tasks/install/cpp_package/share/cpp_package/package.sh'
[3.716s] INFO:colcon.colcon_core.shell:Creating package script '/home/mobin/auriga_ros2_tasks/install/cpp_package/share/cpp_package/package.bash'
[3.717s] INFO:colcon.colcon_core.shell:Creating package script '/home/mobin/auriga_ros2_tasks/install/cpp_package/share/cpp_package/package.zsh'
[3.717s] Level 1:colcon.colcon_core.environment:create_file_with_runtime_dependencies(/home/mobin/auriga_ros2_tasks/install/cpp_package/share/colcon-core/packages/cpp_package)
[3.718s] DEBUG:colcon.colcon_parallel_executor.executor.parallel:closing loop
[3.718s] DEBUG:colcon.colcon_parallel_executor.executor.parallel:loop closed
[3.718s] DEBUG:colcon.colcon_parallel_executor.executor.parallel:run_until_complete finished with '0'
[3.719s] DEBUG:colcon.colcon_core.event_reactor:joining thread
[3.745s] INFO:colcon.colcon_core.plugin_system:Skipping extension 'colcon_notification.desktop_notification.terminal_notifier': Not used on non-Darwin systems
[3.745s] INFO:colcon.colcon_core.plugin_system:Skipping extension 'colcon_notification.desktop_notification.win32': Not used on non-Windows systems
[3.745s] INFO:colcon.colcon_notification.desktop_notification:Sending desktop notification using 'notify2'
[3.768s] DEBUG:colcon.colcon_core.event_reactor:joined thread
[3.768s] INFO:colcon.colcon_core.shell:Creating prefix script '/home/mobin/auriga_ros2_tasks/install/local_setup.ps1'
[3.770s] INFO:colcon.colcon_core.shell:Creating prefix util module '/home/mobin/auriga_ros2_tasks/install/_local_setup_util_ps1.py'
[3.773s] INFO:colcon.colcon_core.shell:Creating prefix chain script '/home/mobin/auriga_ros2_tasks/install/setup.ps1'
[3.776s] INFO:colcon.colcon_core.shell:Creating prefix script '/home/mobin/auriga_ros2_tasks/install/local_setup.sh'
[3.777s] INFO:colcon.colcon_core.shell:Creating prefix util module '/home/mobin/auriga_ros2_tasks/install/_local_setup_util_sh.py'
[3.778s] INFO:colcon.colcon_core.shell:Creating prefix chain script '/home/mobin/auriga_ros2_tasks/install/setup.sh'
[3.781s] INFO:colcon.colcon_core.shell:Creating prefix script '/home/mobin/auriga_ros2_tasks/install/local_setup.bash'
[3.782s] INFO:colcon.colcon_core.shell:Creating prefix chain script '/home/mobin/auriga_ros2_tasks/install/setup.bash'
[3.785s] INFO:colcon.colcon_core.shell:Creating prefix script '/home/mobin/auriga_ros2_tasks/install/local_setup.zsh'
[3.786s] INFO:colcon.colcon_core.shell:Creating prefix chain script '/home/mobin/auriga_ros2_tasks/install/setup.zsh'
