[0.041s] Invoking command in '/home/mobin/auriga_ros2_tasks/build/interfaces': CMAKE_PREFIX_PATH=${CMAKE_PREFIX_PATH}:/home/mobin/auriga_ros2_tasks/install/py_package:/home/mobin/ros2_example/install/py_package:/home/mobin/ros2_example/install/launch_testing_examples:/home/mobin/ros2_example/install/examples_rclpy_pointcloud_publisher:/home/mobin/ros2_example/install/examples_rclpy_minimal_subscriber:/home/mobin/ros2_example/install/examples_rclpy_minimal_service:/home/mobin/ros2_example/install/examples_rclpy_minimal_publisher:/home/mobin/ros2_example/install/examples_rclpy_minimal_client:/home/mobin/ros2_example/install/examples_rclpy_minimal_action_server:/home/mobin/ros2_example/install/examples_rclpy_minimal_action_client:/home/mobin/ros2_example/install/examples_rclpy_guard_conditions:/home/mobin/ros2_example/install/examples_rclpy_executors:/home/mobin/ros2_ws/install/rqt_joint_trajectory_controller:/home/mobin/ros2_ws/install/ros2_controllers_test_nodes:/opt/ros/jazzy DEBUGINFOD_URLS=https://debuginfod.ubuntu.com /usr/bin/cmake --build /home/mobin/auriga_ros2_tasks/build/interfaces -- -j16 -l16
[0.173s] [  2%] Built target interfaces__rosidl_generator_type_description
[0.197s] [  2%] Built target ament_cmake_python_copy_interfaces
[0.231s] [  5%] Built target interfaces__cpp
[0.237s] [ 20%] Built target interfaces__rosidl_generator_c
[0.297s] [ 29%] Built target interfaces__rosidl_typesupport_c
[0.301s] [ 38%] Built target interfaces__rosidl_typesupport_introspection_cpp
[0.304s] [ 47%] Built target interfaces__rosidl_typesupport_introspection_c
[0.305s] [ 55%] Built target interfaces__rosidl_typesupport_cpp
[0.306s] [ 64%] Built target interfaces__rosidl_typesupport_fastrtps_c
[0.306s] [ 73%] Built target interfaces__rosidl_typesupport_fastrtps_cpp
[0.363s] [ 73%] Built target interfaces
[0.419s] [ 76%] Built target interfaces__py
[0.482s] [ 82%] Built target interfaces__rosidl_generator_py
[0.543s] [ 94%] Built target interfaces_s__rosidl_typesupport_fastrtps_c
[0.543s] [ 94%] Built target interfaces_s__rosidl_typesupport_introspection_c
[0.547s] [100%] Built target interfaces_s__rosidl_typesupport_c
[0.655s] running egg_info
[0.696s] writing interfaces.egg-info/PKG-INFO
[0.696s] writing dependency_links to interfaces.egg-info/dependency_links.txt
[0.696s] writing top-level names to interfaces.egg-info/top_level.txt
[0.812s] reading manifest file 'interfaces.egg-info/SOURCES.txt'
[0.812s] writing manifest file 'interfaces.egg-info/SOURCES.txt'
[0.887s] [100%] Built target ament_cmake_python_build_interfaces_egg
[0.918s] Invoked command in '/home/mobin/auriga_ros2_tasks/build/interfaces' returned '0': CMAKE_PREFIX_PATH=${CMAKE_PREFIX_PATH}:/home/mobin/auriga_ros2_tasks/install/py_package:/home/mobin/ros2_example/install/py_package:/home/mobin/ros2_example/install/launch_testing_examples:/home/mobin/ros2_example/install/examples_rclpy_pointcloud_publisher:/home/mobin/ros2_example/install/examples_rclpy_minimal_subscriber:/home/mobin/ros2_example/install/examples_rclpy_minimal_service:/home/mobin/ros2_example/install/examples_rclpy_minimal_publisher:/home/mobin/ros2_example/install/examples_rclpy_minimal_client:/home/mobin/ros2_example/install/examples_rclpy_minimal_action_server:/home/mobin/ros2_example/install/examples_rclpy_minimal_action_client:/home/mobin/ros2_example/install/examples_rclpy_guard_conditions:/home/mobin/ros2_example/install/examples_rclpy_executors:/home/mobin/ros2_ws/install/rqt_joint_trajectory_controller:/home/mobin/ros2_ws/install/ros2_controllers_test_nodes:/opt/ros/jazzy DEBUGINFOD_URLS=https://debuginfod.ubuntu.com /usr/bin/cmake --build /home/mobin/auriga_ros2_tasks/build/interfaces -- -j16 -l16
[0.943s] Invoking command in '/home/mobin/auriga_ros2_tasks/build/interfaces': CMAKE_PREFIX_PATH=${CMAKE_PREFIX_PATH}:/home/mobin/auriga_ros2_tasks/install/py_package:/home/mobin/ros2_example/install/py_package:/home/mobin/ros2_example/install/launch_testing_examples:/home/mobin/ros2_example/install/examples_rclpy_pointcloud_publisher:/home/mobin/ros2_example/install/examples_rclpy_minimal_subscriber:/home/mobin/ros2_example/install/examples_rclpy_minimal_service:/home/mobin/ros2_example/install/examples_rclpy_minimal_publisher:/home/mobin/ros2_example/install/examples_rclpy_minimal_client:/home/mobin/ros2_example/install/examples_rclpy_minimal_action_server:/home/mobin/ros2_example/install/examples_rclpy_minimal_action_client:/home/mobin/ros2_example/install/examples_rclpy_guard_conditions:/home/mobin/ros2_example/install/examples_rclpy_executors:/home/mobin/ros2_ws/install/rqt_joint_trajectory_controller:/home/mobin/ros2_ws/install/ros2_controllers_test_nodes:/opt/ros/jazzy DEBUGINFOD_URLS=https://debuginfod.ubuntu.com /usr/bin/cmake --install /home/mobin/auriga_ros2_tasks/build/interfaces
[0.968s] -- Install configuration: ""
[0.968s] -- Up-to-date: /home/mobin/auriga_ros2_tasks/install/interfaces/share/ament_index/resource_index/rosidl_interfaces/interfaces
[0.969s] -- Up-to-date: /home/mobin/auriga_ros2_tasks/install/interfaces/share/interfaces/msg/Num.json
[0.969s] -- Up-to-date: /home/mobin/auriga_ros2_tasks/install/interfaces/include/interfaces/interfaces
[0.969s] -- Up-to-date: /home/mobin/auriga_ros2_tasks/install/interfaces/include/interfaces/interfaces/msg
[0.969s] -- Up-to-date: /home/mobin/auriga_ros2_tasks/install/interfaces/include/interfaces/interfaces/msg/num.h
[0.970s] -- Up-to-date: /home/mobin/auriga_ros2_tasks/install/interfaces/include/interfaces/interfaces/msg/detail
[0.970s] -- Up-to-date: /home/mobin/auriga_ros2_tasks/install/interfaces/include/interfaces/interfaces/msg/detail/num__struct.h
[0.970s] -- Up-to-date: /home/mobin/auriga_ros2_tasks/install/interfaces/include/interfaces/interfaces/msg/detail/num__type_support.c
[0.970s] -- Up-to-date: /home/mobin/auriga_ros2_tasks/install/interfaces/include/interfaces/interfaces/msg/detail/num__description.c
[0.970s] -- Up-to-date: /home/mobin/auriga_ros2_tasks/install/interfaces/include/interfaces/interfaces/msg/detail/num__functions.h
[0.970s] -- Up-to-date: /home/mobin/auriga_ros2_tasks/install/interfaces/include/interfaces/interfaces/msg/detail/num__functions.c
[0.970s] -- Up-to-date: /home/mobin/auriga_ros2_tasks/install/interfaces/include/interfaces/interfaces/msg/detail/num__type_support.h
[0.971s] -- Up-to-date: /home/mobin/auriga_ros2_tasks/install/interfaces/include/interfaces/interfaces/msg/rosidl_generator_c__visibility_control.h
[0.971s] -- Up-to-date: /home/mobin/auriga_ros2_tasks/install/interfaces/share/interfaces/environment/library_path.sh
[0.971s] -- Up-to-date: /home/mobin/auriga_ros2_tasks/install/interfaces/share/interfaces/environment/library_path.dsv
[0.971s] -- Up-to-date: /home/mobin/auriga_ros2_tasks/install/interfaces/lib/libinterfaces__rosidl_generator_c.so
[0.971s] -- Up-to-date: /home/mobin/auriga_ros2_tasks/install/interfaces/include/interfaces/interfaces
[0.971s] -- Up-to-date: /home/mobin/auriga_ros2_tasks/install/interfaces/include/interfaces/interfaces/msg
[0.971s] -- Up-to-date: /home/mobin/auriga_ros2_tasks/install/interfaces/include/interfaces/interfaces/msg/rosidl_typesupport_fastrtps_c__visibility_control.h
[0.971s] -- Up-to-date: /home/mobin/auriga_ros2_tasks/install/interfaces/include/interfaces/interfaces/msg/detail
[0.972s] -- Up-to-date: /home/mobin/auriga_ros2_tasks/install/interfaces/include/interfaces/interfaces/msg/detail/num__rosidl_typesupport_fastrtps_c.h
[0.972s] -- Up-to-date: /home/mobin/auriga_ros2_tasks/install/interfaces/lib/libinterfaces__rosidl_typesupport_fastrtps_c.so
[0.972s] -- Up-to-date: /home/mobin/auriga_ros2_tasks/install/interfaces/include/interfaces/interfaces
[0.972s] -- Up-to-date: /home/mobin/auriga_ros2_tasks/install/interfaces/include/interfaces/interfaces/msg
[0.972s] -- Up-to-date: /home/mobin/auriga_ros2_tasks/install/interfaces/include/interfaces/interfaces/msg/num.hpp
[0.972s] -- Up-to-date: /home/mobin/auriga_ros2_tasks/install/interfaces/include/interfaces/interfaces/msg/detail
[0.973s] -- Up-to-date: /home/mobin/auriga_ros2_tasks/install/interfaces/include/interfaces/interfaces/msg/detail/num__traits.hpp
[0.973s] -- Up-to-date: /home/mobin/auriga_ros2_tasks/install/interfaces/include/interfaces/interfaces/msg/detail/num__builder.hpp
[0.973s] -- Up-to-date: /home/mobin/auriga_ros2_tasks/install/interfaces/include/interfaces/interfaces/msg/detail/num__type_support.hpp
[0.973s] -- Up-to-date: /home/mobin/auriga_ros2_tasks/install/interfaces/include/interfaces/interfaces/msg/detail/num__struct.hpp
[0.973s] -- Up-to-date: /home/mobin/auriga_ros2_tasks/install/interfaces/include/interfaces/interfaces/msg/rosidl_generator_cpp__visibility_control.hpp
[0.973s] -- Up-to-date: /home/mobin/auriga_ros2_tasks/install/interfaces/include/interfaces/interfaces
[0.973s] -- Up-to-date: /home/mobin/auriga_ros2_tasks/install/interfaces/include/interfaces/interfaces/msg
[0.973s] -- Up-to-date: /home/mobin/auriga_ros2_tasks/install/interfaces/include/interfaces/interfaces/msg/rosidl_typesupport_fastrtps_cpp__visibility_control.h
[0.974s] -- Up-to-date: /home/mobin/auriga_ros2_tasks/install/interfaces/include/interfaces/interfaces/msg/detail
[0.974s] -- Up-to-date: /home/mobin/auriga_ros2_tasks/install/interfaces/include/interfaces/interfaces/msg/detail/num__rosidl_typesupport_fastrtps_cpp.hpp
[0.974s] -- Up-to-date: /home/mobin/auriga_ros2_tasks/install/interfaces/include/interfaces/interfaces/msg/detail/dds_fastrtps
[0.974s] -- Up-to-date: /home/mobin/auriga_ros2_tasks/install/interfaces/lib/libinterfaces__rosidl_typesupport_fastrtps_cpp.so
[0.974s] -- Up-to-date: /home/mobin/auriga_ros2_tasks/install/interfaces/include/interfaces/interfaces
[0.974s] -- Up-to-date: /home/mobin/auriga_ros2_tasks/install/interfaces/include/interfaces/interfaces/msg
[0.974s] -- Up-to-date: /home/mobin/auriga_ros2_tasks/install/interfaces/include/interfaces/interfaces/msg/rosidl_typesupport_introspection_c__visibility_control.h
[0.975s] -- Up-to-date: /home/mobin/auriga_ros2_tasks/install/interfaces/include/interfaces/interfaces/msg/detail
[0.975s] -- Up-to-date: /home/mobin/auriga_ros2_tasks/install/interfaces/include/interfaces/interfaces/msg/detail/num__rosidl_typesupport_introspection_c.h
[0.975s] -- Up-to-date: /home/mobin/auriga_ros2_tasks/install/interfaces/include/interfaces/interfaces/msg/detail/num__type_support.c
[0.975s] -- Up-to-date: /home/mobin/auriga_ros2_tasks/install/interfaces/lib/libinterfaces__rosidl_typesupport_introspection_c.so
[0.975s] -- Up-to-date: /home/mobin/auriga_ros2_tasks/install/interfaces/lib/libinterfaces__rosidl_typesupport_c.so
[0.976s] -- Up-to-date: /home/mobin/auriga_ros2_tasks/install/interfaces/include/interfaces/interfaces
[0.976s] -- Up-to-date: /home/mobin/auriga_ros2_tasks/install/interfaces/include/interfaces/interfaces/msg
[0.976s] -- Up-to-date: /home/mobin/auriga_ros2_tasks/install/interfaces/include/interfaces/interfaces/msg/detail
[0.976s] -- Up-to-date: /home/mobin/auriga_ros2_tasks/install/interfaces/include/interfaces/interfaces/msg/detail/num__rosidl_typesupport_introspection_cpp.hpp
[0.976s] -- Up-to-date: /home/mobin/auriga_ros2_tasks/install/interfaces/include/interfaces/interfaces/msg/detail/num__type_support.cpp
[0.976s] -- Up-to-date: /home/mobin/auriga_ros2_tasks/install/interfaces/lib/libinterfaces__rosidl_typesupport_introspection_cpp.so
[0.977s] -- Up-to-date: /home/mobin/auriga_ros2_tasks/install/interfaces/lib/libinterfaces__rosidl_typesupport_cpp.so
[0.977s] -- Up-to-date: /home/mobin/auriga_ros2_tasks/install/interfaces/share/interfaces/environment/pythonpath.sh
[0.977s] -- Up-to-date: /home/mobin/auriga_ros2_tasks/install/interfaces/share/interfaces/environment/pythonpath.dsv
[0.977s] -- Up-to-date: /home/mobin/auriga_ros2_tasks/install/interfaces/lib/python3.12/site-packages/interfaces-0.0.0-py3.12.egg-info
[0.977s] -- Installing: /home/mobin/auriga_ros2_tasks/install/interfaces/lib/python3.12/site-packages/interfaces-0.0.0-py3.12.egg-info/SOURCES.txt
[0.978s] -- Installing: /home/mobin/auriga_ros2_tasks/install/interfaces/lib/python3.12/site-packages/interfaces-0.0.0-py3.12.egg-info/PKG-INFO
[0.978s] -- Installing: /home/mobin/auriga_ros2_tasks/install/interfaces/lib/python3.12/site-packages/interfaces-0.0.0-py3.12.egg-info/top_level.txt
[0.978s] -- Installing: /home/mobin/auriga_ros2_tasks/install/interfaces/lib/python3.12/site-packages/interfaces-0.0.0-py3.12.egg-info/dependency_links.txt
[0.979s] -- Up-to-date: /home/mobin/auriga_ros2_tasks/install/interfaces/lib/python3.12/site-packages/interfaces
[0.979s] -- Up-to-date: /home/mobin/auriga_ros2_tasks/install/interfaces/lib/python3.12/site-packages/interfaces/interfaces_s__rosidl_typesupport_introspection_c.so
[0.979s] -- Up-to-date: /home/mobin/auriga_ros2_tasks/install/interfaces/lib/python3.12/site-packages/interfaces/_interfaces_s.ep.rosidl_typesupport_introspection_c.c
[0.979s] -- Up-to-date: /home/mobin/auriga_ros2_tasks/install/interfaces/lib/python3.12/site-packages/interfaces/_interfaces_s.ep.rosidl_typesupport_fastrtps_c.c
[0.979s] -- Up-to-date: /home/mobin/auriga_ros2_tasks/install/interfaces/lib/python3.12/site-packages/interfaces/_interfaces_s.ep.rosidl_typesupport_c.c
[0.979s] -- Up-to-date: /home/mobin/auriga_ros2_tasks/install/interfaces/lib/python3.12/site-packages/interfaces/interfaces_s__rosidl_typesupport_fastrtps_c.so
[0.980s] -- Up-to-date: /home/mobin/auriga_ros2_tasks/install/interfaces/lib/python3.12/site-packages/interfaces/msg
[0.980s] -- Up-to-date: /home/mobin/auriga_ros2_tasks/install/interfaces/lib/python3.12/site-packages/interfaces/msg/_num.py
[0.980s] -- Up-to-date: /home/mobin/auriga_ros2_tasks/install/interfaces/lib/python3.12/site-packages/interfaces/msg/_num_s.c
[0.980s] -- Up-to-date: /home/mobin/auriga_ros2_tasks/install/interfaces/lib/python3.12/site-packages/interfaces/msg/__init__.py
[0.980s] -- Up-to-date: /home/mobin/auriga_ros2_tasks/install/interfaces/lib/python3.12/site-packages/interfaces/interfaces_s__rosidl_typesupport_c.so
[0.980s] -- Up-to-date: /home/mobin/auriga_ros2_tasks/install/interfaces/lib/python3.12/site-packages/interfaces/__init__.py
[1.052s] Listing '/home/mobin/auriga_ros2_tasks/install/interfaces/lib/python3.12/site-packages/interfaces'...
[1.052s] Listing '/home/mobin/auriga_ros2_tasks/install/interfaces/lib/python3.12/site-packages/interfaces/msg'...
[1.063s] -- Up-to-date: /home/mobin/auriga_ros2_tasks/install/interfaces/lib/python3.12/site-packages/interfaces/interfaces_s__rosidl_typesupport_fastrtps_c.so
[1.063s] -- Up-to-date: /home/mobin/auriga_ros2_tasks/install/interfaces/lib/python3.12/site-packages/interfaces/interfaces_s__rosidl_typesupport_introspection_c.so
[1.064s] -- Up-to-date: /home/mobin/auriga_ros2_tasks/install/interfaces/lib/python3.12/site-packages/interfaces/interfaces_s__rosidl_typesupport_c.so
[1.065s] -- Up-to-date: /home/mobin/auriga_ros2_tasks/install/interfaces/lib/libinterfaces__rosidl_generator_py.so
[1.065s] -- Up-to-date: /home/mobin/auriga_ros2_tasks/install/interfaces/share/interfaces/msg/Num.idl
[1.066s] -- Up-to-date: /home/mobin/auriga_ros2_tasks/install/interfaces/share/interfaces/msg/Num.msg
[1.066s] -- Up-to-date: /home/mobin/auriga_ros2_tasks/install/interfaces/share/ament_index/resource_index/package_run_dependencies/interfaces
[1.066s] -- Up-to-date: /home/mobin/auriga_ros2_tasks/install/interfaces/share/ament_index/resource_index/parent_prefix_path/interfaces
[1.066s] -- Up-to-date: /home/mobin/auriga_ros2_tasks/install/interfaces/share/interfaces/environment/ament_prefix_path.sh
[1.066s] -- Up-to-date: /home/mobin/auriga_ros2_tasks/install/interfaces/share/interfaces/environment/ament_prefix_path.dsv
[1.067s] -- Up-to-date: /home/mobin/auriga_ros2_tasks/install/interfaces/share/interfaces/environment/path.sh
[1.067s] -- Up-to-date: /home/mobin/auriga_ros2_tasks/install/interfaces/share/interfaces/environment/path.dsv
[1.067s] -- Up-to-date: /home/mobin/auriga_ros2_tasks/install/interfaces/share/interfaces/local_setup.bash
[1.067s] -- Up-to-date: /home/mobin/auriga_ros2_tasks/install/interfaces/share/interfaces/local_setup.sh
[1.067s] -- Up-to-date: /home/mobin/auriga_ros2_tasks/install/interfaces/share/interfaces/local_setup.zsh
[1.067s] -- Up-to-date: /home/mobin/auriga_ros2_tasks/install/interfaces/share/interfaces/local_setup.dsv
[1.067s] -- Installing: /home/mobin/auriga_ros2_tasks/install/interfaces/share/interfaces/package.dsv
[1.067s] -- Up-to-date: /home/mobin/auriga_ros2_tasks/install/interfaces/share/ament_index/resource_index/packages/interfaces
[1.068s] -- Up-to-date: /home/mobin/auriga_ros2_tasks/install/interfaces/share/interfaces/cmake/export_interfaces__rosidl_generator_cExport.cmake
[1.068s] -- Up-to-date: /home/mobin/auriga_ros2_tasks/install/interfaces/share/interfaces/cmake/export_interfaces__rosidl_generator_cExport-noconfig.cmake
[1.068s] -- Up-to-date: /home/mobin/auriga_ros2_tasks/install/interfaces/share/interfaces/cmake/export_interfaces__rosidl_typesupport_fastrtps_cExport.cmake
[1.068s] -- Up-to-date: /home/mobin/auriga_ros2_tasks/install/interfaces/share/interfaces/cmake/export_interfaces__rosidl_typesupport_fastrtps_cExport-noconfig.cmake
[1.068s] -- Up-to-date: /home/mobin/auriga_ros2_tasks/install/interfaces/share/interfaces/cmake/export_interfaces__rosidl_generator_cppExport.cmake
[1.068s] -- Up-to-date: /home/mobin/auriga_ros2_tasks/install/interfaces/share/interfaces/cmake/export_interfaces__rosidl_typesupport_fastrtps_cppExport.cmake
[1.068s] -- Up-to-date: /home/mobin/auriga_ros2_tasks/install/interfaces/share/interfaces/cmake/export_interfaces__rosidl_typesupport_fastrtps_cppExport-noconfig.cmake
[1.069s] -- Up-to-date: /home/mobin/auriga_ros2_tasks/install/interfaces/share/interfaces/cmake/interfaces__rosidl_typesupport_introspection_cExport.cmake
[1.069s] -- Up-to-date: /home/mobin/auriga_ros2_tasks/install/interfaces/share/interfaces/cmake/interfaces__rosidl_typesupport_introspection_cExport-noconfig.cmake
[1.069s] -- Up-to-date: /home/mobin/auriga_ros2_tasks/install/interfaces/share/interfaces/cmake/interfaces__rosidl_typesupport_cExport.cmake
[1.069s] -- Up-to-date: /home/mobin/auriga_ros2_tasks/install/interfaces/share/interfaces/cmake/interfaces__rosidl_typesupport_cExport-noconfig.cmake
[1.069s] -- Up-to-date: /home/mobin/auriga_ros2_tasks/install/interfaces/share/interfaces/cmake/interfaces__rosidl_typesupport_introspection_cppExport.cmake
[1.069s] -- Up-to-date: /home/mobin/auriga_ros2_tasks/install/interfaces/share/interfaces/cmake/interfaces__rosidl_typesupport_introspection_cppExport-noconfig.cmake
[1.069s] -- Up-to-date: /home/mobin/auriga_ros2_tasks/install/interfaces/share/interfaces/cmake/interfaces__rosidl_typesupport_cppExport.cmake
[1.070s] -- Up-to-date: /home/mobin/auriga_ros2_tasks/install/interfaces/share/interfaces/cmake/interfaces__rosidl_typesupport_cppExport-noconfig.cmake
[1.070s] -- Up-to-date: /home/mobin/auriga_ros2_tasks/install/interfaces/share/interfaces/cmake/export_interfaces__rosidl_generator_pyExport.cmake
[1.070s] -- Up-to-date: /home/mobin/auriga_ros2_tasks/install/interfaces/share/interfaces/cmake/export_interfaces__rosidl_generator_pyExport-noconfig.cmake
[1.070s] -- Up-to-date: /home/mobin/auriga_ros2_tasks/install/interfaces/share/interfaces/cmake/rosidl_cmake-extras.cmake
[1.070s] -- Up-to-date: /home/mobin/auriga_ros2_tasks/install/interfaces/share/interfaces/cmake/ament_cmake_export_dependencies-extras.cmake
[1.070s] -- Up-to-date: /home/mobin/auriga_ros2_tasks/install/interfaces/share/interfaces/cmake/ament_cmake_export_include_directories-extras.cmake
[1.070s] -- Up-to-date: /home/mobin/auriga_ros2_tasks/install/interfaces/share/interfaces/cmake/ament_cmake_export_libraries-extras.cmake
[1.071s] -- Up-to-date: /home/mobin/auriga_ros2_tasks/install/interfaces/share/interfaces/cmake/ament_cmake_export_targets-extras.cmake
[1.071s] -- Up-to-date: /home/mobin/auriga_ros2_tasks/install/interfaces/share/interfaces/cmake/rosidl_cmake_export_typesupport_targets-extras.cmake
[1.071s] -- Up-to-date: /home/mobin/auriga_ros2_tasks/install/interfaces/share/interfaces/cmake/rosidl_cmake_export_typesupport_libraries-extras.cmake
[1.071s] -- Up-to-date: /home/mobin/auriga_ros2_tasks/install/interfaces/share/interfaces/cmake/interfacesConfig.cmake
[1.071s] -- Up-to-date: /home/mobin/auriga_ros2_tasks/install/interfaces/share/interfaces/cmake/interfacesConfig-version.cmake
[1.071s] -- Up-to-date: /home/mobin/auriga_ros2_tasks/install/interfaces/share/interfaces/package.xml
[1.075s] Invoked command in '/home/mobin/auriga_ros2_tasks/build/interfaces' returned '0': CMAKE_PREFIX_PATH=${CMAKE_PREFIX_PATH}:/home/mobin/auriga_ros2_tasks/install/py_package:/home/mobin/ros2_example/install/py_package:/home/mobin/ros2_example/install/launch_testing_examples:/home/mobin/ros2_example/install/examples_rclpy_pointcloud_publisher:/home/mobin/ros2_example/install/examples_rclpy_minimal_subscriber:/home/mobin/ros2_example/install/examples_rclpy_minimal_service:/home/mobin/ros2_example/install/examples_rclpy_minimal_publisher:/home/mobin/ros2_example/install/examples_rclpy_minimal_client:/home/mobin/ros2_example/install/examples_rclpy_minimal_action_server:/home/mobin/ros2_example/install/examples_rclpy_minimal_action_client:/home/mobin/ros2_example/install/examples_rclpy_guard_conditions:/home/mobin/ros2_example/install/examples_rclpy_executors:/home/mobin/ros2_ws/install/rqt_joint_trajectory_controller:/home/mobin/ros2_ws/install/ros2_controllers_test_nodes:/opt/ros/jazzy DEBUGINFOD_URLS=https://debuginfod.ubuntu.com /usr/bin/cmake --install /home/mobin/auriga_ros2_tasks/build/interfaces
