[0.042s] Invoking command in '/home/mobin/auriga_ros2_tasks/build/interfaces': CMAKE_PREFIX_PATH=${CMAKE_PREFIX_PATH}:/home/mobin/auriga_ros2_tasks/install/py_package:/home/mobin/ros2_example/install/py_package:/home/mobin/ros2_example/install/launch_testing_examples:/home/mobin/ros2_example/install/examples_rclpy_pointcloud_publisher:/home/mobin/ros2_example/install/examples_rclpy_minimal_subscriber:/home/mobin/ros2_example/install/examples_rclpy_minimal_service:/home/mobin/ros2_example/install/examples_rclpy_minimal_publisher:/home/mobin/ros2_example/install/examples_rclpy_minimal_client:/home/mobin/ros2_example/install/examples_rclpy_minimal_action_server:/home/mobin/ros2_example/install/examples_rclpy_minimal_action_client:/home/mobin/ros2_example/install/examples_rclpy_guard_conditions:/home/mobin/ros2_example/install/examples_rclpy_executors:/home/mobin/ros2_ws/install/rqt_joint_trajectory_controller:/home/mobin/ros2_ws/install/ros2_controllers_test_nodes:/opt/ros/jazzy DEBUGINFOD_URLS=https://debuginfod.ubuntu.com /usr/bin/cmake --build /home/mobin/auriga_ros2_tasks/build/interfaces -- -j16 -l16
[0.176s] [  2%] Built target interfaces__rosidl_generator_type_description
[0.201s] [  2%] Built target ament_cmake_python_copy_interfaces
[0.232s] [  5%] Built target interfaces__cpp
[0.237s] [ 20%] Built target interfaces__rosidl_generator_c
[0.296s] [ 38%] Built target interfaces__rosidl_typesupport_fastrtps_c
[0.296s] [ 38%] Built target interfaces__rosidl_typesupport_introspection_c
[0.297s] [ 61%] Built target interfaces__rosidl_typesupport_introspection_cpp
[0.297s] [ 61%] Built target interfaces__rosidl_typesupport_cpp
[0.297s] [ 64%] Built target interfaces__rosidl_typesupport_c
[0.298s] [ 73%] Built target interfaces__rosidl_typesupport_fastrtps_cpp
[0.355s] [ 73%] Built target interfaces
[0.413s] [ 76%] Built target interfaces__py
[0.473s] [ 82%] Built target interfaces__rosidl_generator_py
[0.533s] [ 94%] Built target interfaces_s__rosidl_typesupport_introspection_c
[0.533s] [ 94%] Built target interfaces_s__rosidl_typesupport_fastrtps_c
[0.535s] [100%] Built target interfaces_s__rosidl_typesupport_c
[0.645s] running egg_info
[0.686s] writing interfaces.egg-info/PKG-INFO
[0.687s] writing dependency_links to interfaces.egg-info/dependency_links.txt
[0.687s] writing top-level names to interfaces.egg-info/top_level.txt
[0.804s] reading manifest file 'interfaces.egg-info/SOURCES.txt'
[0.805s] writing manifest file 'interfaces.egg-info/SOURCES.txt'
[0.876s] [100%] Built target ament_cmake_python_build_interfaces_egg
[0.908s] Invoked command in '/home/mobin/auriga_ros2_tasks/build/interfaces' returned '0': CMAKE_PREFIX_PATH=${CMAKE_PREFIX_PATH}:/home/mobin/auriga_ros2_tasks/install/py_package:/home/mobin/ros2_example/install/py_package:/home/mobin/ros2_example/install/launch_testing_examples:/home/mobin/ros2_example/install/examples_rclpy_pointcloud_publisher:/home/mobin/ros2_example/install/examples_rclpy_minimal_subscriber:/home/mobin/ros2_example/install/examples_rclpy_minimal_service:/home/mobin/ros2_example/install/examples_rclpy_minimal_publisher:/home/mobin/ros2_example/install/examples_rclpy_minimal_client:/home/mobin/ros2_example/install/examples_rclpy_minimal_action_server:/home/mobin/ros2_example/install/examples_rclpy_minimal_action_client:/home/mobin/ros2_example/install/examples_rclpy_guard_conditions:/home/mobin/ros2_example/install/examples_rclpy_executors:/home/mobin/ros2_ws/install/rqt_joint_trajectory_controller:/home/mobin/ros2_ws/install/ros2_controllers_test_nodes:/opt/ros/jazzy DEBUGINFOD_URLS=https://debuginfod.ubuntu.com /usr/bin/cmake --build /home/mobin/auriga_ros2_tasks/build/interfaces -- -j16 -l16
[0.934s] Invoking command in '/home/mobin/auriga_ros2_tasks/build/interfaces': CMAKE_PREFIX_PATH=${CMAKE_PREFIX_PATH}:/home/mobin/auriga_ros2_tasks/install/py_package:/home/mobin/ros2_example/install/py_package:/home/mobin/ros2_example/install/launch_testing_examples:/home/mobin/ros2_example/install/examples_rclpy_pointcloud_publisher:/home/mobin/ros2_example/install/examples_rclpy_minimal_subscriber:/home/mobin/ros2_example/install/examples_rclpy_minimal_service:/home/mobin/ros2_example/install/examples_rclpy_minimal_publisher:/home/mobin/ros2_example/install/examples_rclpy_minimal_client:/home/mobin/ros2_example/install/examples_rclpy_minimal_action_server:/home/mobin/ros2_example/install/examples_rclpy_minimal_action_client:/home/mobin/ros2_example/install/examples_rclpy_guard_conditions:/home/mobin/ros2_example/install/examples_rclpy_executors:/home/mobin/ros2_ws/install/rqt_joint_trajectory_controller:/home/mobin/ros2_ws/install/ros2_controllers_test_nodes:/opt/ros/jazzy DEBUGINFOD_URLS=https://debuginfod.ubuntu.com /usr/bin/cmake --install /home/mobin/auriga_ros2_tasks/build/interfaces
[0.955s] -- Install configuration: ""
[0.955s] -- Up-to-date: /home/mobin/auriga_ros2_tasks/install/interfaces/share/ament_index/resource_index/rosidl_interfaces/interfaces
[0.955s] -- Up-to-date: /home/mobin/auriga_ros2_tasks/install/interfaces/share/interfaces/msg/Num.json
[0.956s] -- Up-to-date: /home/mobin/auriga_ros2_tasks/install/interfaces/include/interfaces/interfaces
[0.956s] -- Up-to-date: /home/mobin/auriga_ros2_tasks/install/interfaces/include/interfaces/interfaces/msg
[0.956s] -- Up-to-date: /home/mobin/auriga_ros2_tasks/install/interfaces/include/interfaces/interfaces/msg/num.h
[0.956s] -- Up-to-date: /home/mobin/auriga_ros2_tasks/install/interfaces/include/interfaces/interfaces/msg/detail
[0.956s] -- Up-to-date: /home/mobin/auriga_ros2_tasks/install/interfaces/include/interfaces/interfaces/msg/detail/num__struct.h
[0.956s] -- Up-to-date: /home/mobin/auriga_ros2_tasks/install/interfaces/include/interfaces/interfaces/msg/detail/num__type_support.c
[0.956s] -- Up-to-date: /home/mobin/auriga_ros2_tasks/install/interfaces/include/interfaces/interfaces/msg/detail/num__description.c
[0.957s] -- Up-to-date: /home/mobin/auriga_ros2_tasks/install/interfaces/include/interfaces/interfaces/msg/detail/num__functions.h
[0.957s] -- Up-to-date: /home/mobin/auriga_ros2_tasks/install/interfaces/include/interfaces/interfaces/msg/detail/num__functions.c
[0.957s] -- Up-to-date: /home/mobin/auriga_ros2_tasks/install/interfaces/include/interfaces/interfaces/msg/detail/num__type_support.h
[0.957s] -- Up-to-date: /home/mobin/auriga_ros2_tasks/install/interfaces/include/interfaces/interfaces/msg/rosidl_generator_c__visibility_control.h
[0.957s] -- Up-to-date: /home/mobin/auriga_ros2_tasks/install/interfaces/share/interfaces/environment/library_path.sh
[0.957s] -- Up-to-date: /home/mobin/auriga_ros2_tasks/install/interfaces/share/interfaces/environment/library_path.dsv
[0.957s] -- Up-to-date: /home/mobin/auriga_ros2_tasks/install/interfaces/lib/libinterfaces__rosidl_generator_c.so
[0.957s] -- Up-to-date: /home/mobin/auriga_ros2_tasks/install/interfaces/include/interfaces/interfaces
[0.958s] -- Up-to-date: /home/mobin/auriga_ros2_tasks/install/interfaces/include/interfaces/interfaces/msg
[0.958s] -- Up-to-date: /home/mobin/auriga_ros2_tasks/install/interfaces/include/interfaces/interfaces/msg/rosidl_typesupport_fastrtps_c__visibility_control.h
[0.958s] -- Up-to-date: /home/mobin/auriga_ros2_tasks/install/interfaces/include/interfaces/interfaces/msg/detail
[0.958s] -- Up-to-date: /home/mobin/auriga_ros2_tasks/install/interfaces/include/interfaces/interfaces/msg/detail/num__rosidl_typesupport_fastrtps_c.h
[0.958s] -- Up-to-date: /home/mobin/auriga_ros2_tasks/install/interfaces/lib/libinterfaces__rosidl_typesupport_fastrtps_c.so
[0.958s] -- Up-to-date: /home/mobin/auriga_ros2_tasks/install/interfaces/include/interfaces/interfaces
[0.958s] -- Up-to-date: /home/mobin/auriga_ros2_tasks/install/interfaces/include/interfaces/interfaces/msg
[0.958s] -- Up-to-date: /home/mobin/auriga_ros2_tasks/install/interfaces/include/interfaces/interfaces/msg/num.hpp
[0.959s] -- Up-to-date: /home/mobin/auriga_ros2_tasks/install/interfaces/include/interfaces/interfaces/msg/detail
[0.959s] -- Up-to-date: /home/mobin/auriga_ros2_tasks/install/interfaces/include/interfaces/interfaces/msg/detail/num__traits.hpp
[0.959s] -- Up-to-date: /home/mobin/auriga_ros2_tasks/install/interfaces/include/interfaces/interfaces/msg/detail/num__builder.hpp
[0.959s] -- Up-to-date: /home/mobin/auriga_ros2_tasks/install/interfaces/include/interfaces/interfaces/msg/detail/num__type_support.hpp
[0.959s] -- Up-to-date: /home/mobin/auriga_ros2_tasks/install/interfaces/include/interfaces/interfaces/msg/detail/num__struct.hpp
[0.959s] -- Up-to-date: /home/mobin/auriga_ros2_tasks/install/interfaces/include/interfaces/interfaces/msg/rosidl_generator_cpp__visibility_control.hpp
[0.959s] -- Up-to-date: /home/mobin/auriga_ros2_tasks/install/interfaces/include/interfaces/interfaces
[0.959s] -- Up-to-date: /home/mobin/auriga_ros2_tasks/install/interfaces/include/interfaces/interfaces/msg
[0.960s] -- Up-to-date: /home/mobin/auriga_ros2_tasks/install/interfaces/include/interfaces/interfaces/msg/rosidl_typesupport_fastrtps_cpp__visibility_control.h
[0.960s] -- Up-to-date: /home/mobin/auriga_ros2_tasks/install/interfaces/include/interfaces/interfaces/msg/detail
[0.960s] -- Up-to-date: /home/mobin/auriga_ros2_tasks/install/interfaces/include/interfaces/interfaces/msg/detail/num__rosidl_typesupport_fastrtps_cpp.hpp
[0.960s] -- Up-to-date: /home/mobin/auriga_ros2_tasks/install/interfaces/include/interfaces/interfaces/msg/detail/dds_fastrtps
[0.960s] -- Up-to-date: /home/mobin/auriga_ros2_tasks/install/interfaces/lib/libinterfaces__rosidl_typesupport_fastrtps_cpp.so
[0.960s] -- Up-to-date: /home/mobin/auriga_ros2_tasks/install/interfaces/include/interfaces/interfaces
[0.960s] -- Up-to-date: /home/mobin/auriga_ros2_tasks/install/interfaces/include/interfaces/interfaces/msg
[0.960s] -- Up-to-date: /home/mobin/auriga_ros2_tasks/install/interfaces/include/interfaces/interfaces/msg/rosidl_typesupport_introspection_c__visibility_control.h
[0.960s] -- Up-to-date: /home/mobin/auriga_ros2_tasks/install/interfaces/include/interfaces/interfaces/msg/detail
[0.961s] -- Up-to-date: /home/mobin/auriga_ros2_tasks/install/interfaces/include/interfaces/interfaces/msg/detail/num__rosidl_typesupport_introspection_c.h
[0.961s] -- Up-to-date: /home/mobin/auriga_ros2_tasks/install/interfaces/include/interfaces/interfaces/msg/detail/num__type_support.c
[0.961s] -- Up-to-date: /home/mobin/auriga_ros2_tasks/install/interfaces/lib/libinterfaces__rosidl_typesupport_introspection_c.so
[0.961s] -- Up-to-date: /home/mobin/auriga_ros2_tasks/install/interfaces/lib/libinterfaces__rosidl_typesupport_c.so
[0.961s] -- Up-to-date: /home/mobin/auriga_ros2_tasks/install/interfaces/include/interfaces/interfaces
[0.961s] -- Up-to-date: /home/mobin/auriga_ros2_tasks/install/interfaces/include/interfaces/interfaces/msg
[0.961s] -- Up-to-date: /home/mobin/auriga_ros2_tasks/install/interfaces/include/interfaces/interfaces/msg/detail
[0.961s] -- Up-to-date: /home/mobin/auriga_ros2_tasks/install/interfaces/include/interfaces/interfaces/msg/detail/num__rosidl_typesupport_introspection_cpp.hpp
[0.962s] -- Up-to-date: /home/mobin/auriga_ros2_tasks/install/interfaces/include/interfaces/interfaces/msg/detail/num__type_support.cpp
[0.962s] -- Up-to-date: /home/mobin/auriga_ros2_tasks/install/interfaces/lib/libinterfaces__rosidl_typesupport_introspection_cpp.so
[0.962s] -- Up-to-date: /home/mobin/auriga_ros2_tasks/install/interfaces/lib/libinterfaces__rosidl_typesupport_cpp.so
[0.962s] -- Up-to-date: /home/mobin/auriga_ros2_tasks/install/interfaces/share/interfaces/environment/pythonpath.sh
[0.962s] -- Up-to-date: /home/mobin/auriga_ros2_tasks/install/interfaces/share/interfaces/environment/pythonpath.dsv
[0.962s] -- Up-to-date: /home/mobin/auriga_ros2_tasks/install/interfaces/lib/python3.12/site-packages/interfaces-0.0.0-py3.12.egg-info
[0.962s] -- Installing: /home/mobin/auriga_ros2_tasks/install/interfaces/lib/python3.12/site-packages/interfaces-0.0.0-py3.12.egg-info/SOURCES.txt
[0.962s] -- Installing: /home/mobin/auriga_ros2_tasks/install/interfaces/lib/python3.12/site-packages/interfaces-0.0.0-py3.12.egg-info/PKG-INFO
[0.963s] -- Installing: /home/mobin/auriga_ros2_tasks/install/interfaces/lib/python3.12/site-packages/interfaces-0.0.0-py3.12.egg-info/top_level.txt
[0.963s] -- Installing: /home/mobin/auriga_ros2_tasks/install/interfaces/lib/python3.12/site-packages/interfaces-0.0.0-py3.12.egg-info/dependency_links.txt
[0.963s] -- Up-to-date: /home/mobin/auriga_ros2_tasks/install/interfaces/lib/python3.12/site-packages/interfaces
[0.963s] -- Up-to-date: /home/mobin/auriga_ros2_tasks/install/interfaces/lib/python3.12/site-packages/interfaces/interfaces_s__rosidl_typesupport_introspection_c.so
[0.964s] -- Up-to-date: /home/mobin/auriga_ros2_tasks/install/interfaces/lib/python3.12/site-packages/interfaces/_interfaces_s.ep.rosidl_typesupport_introspection_c.c
[0.964s] -- Up-to-date: /home/mobin/auriga_ros2_tasks/install/interfaces/lib/python3.12/site-packages/interfaces/_interfaces_s.ep.rosidl_typesupport_fastrtps_c.c
[0.964s] -- Up-to-date: /home/mobin/auriga_ros2_tasks/install/interfaces/lib/python3.12/site-packages/interfaces/_interfaces_s.ep.rosidl_typesupport_c.c
[0.964s] -- Up-to-date: /home/mobin/auriga_ros2_tasks/install/interfaces/lib/python3.12/site-packages/interfaces/interfaces_s__rosidl_typesupport_fastrtps_c.so
[0.964s] -- Up-to-date: /home/mobin/auriga_ros2_tasks/install/interfaces/lib/python3.12/site-packages/interfaces/msg
[0.964s] -- Up-to-date: /home/mobin/auriga_ros2_tasks/install/interfaces/lib/python3.12/site-packages/interfaces/msg/_num.py
[0.964s] -- Up-to-date: /home/mobin/auriga_ros2_tasks/install/interfaces/lib/python3.12/site-packages/interfaces/msg/_num_s.c
[0.964s] -- Up-to-date: /home/mobin/auriga_ros2_tasks/install/interfaces/lib/python3.12/site-packages/interfaces/msg/__init__.py
[0.964s] -- Up-to-date: /home/mobin/auriga_ros2_tasks/install/interfaces/lib/python3.12/site-packages/interfaces/interfaces_s__rosidl_typesupport_c.so
[0.965s] -- Up-to-date: /home/mobin/auriga_ros2_tasks/install/interfaces/lib/python3.12/site-packages/interfaces/__init__.py
[1.035s] Listing '/home/mobin/auriga_ros2_tasks/install/interfaces/lib/python3.12/site-packages/interfaces'...
[1.035s] Listing '/home/mobin/auriga_ros2_tasks/install/interfaces/lib/python3.12/site-packages/interfaces/msg'...
[1.045s] -- Up-to-date: /home/mobin/auriga_ros2_tasks/install/interfaces/lib/python3.12/site-packages/interfaces/interfaces_s__rosidl_typesupport_fastrtps_c.so
[1.046s] -- Up-to-date: /home/mobin/auriga_ros2_tasks/install/interfaces/lib/python3.12/site-packages/interfaces/interfaces_s__rosidl_typesupport_introspection_c.so
[1.047s] -- Up-to-date: /home/mobin/auriga_ros2_tasks/install/interfaces/lib/python3.12/site-packages/interfaces/interfaces_s__rosidl_typesupport_c.so
[1.047s] -- Up-to-date: /home/mobin/auriga_ros2_tasks/install/interfaces/lib/libinterfaces__rosidl_generator_py.so
[1.048s] -- Up-to-date: /home/mobin/auriga_ros2_tasks/install/interfaces/share/interfaces/msg/Num.idl
[1.048s] -- Up-to-date: /home/mobin/auriga_ros2_tasks/install/interfaces/share/interfaces/msg/Num.msg
[1.048s] -- Up-to-date: /home/mobin/auriga_ros2_tasks/install/interfaces/share/ament_index/resource_index/package_run_dependencies/interfaces
[1.048s] -- Up-to-date: /home/mobin/auriga_ros2_tasks/install/interfaces/share/ament_index/resource_index/parent_prefix_path/interfaces
[1.048s] -- Up-to-date: /home/mobin/auriga_ros2_tasks/install/interfaces/share/interfaces/environment/ament_prefix_path.sh
[1.048s] -- Up-to-date: /home/mobin/auriga_ros2_tasks/install/interfaces/share/interfaces/environment/ament_prefix_path.dsv
[1.049s] -- Up-to-date: /home/mobin/auriga_ros2_tasks/install/interfaces/share/interfaces/environment/path.sh
[1.049s] -- Up-to-date: /home/mobin/auriga_ros2_tasks/install/interfaces/share/interfaces/environment/path.dsv
[1.049s] -- Up-to-date: /home/mobin/auriga_ros2_tasks/install/interfaces/share/interfaces/local_setup.bash
[1.049s] -- Up-to-date: /home/mobin/auriga_ros2_tasks/install/interfaces/share/interfaces/local_setup.sh
[1.049s] -- Up-to-date: /home/mobin/auriga_ros2_tasks/install/interfaces/share/interfaces/local_setup.zsh
[1.049s] -- Up-to-date: /home/mobin/auriga_ros2_tasks/install/interfaces/share/interfaces/local_setup.dsv
[1.049s] -- Installing: /home/mobin/auriga_ros2_tasks/install/interfaces/share/interfaces/package.dsv
[1.050s] -- Up-to-date: /home/mobin/auriga_ros2_tasks/install/interfaces/share/ament_index/resource_index/packages/interfaces
[1.050s] -- Up-to-date: /home/mobin/auriga_ros2_tasks/install/interfaces/share/interfaces/cmake/export_interfaces__rosidl_generator_cExport.cmake
[1.050s] -- Up-to-date: /home/mobin/auriga_ros2_tasks/install/interfaces/share/interfaces/cmake/export_interfaces__rosidl_generator_cExport-noconfig.cmake
[1.050s] -- Up-to-date: /home/mobin/auriga_ros2_tasks/install/interfaces/share/interfaces/cmake/export_interfaces__rosidl_typesupport_fastrtps_cExport.cmake
[1.050s] -- Up-to-date: /home/mobin/auriga_ros2_tasks/install/interfaces/share/interfaces/cmake/export_interfaces__rosidl_typesupport_fastrtps_cExport-noconfig.cmake
[1.050s] -- Up-to-date: /home/mobin/auriga_ros2_tasks/install/interfaces/share/interfaces/cmake/export_interfaces__rosidl_generator_cppExport.cmake
[1.050s] -- Up-to-date: /home/mobin/auriga_ros2_tasks/install/interfaces/share/interfaces/cmake/export_interfaces__rosidl_typesupport_fastrtps_cppExport.cmake
[1.050s] -- Up-to-date: /home/mobin/auriga_ros2_tasks/install/interfaces/share/interfaces/cmake/export_interfaces__rosidl_typesupport_fastrtps_cppExport-noconfig.cmake
[1.051s] -- Up-to-date: /home/mobin/auriga_ros2_tasks/install/interfaces/share/interfaces/cmake/interfaces__rosidl_typesupport_introspection_cExport.cmake
[1.051s] -- Up-to-date: /home/mobin/auriga_ros2_tasks/install/interfaces/share/interfaces/cmake/interfaces__rosidl_typesupport_introspection_cExport-noconfig.cmake
[1.051s] -- Up-to-date: /home/mobin/auriga_ros2_tasks/install/interfaces/share/interfaces/cmake/interfaces__rosidl_typesupport_cExport.cmake
[1.051s] -- Up-to-date: /home/mobin/auriga_ros2_tasks/install/interfaces/share/interfaces/cmake/interfaces__rosidl_typesupport_cExport-noconfig.cmake
[1.051s] -- Up-to-date: /home/mobin/auriga_ros2_tasks/install/interfaces/share/interfaces/cmake/interfaces__rosidl_typesupport_introspection_cppExport.cmake
[1.051s] -- Up-to-date: /home/mobin/auriga_ros2_tasks/install/interfaces/share/interfaces/cmake/interfaces__rosidl_typesupport_introspection_cppExport-noconfig.cmake
[1.051s] -- Up-to-date: /home/mobin/auriga_ros2_tasks/install/interfaces/share/interfaces/cmake/interfaces__rosidl_typesupport_cppExport.cmake
[1.051s] -- Up-to-date: /home/mobin/auriga_ros2_tasks/install/interfaces/share/interfaces/cmake/interfaces__rosidl_typesupport_cppExport-noconfig.cmake
[1.052s] -- Up-to-date: /home/mobin/auriga_ros2_tasks/install/interfaces/share/interfaces/cmake/export_interfaces__rosidl_generator_pyExport.cmake
[1.052s] -- Up-to-date: /home/mobin/auriga_ros2_tasks/install/interfaces/share/interfaces/cmake/export_interfaces__rosidl_generator_pyExport-noconfig.cmake
[1.052s] -- Up-to-date: /home/mobin/auriga_ros2_tasks/install/interfaces/share/interfaces/cmake/rosidl_cmake-extras.cmake
[1.052s] -- Up-to-date: /home/mobin/auriga_ros2_tasks/install/interfaces/share/interfaces/cmake/ament_cmake_export_dependencies-extras.cmake
[1.052s] -- Up-to-date: /home/mobin/auriga_ros2_tasks/install/interfaces/share/interfaces/cmake/ament_cmake_export_include_directories-extras.cmake
[1.052s] -- Up-to-date: /home/mobin/auriga_ros2_tasks/install/interfaces/share/interfaces/cmake/ament_cmake_export_libraries-extras.cmake
[1.052s] -- Up-to-date: /home/mobin/auriga_ros2_tasks/install/interfaces/share/interfaces/cmake/ament_cmake_export_targets-extras.cmake
[1.052s] -- Up-to-date: /home/mobin/auriga_ros2_tasks/install/interfaces/share/interfaces/cmake/rosidl_cmake_export_typesupport_targets-extras.cmake
[1.053s] -- Up-to-date: /home/mobin/auriga_ros2_tasks/install/interfaces/share/interfaces/cmake/rosidl_cmake_export_typesupport_libraries-extras.cmake
[1.053s] -- Up-to-date: /home/mobin/auriga_ros2_tasks/install/interfaces/share/interfaces/cmake/interfacesConfig.cmake
[1.053s] -- Up-to-date: /home/mobin/auriga_ros2_tasks/install/interfaces/share/interfaces/cmake/interfacesConfig-version.cmake
[1.053s] -- Up-to-date: /home/mobin/auriga_ros2_tasks/install/interfaces/share/interfaces/package.xml
[1.057s] Invoked command in '/home/mobin/auriga_ros2_tasks/build/interfaces' returned '0': CMAKE_PREFIX_PATH=${CMAKE_PREFIX_PATH}:/home/mobin/auriga_ros2_tasks/install/py_package:/home/mobin/ros2_example/install/py_package:/home/mobin/ros2_example/install/launch_testing_examples:/home/mobin/ros2_example/install/examples_rclpy_pointcloud_publisher:/home/mobin/ros2_example/install/examples_rclpy_minimal_subscriber:/home/mobin/ros2_example/install/examples_rclpy_minimal_service:/home/mobin/ros2_example/install/examples_rclpy_minimal_publisher:/home/mobin/ros2_example/install/examples_rclpy_minimal_client:/home/mobin/ros2_example/install/examples_rclpy_minimal_action_server:/home/mobin/ros2_example/install/examples_rclpy_minimal_action_client:/home/mobin/ros2_example/install/examples_rclpy_guard_conditions:/home/mobin/ros2_example/install/examples_rclpy_executors:/home/mobin/ros2_ws/install/rqt_joint_trajectory_controller:/home/mobin/ros2_ws/install/ros2_controllers_test_nodes:/opt/ros/jazzy DEBUGINFOD_URLS=https://debuginfod.ubuntu.com /usr/bin/cmake --install /home/mobin/auriga_ros2_tasks/build/interfaces
