[0.215s] DEBUG:colcon:Command line arguments: ['/usr/bin/colcon', 'build', '--packages-select', 'interfaces']
[0.215s] DEBUG:colcon:Parsed command line arguments: Namespace(log_base=None, log_level=None, verb_name='build', build_base='build', install_base='install', merge_install=False, symlink_install=False, test_result_base=None, continue_on_error=False, executor='parallel', parallel_workers=16, event_handlers=None, ignore_user_meta=False, metas=['./colcon.meta'], base_paths=['.'], packages_ignore=None, packages_ignore_regex=None, paths=None, packages_up_to=None, packages_up_to_regex=None, packages_above=None, packages_above_and_dependencies=None, packages_above_depth=None, packages_select_by_dep=None, packages_skip_by_dep=None, packages_skip_up_to=None, packages_select_build_failed=False, packages_skip_build_finished=False, packages_select_test_failures=False, packages_skip_test_passed=False, packages_select=['interfaces'], packages_skip=None, packages_select_regex=None, packages_skip_regex=None, packages_start=None, packages_end=None, allow_overriding=[], cmake_args=None, cmake_target=None, cmake_target_skip_unavailable=False, cmake_clean_cache=False, cmake_clean_first=False, cmake_force_configure=False, ament_cmake_args=None, catkin_cmake_args=None, catkin_skip_building_tests=False, mixin_files=None, mixin=None, verb_parser=<colcon_mixin.mixin.mixin_argument.MixinArgumentDecorator object at 0x765c22ba6b70>, verb_extension=<colcon_core.verb.build.BuildVerb object at 0x765c22ba6750>, main=<bound method BuildVerb.main of <colcon_core.verb.build.BuildVerb object at 0x765c22ba6750>>, mixin_verb=('build',))
[0.282s] Level 1:colcon.colcon_core.package_discovery:discover_packages(colcon_meta) check parameters
[0.282s] Level 1:colcon.colcon_core.package_discovery:discover_packages(recursive) check parameters
[0.282s] Level 1:colcon.colcon_core.package_discovery:discover_packages(ignore) check parameters
[0.283s] Level 1:colcon.colcon_core.package_discovery:discover_packages(path) check parameters
[0.283s] Level 1:colcon.colcon_core.package_discovery:discover_packages(colcon_meta) discover
[0.283s] Level 1:colcon.colcon_core.package_discovery:discover_packages(recursive) discover
[0.283s] INFO:colcon.colcon_core.package_discovery:Crawling recursively for packages in '/home/mobin/auriga_ros2_tasks'
[0.283s] Level 1:colcon.colcon_core.package_identification:_identify(.) by extensions ['ignore', 'ignore_ament_install']
[0.283s] Level 1:colcon.colcon_core.package_identification:_identify(.) by extension 'ignore'
[0.283s] Level 1:colcon.colcon_core.package_identification:_identify(.) by extension 'ignore_ament_install'
[0.283s] Level 1:colcon.colcon_core.package_identification:_identify(.) by extensions ['colcon_pkg']
[0.283s] Level 1:colcon.colcon_core.package_identification:_identify(.) by extension 'colcon_pkg'
[0.283s] Level 1:colcon.colcon_core.package_identification:_identify(.) by extensions ['colcon_meta']
[0.283s] Level 1:colcon.colcon_core.package_identification:_identify(.) by extension 'colcon_meta'
[0.283s] Level 1:colcon.colcon_core.package_identification:_identify(.) by extensions ['ros']
[0.284s] Level 1:colcon.colcon_core.package_identification:_identify(.) by extension 'ros'
[0.328s] Level 1:colcon.colcon_core.package_identification:_identify(.) by extensions ['cmake', 'python']
[0.328s] Level 1:colcon.colcon_core.package_identification:_identify(.) by extension 'cmake'
[0.328s] Level 1:colcon.colcon_core.package_identification:_identify(.) by extension 'python'
[0.328s] Level 1:colcon.colcon_core.package_identification:_identify(.) by extensions ['python_setup_py']
[0.328s] Level 1:colcon.colcon_core.package_identification:_identify(.) by extension 'python_setup_py'
[0.328s] Level 1:colcon.colcon_core.package_identification:_identify(build) by extensions ['ignore', 'ignore_ament_install']
[0.329s] Level 1:colcon.colcon_core.package_identification:_identify(build) by extension 'ignore'
[0.329s] Level 1:colcon.colcon_core.package_identification:_identify(build) ignored
[0.329s] Level 1:colcon.colcon_core.package_identification:_identify(install) by extensions ['ignore', 'ignore_ament_install']
[0.329s] Level 1:colcon.colcon_core.package_identification:_identify(install) by extension 'ignore'
[0.329s] Level 1:colcon.colcon_core.package_identification:_identify(install) ignored
[0.329s] Level 1:colcon.colcon_core.package_identification:_identify(log) by extensions ['ignore', 'ignore_ament_install']
[0.329s] Level 1:colcon.colcon_core.package_identification:_identify(log) by extension 'ignore'
[0.329s] Level 1:colcon.colcon_core.package_identification:_identify(log) ignored
[0.330s] Level 1:colcon.colcon_core.package_identification:_identify(src) by extensions ['ignore', 'ignore_ament_install']
[0.330s] Level 1:colcon.colcon_core.package_identification:_identify(src) by extension 'ignore'
[0.330s] Level 1:colcon.colcon_core.package_identification:_identify(src) by extension 'ignore_ament_install'
[0.330s] Level 1:colcon.colcon_core.package_identification:_identify(src) by extensions ['colcon_pkg']
[0.330s] Level 1:colcon.colcon_core.package_identification:_identify(src) by extension 'colcon_pkg'
[0.330s] Level 1:colcon.colcon_core.package_identification:_identify(src) by extensions ['colcon_meta']
[0.330s] Level 1:colcon.colcon_core.package_identification:_identify(src) by extension 'colcon_meta'
[0.330s] Level 1:colcon.colcon_core.package_identification:_identify(src) by extensions ['ros']
[0.330s] Level 1:colcon.colcon_core.package_identification:_identify(src) by extension 'ros'
[0.330s] Level 1:colcon.colcon_core.package_identification:_identify(src) by extensions ['cmake', 'python']
[0.330s] Level 1:colcon.colcon_core.package_identification:_identify(src) by extension 'cmake'
[0.330s] Level 1:colcon.colcon_core.package_identification:_identify(src) by extension 'python'
[0.330s] Level 1:colcon.colcon_core.package_identification:_identify(src) by extensions ['python_setup_py']
[0.330s] Level 1:colcon.colcon_core.package_identification:_identify(src) by extension 'python_setup_py'
[0.331s] Level 1:colcon.colcon_core.package_identification:_identify(src/cpp_package) by extensions ['ignore', 'ignore_ament_install']
[0.331s] Level 1:colcon.colcon_core.package_identification:_identify(src/cpp_package) by extension 'ignore'
[0.331s] Level 1:colcon.colcon_core.package_identification:_identify(src/cpp_package) by extension 'ignore_ament_install'
[0.331s] Level 1:colcon.colcon_core.package_identification:_identify(src/cpp_package) by extensions ['colcon_pkg']
[0.331s] Level 1:colcon.colcon_core.package_identification:_identify(src/cpp_package) by extension 'colcon_pkg'
[0.331s] Level 1:colcon.colcon_core.package_identification:_identify(src/cpp_package) by extensions ['colcon_meta']
[0.331s] Level 1:colcon.colcon_core.package_identification:_identify(src/cpp_package) by extension 'colcon_meta'
[0.331s] Level 1:colcon.colcon_core.package_identification:_identify(src/cpp_package) by extensions ['ros']
[0.331s] Level 1:colcon.colcon_core.package_identification:_identify(src/cpp_package) by extension 'ros'
[0.335s] DEBUG:colcon.colcon_core.package_identification:Package 'src/cpp_package' with type 'ros.ament_cmake' and name 'cpp_package'
[0.335s] Level 1:colcon.colcon_core.package_identification:_identify(src/interfaces) by extensions ['ignore', 'ignore_ament_install']
[0.335s] Level 1:colcon.colcon_core.package_identification:_identify(src/interfaces) by extension 'ignore'
[0.335s] Level 1:colcon.colcon_core.package_identification:_identify(src/interfaces) by extension 'ignore_ament_install'
[0.335s] Level 1:colcon.colcon_core.package_identification:_identify(src/interfaces) by extensions ['colcon_pkg']
[0.335s] Level 1:colcon.colcon_core.package_identification:_identify(src/interfaces) by extension 'colcon_pkg'
[0.335s] Level 1:colcon.colcon_core.package_identification:_identify(src/interfaces) by extensions ['colcon_meta']
[0.335s] Level 1:colcon.colcon_core.package_identification:_identify(src/interfaces) by extension 'colcon_meta'
[0.336s] Level 1:colcon.colcon_core.package_identification:_identify(src/interfaces) by extensions ['ros']
[0.336s] Level 1:colcon.colcon_core.package_identification:_identify(src/interfaces) by extension 'ros'
[0.336s] DEBUG:colcon.colcon_core.package_identification:Package 'src/interfaces' with type 'ros.ament_cmake' and name 'interfaces'
[0.337s] Level 1:colcon.colcon_core.package_identification:_identify(src/log) by extensions ['ignore', 'ignore_ament_install']
[0.337s] Level 1:colcon.colcon_core.package_identification:_identify(src/log) by extension 'ignore'
[0.337s] Level 1:colcon.colcon_core.package_identification:_identify(src/log) ignored
[0.337s] Level 1:colcon.colcon_core.package_identification:_identify(src/py_package) by extensions ['ignore', 'ignore_ament_install']
[0.337s] Level 1:colcon.colcon_core.package_identification:_identify(src/py_package) by extension 'ignore'
[0.337s] Level 1:colcon.colcon_core.package_identification:_identify(src/py_package) by extension 'ignore_ament_install'
[0.337s] Level 1:colcon.colcon_core.package_identification:_identify(src/py_package) by extensions ['colcon_pkg']
[0.337s] Level 1:colcon.colcon_core.package_identification:_identify(src/py_package) by extension 'colcon_pkg'
[0.337s] Level 1:colcon.colcon_core.package_identification:_identify(src/py_package) by extensions ['colcon_meta']
[0.337s] Level 1:colcon.colcon_core.package_identification:_identify(src/py_package) by extension 'colcon_meta'
[0.337s] Level 1:colcon.colcon_core.package_identification:_identify(src/py_package) by extensions ['ros']
[0.337s] Level 1:colcon.colcon_core.package_identification:_identify(src/py_package) by extension 'ros'
[0.338s] DEBUG:colcon.colcon_core.package_identification:Package 'src/py_package' with type 'ros.ament_python' and name 'py_package'
[0.338s] Level 1:colcon.colcon_core.package_discovery:discover_packages(recursive) using defaults
[0.338s] Level 1:colcon.colcon_core.package_discovery:discover_packages(ignore) discover
[0.338s] Level 1:colcon.colcon_core.package_discovery:discover_packages(ignore) using defaults
[0.338s] Level 1:colcon.colcon_core.package_discovery:discover_packages(path) discover
[0.338s] Level 1:colcon.colcon_core.package_discovery:discover_packages(path) using defaults
[0.369s] INFO:colcon.colcon_core.package_selection:Skipping not selected package 'cpp_package' in 'src/cpp_package'
[0.369s] INFO:colcon.colcon_core.package_selection:Skipping not selected package 'py_package' in 'src/py_package'
[0.370s] Level 1:colcon.colcon_core.package_discovery:discover_packages(prefix_path) check parameters
[0.370s] Level 1:colcon.colcon_core.package_discovery:discover_packages(prefix_path) discover
[0.376s] DEBUG:colcon.colcon_installed_package_information.package_discovery:Found 2 installed packages in /home/mobin/auriga_ros2_tasks/install
[0.378s] DEBUG:colcon.colcon_installed_package_information.package_discovery:Found 25 installed packages in /home/mobin/ros2_example/install
[0.379s] DEBUG:colcon.colcon_installed_package_information.package_discovery:Found 11 installed packages in /home/mobin/ros2_ws/install
[0.384s] DEBUG:colcon.colcon_installed_package_information.package_discovery:Found 477 installed packages in /opt/ros/jazzy
[0.389s] Level 1:colcon.colcon_core.package_discovery:discover_packages(prefix_path) using defaults
[0.577s] Level 5:colcon.colcon_core.verb:set package 'interfaces' build argument 'cmake_args' from command line to 'None'
[0.577s] Level 5:colcon.colcon_core.verb:set package 'interfaces' build argument 'cmake_target' from command line to 'None'
[0.577s] Level 5:colcon.colcon_core.verb:set package 'interfaces' build argument 'cmake_target_skip_unavailable' from command line to 'False'
[0.577s] Level 5:colcon.colcon_core.verb:set package 'interfaces' build argument 'cmake_clean_cache' from command line to 'False'
[0.577s] Level 5:colcon.colcon_core.verb:set package 'interfaces' build argument 'cmake_clean_first' from command line to 'False'
[0.577s] Level 5:colcon.colcon_core.verb:set package 'interfaces' build argument 'cmake_force_configure' from command line to 'False'
[0.577s] Level 5:colcon.colcon_core.verb:set package 'interfaces' build argument 'ament_cmake_args' from command line to 'None'
[0.577s] Level 5:colcon.colcon_core.verb:set package 'interfaces' build argument 'catkin_cmake_args' from command line to 'None'
[0.577s] Level 5:colcon.colcon_core.verb:set package 'interfaces' build argument 'catkin_skip_building_tests' from command line to 'False'
[0.577s] DEBUG:colcon.colcon_core.verb:Building package 'interfaces' with the following arguments: {'ament_cmake_args': None, 'build_base': '/home/mobin/auriga_ros2_tasks/build/interfaces', 'catkin_cmake_args': None, 'catkin_skip_building_tests': False, 'cmake_args': None, 'cmake_clean_cache': False, 'cmake_clean_first': False, 'cmake_force_configure': False, 'cmake_target': None, 'cmake_target_skip_unavailable': False, 'install_base': '/home/mobin/auriga_ros2_tasks/install/interfaces', 'merge_install': False, 'path': '/home/mobin/auriga_ros2_tasks/src/interfaces', 'symlink_install': False, 'test_result_base': None}
[0.577s] INFO:colcon.colcon_core.executor:Executing jobs using 'parallel' executor
[0.579s] DEBUG:colcon.colcon_parallel_executor.executor.parallel:run_until_complete
[0.579s] INFO:colcon.colcon_ros.task.ament_cmake.build:Building ROS package in '/home/mobin/auriga_ros2_tasks/src/interfaces' with build type 'ament_cmake'
[0.580s] INFO:colcon.colcon_cmake.task.cmake.build:Building CMake package in '/home/mobin/auriga_ros2_tasks/src/interfaces'
[0.585s] INFO:colcon.colcon_core.plugin_system:Skipping extension 'colcon_core.shell.bat': Not used on non-Windows systems
[0.585s] INFO:colcon.colcon_core.shell:Skip shell extension 'powershell' for command environment: Not usable outside of PowerShell
[0.585s] DEBUG:colcon.colcon_core.shell:Skip shell extension 'dsv' for command environment
[0.609s] DEBUG:colcon.colcon_core.event_handler.log_command:Invoking command in '/home/mobin/auriga_ros2_tasks/build/interfaces': CMAKE_PREFIX_PATH=${CMAKE_PREFIX_PATH}:/home/mobin/auriga_ros2_tasks/install/py_package:/home/mobin/ros2_example/install/py_package:/home/mobin/ros2_example/install/launch_testing_examples:/home/mobin/ros2_example/install/examples_rclpy_pointcloud_publisher:/home/mobin/ros2_example/install/examples_rclpy_minimal_subscriber:/home/mobin/ros2_example/install/examples_rclpy_minimal_service:/home/mobin/ros2_example/install/examples_rclpy_minimal_publisher:/home/mobin/ros2_example/install/examples_rclpy_minimal_client:/home/mobin/ros2_example/install/examples_rclpy_minimal_action_server:/home/mobin/ros2_example/install/examples_rclpy_minimal_action_client:/home/mobin/ros2_example/install/examples_rclpy_guard_conditions:/home/mobin/ros2_example/install/examples_rclpy_executors:/home/mobin/ros2_ws/install/rqt_joint_trajectory_controller:/home/mobin/ros2_ws/install/ros2_controllers_test_nodes:/opt/ros/jazzy DEBUGINFOD_URLS=https://debuginfod.ubuntu.com /usr/bin/cmake /home/mobin/auriga_ros2_tasks/src/interfaces -DCMAKE_INSTALL_PREFIX=/home/mobin/auriga_ros2_tasks/install/interfaces
[8.236s] DEBUG:colcon.colcon_core.event_handler.log_command:Invoked command in '/home/mobin/auriga_ros2_tasks/build/interfaces' returned '0': CMAKE_PREFIX_PATH=${CMAKE_PREFIX_PATH}:/home/mobin/auriga_ros2_tasks/install/py_package:/home/mobin/ros2_example/install/py_package:/home/mobin/ros2_example/install/launch_testing_examples:/home/mobin/ros2_example/install/examples_rclpy_pointcloud_publisher:/home/mobin/ros2_example/install/examples_rclpy_minimal_subscriber:/home/mobin/ros2_example/install/examples_rclpy_minimal_service:/home/mobin/ros2_example/install/examples_rclpy_minimal_publisher:/home/mobin/ros2_example/install/examples_rclpy_minimal_client:/home/mobin/ros2_example/install/examples_rclpy_minimal_action_server:/home/mobin/ros2_example/install/examples_rclpy_minimal_action_client:/home/mobin/ros2_example/install/examples_rclpy_guard_conditions:/home/mobin/ros2_example/install/examples_rclpy_executors:/home/mobin/ros2_ws/install/rqt_joint_trajectory_controller:/home/mobin/ros2_ws/install/ros2_controllers_test_nodes:/opt/ros/jazzy DEBUGINFOD_URLS=https://debuginfod.ubuntu.com /usr/bin/cmake /home/mobin/auriga_ros2_tasks/src/interfaces -DCMAKE_INSTALL_PREFIX=/home/mobin/auriga_ros2_tasks/install/interfaces
[8.239s] DEBUG:colcon.colcon_core.event_handler.log_command:Invoking command in '/home/mobin/auriga_ros2_tasks/build/interfaces': CMAKE_PREFIX_PATH=${CMAKE_PREFIX_PATH}:/home/mobin/auriga_ros2_tasks/install/py_package:/home/mobin/ros2_example/install/py_package:/home/mobin/ros2_example/install/launch_testing_examples:/home/mobin/ros2_example/install/examples_rclpy_pointcloud_publisher:/home/mobin/ros2_example/install/examples_rclpy_minimal_subscriber:/home/mobin/ros2_example/install/examples_rclpy_minimal_service:/home/mobin/ros2_example/install/examples_rclpy_minimal_publisher:/home/mobin/ros2_example/install/examples_rclpy_minimal_client:/home/mobin/ros2_example/install/examples_rclpy_minimal_action_server:/home/mobin/ros2_example/install/examples_rclpy_minimal_action_client:/home/mobin/ros2_example/install/examples_rclpy_guard_conditions:/home/mobin/ros2_example/install/examples_rclpy_executors:/home/mobin/ros2_ws/install/rqt_joint_trajectory_controller:/home/mobin/ros2_ws/install/ros2_controllers_test_nodes:/opt/ros/jazzy DEBUGINFOD_URLS=https://debuginfod.ubuntu.com /usr/bin/cmake --build /home/mobin/auriga_ros2_tasks/build/interfaces -- -j16 -l16
[11.917s] DEBUG:colcon.colcon_core.event_handler.log_command:Invoked command in '/home/mobin/auriga_ros2_tasks/build/interfaces' returned '0': CMAKE_PREFIX_PATH=${CMAKE_PREFIX_PATH}:/home/mobin/auriga_ros2_tasks/install/py_package:/home/mobin/ros2_example/install/py_package:/home/mobin/ros2_example/install/launch_testing_examples:/home/mobin/ros2_example/install/examples_rclpy_pointcloud_publisher:/home/mobin/ros2_example/install/examples_rclpy_minimal_subscriber:/home/mobin/ros2_example/install/examples_rclpy_minimal_service:/home/mobin/ros2_example/install/examples_rclpy_minimal_publisher:/home/mobin/ros2_example/install/examples_rclpy_minimal_client:/home/mobin/ros2_example/install/examples_rclpy_minimal_action_server:/home/mobin/ros2_example/install/examples_rclpy_minimal_action_client:/home/mobin/ros2_example/install/examples_rclpy_guard_conditions:/home/mobin/ros2_example/install/examples_rclpy_executors:/home/mobin/ros2_ws/install/rqt_joint_trajectory_controller:/home/mobin/ros2_ws/install/ros2_controllers_test_nodes:/opt/ros/jazzy DEBUGINFOD_URLS=https://debuginfod.ubuntu.com /usr/bin/cmake --build /home/mobin/auriga_ros2_tasks/build/interfaces -- -j16 -l16
[11.934s] DEBUG:colcon.colcon_core.event_handler.log_command:Invoking command in '/home/mobin/auriga_ros2_tasks/build/interfaces': CMAKE_PREFIX_PATH=${CMAKE_PREFIX_PATH}:/home/mobin/auriga_ros2_tasks/install/py_package:/home/mobin/ros2_example/install/py_package:/home/mobin/ros2_example/install/launch_testing_examples:/home/mobin/ros2_example/install/examples_rclpy_pointcloud_publisher:/home/mobin/ros2_example/install/examples_rclpy_minimal_subscriber:/home/mobin/ros2_example/install/examples_rclpy_minimal_service:/home/mobin/ros2_example/install/examples_rclpy_minimal_publisher:/home/mobin/ros2_example/install/examples_rclpy_minimal_client:/home/mobin/ros2_example/install/examples_rclpy_minimal_action_server:/home/mobin/ros2_example/install/examples_rclpy_minimal_action_client:/home/mobin/ros2_example/install/examples_rclpy_guard_conditions:/home/mobin/ros2_example/install/examples_rclpy_executors:/home/mobin/ros2_ws/install/rqt_joint_trajectory_controller:/home/mobin/ros2_ws/install/ros2_controllers_test_nodes:/opt/ros/jazzy DEBUGINFOD_URLS=https://debuginfod.ubuntu.com /usr/bin/cmake --install /home/mobin/auriga_ros2_tasks/build/interfaces
[12.027s] Level 1:colcon.colcon_core.environment:create_environment_scripts_only(interfaces)
[12.028s] DEBUG:colcon.colcon_core.event_handler.log_command:Invoked command in '/home/mobin/auriga_ros2_tasks/build/interfaces' returned '0': CMAKE_PREFIX_PATH=${CMAKE_PREFIX_PATH}:/home/mobin/auriga_ros2_tasks/install/py_package:/home/mobin/ros2_example/install/py_package:/home/mobin/ros2_example/install/launch_testing_examples:/home/mobin/ros2_example/install/examples_rclpy_pointcloud_publisher:/home/mobin/ros2_example/install/examples_rclpy_minimal_subscriber:/home/mobin/ros2_example/install/examples_rclpy_minimal_service:/home/mobin/ros2_example/install/examples_rclpy_minimal_publisher:/home/mobin/ros2_example/install/examples_rclpy_minimal_client:/home/mobin/ros2_example/install/examples_rclpy_minimal_action_server:/home/mobin/ros2_example/install/examples_rclpy_minimal_action_client:/home/mobin/ros2_example/install/examples_rclpy_guard_conditions:/home/mobin/ros2_example/install/examples_rclpy_executors:/home/mobin/ros2_ws/install/rqt_joint_trajectory_controller:/home/mobin/ros2_ws/install/ros2_controllers_test_nodes:/opt/ros/jazzy DEBUGINFOD_URLS=https://debuginfod.ubuntu.com /usr/bin/cmake --install /home/mobin/auriga_ros2_tasks/build/interfaces
[12.033s] Level 1:colcon.colcon_core.environment:checking '/home/mobin/auriga_ros2_tasks/install/interfaces' for CMake module files
[12.033s] Level 1:colcon.colcon_core.environment:checking '/home/mobin/auriga_ros2_tasks/install/interfaces' for CMake config files
[12.034s] Level 1:colcon.colcon_core.shell:create_environment_hook('interfaces', 'cmake_prefix_path')
[12.034s] INFO:colcon.colcon_core.shell:Creating environment hook '/home/mobin/auriga_ros2_tasks/install/interfaces/share/interfaces/hook/cmake_prefix_path.ps1'
[12.036s] INFO:colcon.colcon_core.shell:Creating environment descriptor '/home/mobin/auriga_ros2_tasks/install/interfaces/share/interfaces/hook/cmake_prefix_path.dsv'
[12.036s] INFO:colcon.colcon_core.shell:Creating environment hook '/home/mobin/auriga_ros2_tasks/install/interfaces/share/interfaces/hook/cmake_prefix_path.sh'
[12.037s] Level 1:colcon.colcon_core.environment:checking '/home/mobin/auriga_ros2_tasks/install/interfaces/lib'
[12.037s] Level 1:colcon.colcon_core.shell:create_environment_hook('interfaces', 'ld_library_path_lib')
[12.037s] INFO:colcon.colcon_core.shell:Creating environment hook '/home/mobin/auriga_ros2_tasks/install/interfaces/share/interfaces/hook/ld_library_path_lib.ps1'
[12.038s] INFO:colcon.colcon_core.shell:Creating environment descriptor '/home/mobin/auriga_ros2_tasks/install/interfaces/share/interfaces/hook/ld_library_path_lib.dsv'
[12.038s] INFO:colcon.colcon_core.shell:Creating environment hook '/home/mobin/auriga_ros2_tasks/install/interfaces/share/interfaces/hook/ld_library_path_lib.sh'
[12.038s] Level 1:colcon.colcon_core.environment:checking '/home/mobin/auriga_ros2_tasks/install/interfaces/bin'
[12.038s] Level 1:colcon.colcon_core.environment:checking '/home/mobin/auriga_ros2_tasks/install/interfaces/lib/pkgconfig/interfaces.pc'
[12.039s] Level 1:colcon.colcon_core.environment:checking '/home/mobin/auriga_ros2_tasks/install/interfaces/lib/python3.12/site-packages'
[12.039s] Level 1:colcon.colcon_core.shell:create_environment_hook('interfaces', 'pythonpath')
[12.039s] INFO:colcon.colcon_core.shell:Creating environment hook '/home/mobin/auriga_ros2_tasks/install/interfaces/share/interfaces/hook/pythonpath.ps1'
[12.039s] INFO:colcon.colcon_core.shell:Creating environment descriptor '/home/mobin/auriga_ros2_tasks/install/interfaces/share/interfaces/hook/pythonpath.dsv'
[12.039s] INFO:colcon.colcon_core.shell:Creating environment hook '/home/mobin/auriga_ros2_tasks/install/interfaces/share/interfaces/hook/pythonpath.sh'
[12.040s] Level 1:colcon.colcon_core.environment:checking '/home/mobin/auriga_ros2_tasks/install/interfaces/bin'
[12.040s] INFO:colcon.colcon_core.shell:Creating package script '/home/mobin/auriga_ros2_tasks/install/interfaces/share/interfaces/package.ps1'
[12.041s] INFO:colcon.colcon_core.shell:Creating package descriptor '/home/mobin/auriga_ros2_tasks/install/interfaces/share/interfaces/package.dsv'
[12.041s] INFO:colcon.colcon_core.shell:Creating package script '/home/mobin/auriga_ros2_tasks/install/interfaces/share/interfaces/package.sh'
[12.042s] INFO:colcon.colcon_core.shell:Creating package script '/home/mobin/auriga_ros2_tasks/install/interfaces/share/interfaces/package.bash'
[12.043s] INFO:colcon.colcon_core.shell:Creating package script '/home/mobin/auriga_ros2_tasks/install/interfaces/share/interfaces/package.zsh'
[12.043s] Level 1:colcon.colcon_core.environment:create_file_with_runtime_dependencies(/home/mobin/auriga_ros2_tasks/install/interfaces/share/colcon-core/packages/interfaces)
[12.044s] Level 1:colcon.colcon_core.environment:create_environment_scripts_only(interfaces)
[12.044s] Level 1:colcon.colcon_core.environment:checking '/home/mobin/auriga_ros2_tasks/install/interfaces' for CMake module files
[12.045s] Level 1:colcon.colcon_core.environment:checking '/home/mobin/auriga_ros2_tasks/install/interfaces' for CMake config files
[12.045s] Level 1:colcon.colcon_core.shell:create_environment_hook('interfaces', 'cmake_prefix_path')
[12.045s] INFO:colcon.colcon_core.shell:Creating environment hook '/home/mobin/auriga_ros2_tasks/install/interfaces/share/interfaces/hook/cmake_prefix_path.ps1'
[12.046s] INFO:colcon.colcon_core.shell:Creating environment descriptor '/home/mobin/auriga_ros2_tasks/install/interfaces/share/interfaces/hook/cmake_prefix_path.dsv'
[12.046s] INFO:colcon.colcon_core.shell:Creating environment hook '/home/mobin/auriga_ros2_tasks/install/interfaces/share/interfaces/hook/cmake_prefix_path.sh'
[12.047s] Level 1:colcon.colcon_core.environment:checking '/home/mobin/auriga_ros2_tasks/install/interfaces/lib'
[12.047s] Level 1:colcon.colcon_core.shell:create_environment_hook('interfaces', 'ld_library_path_lib')
[12.047s] INFO:colcon.colcon_core.shell:Creating environment hook '/home/mobin/auriga_ros2_tasks/install/interfaces/share/interfaces/hook/ld_library_path_lib.ps1'
[12.047s] INFO:colcon.colcon_core.shell:Creating environment descriptor '/home/mobin/auriga_ros2_tasks/install/interfaces/share/interfaces/hook/ld_library_path_lib.dsv'
[12.048s] INFO:colcon.colcon_core.shell:Creating environment hook '/home/mobin/auriga_ros2_tasks/install/interfaces/share/interfaces/hook/ld_library_path_lib.sh'
[12.048s] Level 1:colcon.colcon_core.environment:checking '/home/mobin/auriga_ros2_tasks/install/interfaces/bin'
[12.048s] Level 1:colcon.colcon_core.environment:checking '/home/mobin/auriga_ros2_tasks/install/interfaces/lib/pkgconfig/interfaces.pc'
[12.048s] Level 1:colcon.colcon_core.environment:checking '/home/mobin/auriga_ros2_tasks/install/interfaces/lib/python3.12/site-packages'
[12.048s] Level 1:colcon.colcon_core.shell:create_environment_hook('interfaces', 'pythonpath')
[12.049s] INFO:colcon.colcon_core.shell:Creating environment hook '/home/mobin/auriga_ros2_tasks/install/interfaces/share/interfaces/hook/pythonpath.ps1'
[12.049s] INFO:colcon.colcon_core.shell:Creating environment descriptor '/home/mobin/auriga_ros2_tasks/install/interfaces/share/interfaces/hook/pythonpath.dsv'
[12.049s] INFO:colcon.colcon_core.shell:Creating environment hook '/home/mobin/auriga_ros2_tasks/install/interfaces/share/interfaces/hook/pythonpath.sh'
[12.050s] Level 1:colcon.colcon_core.environment:checking '/home/mobin/auriga_ros2_tasks/install/interfaces/bin'
[12.050s] INFO:colcon.colcon_core.shell:Creating package script '/home/mobin/auriga_ros2_tasks/install/interfaces/share/interfaces/package.ps1'
[12.050s] INFO:colcon.colcon_core.shell:Creating package descriptor '/home/mobin/auriga_ros2_tasks/install/interfaces/share/interfaces/package.dsv'
[12.051s] INFO:colcon.colcon_core.shell:Creating package script '/home/mobin/auriga_ros2_tasks/install/interfaces/share/interfaces/package.sh'
[12.051s] INFO:colcon.colcon_core.shell:Creating package script '/home/mobin/auriga_ros2_tasks/install/interfaces/share/interfaces/package.bash'
[12.052s] INFO:colcon.colcon_core.shell:Creating package script '/home/mobin/auriga_ros2_tasks/install/interfaces/share/interfaces/package.zsh'
[12.052s] Level 1:colcon.colcon_core.environment:create_file_with_runtime_dependencies(/home/mobin/auriga_ros2_tasks/install/interfaces/share/colcon-core/packages/interfaces)
[12.052s] DEBUG:colcon.colcon_parallel_executor.executor.parallel:closing loop
[12.053s] DEBUG:colcon.colcon_parallel_executor.executor.parallel:loop closed
[12.053s] DEBUG:colcon.colcon_parallel_executor.executor.parallel:run_until_complete finished with '0'
[12.053s] DEBUG:colcon.colcon_core.event_reactor:joining thread
[12.075s] INFO:colcon.colcon_core.plugin_system:Skipping extension 'colcon_notification.desktop_notification.terminal_notifier': Not used on non-Darwin systems
[12.075s] INFO:colcon.colcon_core.plugin_system:Skipping extension 'colcon_notification.desktop_notification.win32': Not used on non-Windows systems
[12.075s] INFO:colcon.colcon_notification.desktop_notification:Sending desktop notification using 'notify2'
[12.094s] DEBUG:colcon.colcon_core.event_reactor:joined thread
[12.094s] INFO:colcon.colcon_core.shell:Creating prefix script '/home/mobin/auriga_ros2_tasks/install/local_setup.ps1'
[12.096s] INFO:colcon.colcon_core.shell:Creating prefix util module '/home/mobin/auriga_ros2_tasks/install/_local_setup_util_ps1.py'
[12.099s] INFO:colcon.colcon_core.shell:Creating prefix chain script '/home/mobin/auriga_ros2_tasks/install/setup.ps1'
[12.102s] INFO:colcon.colcon_core.shell:Creating prefix script '/home/mobin/auriga_ros2_tasks/install/local_setup.sh'
[12.102s] INFO:colcon.colcon_core.shell:Creating prefix util module '/home/mobin/auriga_ros2_tasks/install/_local_setup_util_sh.py'
[12.103s] INFO:colcon.colcon_core.shell:Creating prefix chain script '/home/mobin/auriga_ros2_tasks/install/setup.sh'
[12.107s] INFO:colcon.colcon_core.shell:Creating prefix script '/home/mobin/auriga_ros2_tasks/install/local_setup.bash'
[12.108s] INFO:colcon.colcon_core.shell:Creating prefix chain script '/home/mobin/auriga_ros2_tasks/install/setup.bash'
[12.112s] INFO:colcon.colcon_core.shell:Creating prefix script '/home/mobin/auriga_ros2_tasks/install/local_setup.zsh'
[12.113s] INFO:colcon.colcon_core.shell:Creating prefix chain script '/home/mobin/auriga_ros2_tasks/install/setup.zsh'
