[0.028s] Invoking command in '/home/mobin/auriga_ros2_tasks/build/interfaces': CMAKE_PREFIX_PATH=${CMAKE_PREFIX_PATH}:/home/mobin/auriga_ros2_tasks/install/py_package:/home/mobin/ros2_example/install/py_package:/home/mobin/ros2_example/install/launch_testing_examples:/home/mobin/ros2_example/install/examples_rclpy_pointcloud_publisher:/home/mobin/ros2_example/install/examples_rclpy_minimal_subscriber:/home/mobin/ros2_example/install/examples_rclpy_minimal_service:/home/mobin/ros2_example/install/examples_rclpy_minimal_publisher:/home/mobin/ros2_example/install/examples_rclpy_minimal_client:/home/mobin/ros2_example/install/examples_rclpy_minimal_action_server:/home/mobin/ros2_example/install/examples_rclpy_minimal_action_client:/home/mobin/ros2_example/install/examples_rclpy_guard_conditions:/home/mobin/ros2_example/install/examples_rclpy_executors:/home/mobin/ros2_ws/install/rqt_joint_trajectory_controller:/home/mobin/ros2_ws/install/ros2_controllers_test_nodes:/opt/ros/jazzy DEBUGINFOD_URLS=https://debuginfod.ubuntu.com /usr/bin/cmake /home/mobin/auriga_ros2_tasks/src/interfaces -DCMAKE_INSTALL_PREFIX=/home/mobin/auriga_ros2_tasks/install/interfaces
[0.250s] -- The C compiler identification is GNU 13.2.0
[0.402s] -- The CXX compiler identification is GNU 13.2.0
[0.449s] -- Detecting C compiler ABI info
[0.673s] -- Detecting C compiler ABI info - done
[0.690s] -- Check for working C compiler: /usr/bin/cc - skipped
[0.691s] -- Detecting C compile features
[0.692s] -- Detecting C compile features - done
[0.717s] -- Detecting CXX compiler ABI info
[0.954s] -- Detecting CXX compiler ABI info - done
[0.972s] -- Check for working CXX compiler: /usr/bin/c++ - skipped
[0.972s] -- Detecting CXX compile features
[0.973s] -- Detecting CXX compile features - done
[1.002s] -- Found ament_cmake: 2.5.2 (/opt/ros/jazzy/share/ament_cmake/cmake)
[1.424s] -- Found Python3: /usr/bin/python3 (found version "3.12.3") found components: Interpreter 
[1.818s] -- Found ament_lint_auto: 0.17.1 (/opt/ros/jazzy/share/ament_lint_auto/cmake)
[2.121s] -- Found geometry_msgs: 5.3.5 (/opt/ros/jazzy/share/geometry_msgs/cmake)
[2.335s] -- Found rosidl_generator_c: 4.6.4 (/opt/ros/jazzy/share/rosidl_generator_c/cmake)
[2.402s] -- Found rosidl_generator_cpp: 4.6.4 (/opt/ros/jazzy/share/rosidl_generator_cpp/cmake)
[2.476s] -- Using all available rosidl_typesupport_c: rosidl_typesupport_fastrtps_c;rosidl_typesupport_introspection_c
[2.555s] -- Using all available rosidl_typesupport_cpp: rosidl_typesupport_fastrtps_cpp;rosidl_typesupport_introspection_cpp
[2.712s] -- Found rosidl_default_generators: 1.6.0 (/opt/ros/jazzy/share/rosidl_default_generators/cmake)
[2.796s] -- Found rosidl_adapter: 4.6.4 (/opt/ros/jazzy/share/rosidl_adapter/cmake)
[3.834s] -- Found ament_cmake_ros: 0.12.0 (/opt/ros/jazzy/share/ament_cmake_ros/cmake)
[5.521s] -- Using all available rosidl_typesupport_c: rosidl_typesupport_fastrtps_c;rosidl_typesupport_introspection_c
[6.177s] -- Using all available rosidl_typesupport_cpp: rosidl_typesupport_fastrtps_cpp;rosidl_typesupport_introspection_cpp
[6.195s] -- Found python_cmake_module: 0.11.1 (/opt/ros/jazzy/share/python_cmake_module/cmake)
[6.465s] -- Found PythonExtra: /usr/bin/python3  
[7.394s] -- Found Python3: /usr/bin/python3 (found version "3.12.3") found components: Interpreter Development NumPy Development.Module Development.Embed 
[7.526s] -- Added test 'lint_cmake' to check CMake code style
[7.531s] -- Added test 'xmllint' to check XML markup files
[7.548s] -- Configuring done (7.5s)
[7.617s] -- Generating done (0.1s)
[7.639s] -- Build files have been written to: /home/mobin/auriga_ros2_tasks/build/interfaces
[7.656s] Invoked command in '/home/mobin/auriga_ros2_tasks/build/interfaces' returned '0': CMAKE_PREFIX_PATH=${CMAKE_PREFIX_PATH}:/home/mobin/auriga_ros2_tasks/install/py_package:/home/mobin/ros2_example/install/py_package:/home/mobin/ros2_example/install/launch_testing_examples:/home/mobin/ros2_example/install/examples_rclpy_pointcloud_publisher:/home/mobin/ros2_example/install/examples_rclpy_minimal_subscriber:/home/mobin/ros2_example/install/examples_rclpy_minimal_service:/home/mobin/ros2_example/install/examples_rclpy_minimal_publisher:/home/mobin/ros2_example/install/examples_rclpy_minimal_client:/home/mobin/ros2_example/install/examples_rclpy_minimal_action_server:/home/mobin/ros2_example/install/examples_rclpy_minimal_action_client:/home/mobin/ros2_example/install/examples_rclpy_guard_conditions:/home/mobin/ros2_example/install/examples_rclpy_executors:/home/mobin/ros2_ws/install/rqt_joint_trajectory_controller:/home/mobin/ros2_ws/install/ros2_controllers_test_nodes:/opt/ros/jazzy DEBUGINFOD_URLS=https://debuginfod.ubuntu.com /usr/bin/cmake /home/mobin/auriga_ros2_tasks/src/interfaces -DCMAKE_INSTALL_PREFIX=/home/mobin/auriga_ros2_tasks/install/interfaces
[7.658s] Invoking command in '/home/mobin/auriga_ros2_tasks/build/interfaces': CMAKE_PREFIX_PATH=${CMAKE_PREFIX_PATH}:/home/mobin/auriga_ros2_tasks/install/py_package:/home/mobin/ros2_example/install/py_package:/home/mobin/ros2_example/install/launch_testing_examples:/home/mobin/ros2_example/install/examples_rclpy_pointcloud_publisher:/home/mobin/ros2_example/install/examples_rclpy_minimal_subscriber:/home/mobin/ros2_example/install/examples_rclpy_minimal_service:/home/mobin/ros2_example/install/examples_rclpy_minimal_publisher:/home/mobin/ros2_example/install/examples_rclpy_minimal_client:/home/mobin/ros2_example/install/examples_rclpy_minimal_action_server:/home/mobin/ros2_example/install/examples_rclpy_minimal_action_client:/home/mobin/ros2_example/install/examples_rclpy_guard_conditions:/home/mobin/ros2_example/install/examples_rclpy_executors:/home/mobin/ros2_ws/install/rqt_joint_trajectory_controller:/home/mobin/ros2_ws/install/ros2_controllers_test_nodes:/opt/ros/jazzy DEBUGINFOD_URLS=https://debuginfod.ubuntu.com /usr/bin/cmake --build /home/mobin/auriga_ros2_tasks/build/interfaces -- -j16 -l16
[7.780s] [  2%] [34m[1mGenerating type hashes for ROS interfaces[0m
[7.801s] [  2%] Built target ament_cmake_python_copy_interfaces
[8.109s] [  2%] Built target interfaces__rosidl_generator_type_description
[8.136s] [  5%] [34m[1mGenerating C code for ROS interfaces[0m
[8.161s] [  8%] [34m[1mGenerating C++ code for ROS interfaces[0m
[8.222s] running egg_info
[8.224s] creating interfaces.egg-info
[8.263s] writing interfaces.egg-info/PKG-INFO
[8.263s] writing dependency_links to interfaces.egg-info/dependency_links.txt
[8.263s] writing top-level names to interfaces.egg-info/top_level.txt
[8.263s] writing manifest file 'interfaces.egg-info/SOURCES.txt'
[8.382s] reading manifest file 'interfaces.egg-info/SOURCES.txt'
[8.382s] writing manifest file 'interfaces.egg-info/SOURCES.txt'
[8.440s] [  8%] Built target ament_cmake_python_build_interfaces_egg
[8.573s] [  8%] Built target interfaces__cpp
[8.592s] [ 17%] [32mBuilding C object CMakeFiles/interfaces__rosidl_generator_c.dir/rosidl_generator_c/interfaces/msg/detail/num__type_support.c.o[0m
[8.592s] [ 17%] [32mBuilding C object CMakeFiles/interfaces__rosidl_generator_c.dir/rosidl_generator_c/interfaces/msg/detail/num__description.c.o[0m
[8.592s] [ 17%] [32mBuilding C object CMakeFiles/interfaces__rosidl_generator_c.dir/rosidl_generator_c/interfaces/msg/detail/num__functions.c.o[0m
[8.695s] [ 20%] [32m[1mLinking C shared library libinterfaces__rosidl_generator_c.so[0m
[8.779s] [ 20%] Built target interfaces__rosidl_generator_c
[8.804s] [ 26%] [34m[1mGenerating C type support for eProsima Fast-RTPS[0m
[8.805s] [ 26%] [34m[1mGenerating C++ type support dispatch for ROS interfaces[0m
[8.805s] [ 35%] [34m[1mGenerating C type support dispatch for ROS interfaces[0m
[8.805s] [ 35%] [34m[1mGenerating C introspection for ROS interfaces[0m
[8.805s] [ 35%] [34m[1mGenerating C++ type support for eProsima Fast-RTPS[0m
[8.807s] [ 38%] [34m[1mGenerating C++ introspection for ROS interfaces[0m
[9.191s] [ 41%] [32mBuilding CXX object CMakeFiles/interfaces__rosidl_typesupport_c.dir/rosidl_typesupport_c/interfaces/msg/num__type_support.cpp.o[0m
[9.194s] [ 44%] [32mBuilding CXX object CMakeFiles/interfaces__rosidl_typesupport_cpp.dir/rosidl_typesupport_cpp/interfaces/msg/num__type_support.cpp.o[0m
[9.228s] [ 47%] [32mBuilding C object CMakeFiles/interfaces__rosidl_typesupport_introspection_c.dir/rosidl_typesupport_introspection_c/interfaces/msg/detail/num__type_support.c.o[0m
[9.229s] [ 50%] [32mBuilding CXX object CMakeFiles/interfaces__rosidl_typesupport_introspection_cpp.dir/rosidl_typesupport_introspection_cpp/interfaces/msg/detail/num__type_support.cpp.o[0m
[9.249s] [ 52%] [32mBuilding CXX object CMakeFiles/interfaces__rosidl_typesupport_fastrtps_cpp.dir/rosidl_typesupport_fastrtps_cpp/interfaces/msg/detail/dds_fastrtps/num__type_support.cpp.o[0m
[9.254s] [ 55%] [32mBuilding CXX object CMakeFiles/interfaces__rosidl_typesupport_fastrtps_c.dir/rosidl_typesupport_fastrtps_c/interfaces/msg/detail/num__type_support_c.cpp.o[0m
[9.289s] [ 58%] [32m[1mLinking CXX shared library libinterfaces__rosidl_typesupport_c.so[0m
[9.309s] [ 61%] [32m[1mLinking C shared library libinterfaces__rosidl_typesupport_introspection_c.so[0m
[9.379s] [ 61%] Built target interfaces__rosidl_typesupport_c
[9.384s] [ 61%] Built target interfaces__rosidl_typesupport_introspection_c
[9.799s] [ 64%] [32m[1mLinking CXX shared library libinterfaces__rosidl_typesupport_cpp.so[0m
[9.846s] [ 67%] [32m[1mLinking CXX shared library libinterfaces__rosidl_typesupport_introspection_cpp.so[0m
[9.895s] [ 67%] Built target interfaces__rosidl_typesupport_cpp
[9.941s] [ 67%] Built target interfaces__rosidl_typesupport_introspection_cpp
[10.152s] [ 70%] [32m[1mLinking CXX shared library libinterfaces__rosidl_typesupport_fastrtps_c.so[0m
[10.153s] [ 73%] [32m[1mLinking CXX shared library libinterfaces__rosidl_typesupport_fastrtps_cpp.so[0m
[10.256s] [ 73%] Built target interfaces__rosidl_typesupport_fastrtps_c
[10.260s] [ 73%] Built target interfaces__rosidl_typesupport_fastrtps_cpp
[10.307s] [ 73%] Built target interfaces
[10.358s] [ 76%] [34m[1mGenerating Python code for ROS interfaces[0m
[10.760s] [ 76%] Built target interfaces__py
[10.803s] [ 79%] [32mBuilding C object CMakeFiles/interfaces__rosidl_generator_py.dir/rosidl_generator_py/interfaces/msg/_num_s.c.o[0m
[10.998s] [ 82%] [32m[1mLinking C shared library libinterfaces__rosidl_generator_py.so[0m
[11.073s] [ 82%] Built target interfaces__rosidl_generator_py
[11.110s] [ 85%] [32mBuilding C object CMakeFiles/interfaces_s__rosidl_typesupport_fastrtps_c.dir/rosidl_generator_py/interfaces/_interfaces_s.ep.rosidl_typesupport_fastrtps_c.c.o[0m
[11.113s] [ 88%] [32mBuilding C object CMakeFiles/interfaces_s__rosidl_typesupport_introspection_c.dir/rosidl_generator_py/interfaces/_interfaces_s.ep.rosidl_typesupport_introspection_c.c.o[0m
[11.114s] [ 91%] [32mBuilding C object CMakeFiles/interfaces_s__rosidl_typesupport_c.dir/rosidl_generator_py/interfaces/_interfaces_s.ep.rosidl_typesupport_c.c.o[0m
[11.258s] [ 97%] [32m[1mLinking C shared module rosidl_generator_py/interfaces/interfaces_s__rosidl_typesupport_introspection_c.so[0m
[11.258s] [ 97%] [32m[1mLinking C shared module rosidl_generator_py/interfaces/interfaces_s__rosidl_typesupport_c.so[0m
[11.264s] [100%] [32m[1mLinking C shared module rosidl_generator_py/interfaces/interfaces_s__rosidl_typesupport_fastrtps_c.so[0m
[11.308s] [100%] Built target interfaces_s__rosidl_typesupport_introspection_c
[11.310s] [100%] Built target interfaces_s__rosidl_typesupport_c
[11.315s] [100%] Built target interfaces_s__rosidl_typesupport_fastrtps_c
[11.336s] Invoked command in '/home/mobin/auriga_ros2_tasks/build/interfaces' returned '0': CMAKE_PREFIX_PATH=${CMAKE_PREFIX_PATH}:/home/mobin/auriga_ros2_tasks/install/py_package:/home/mobin/ros2_example/install/py_package:/home/mobin/ros2_example/install/launch_testing_examples:/home/mobin/ros2_example/install/examples_rclpy_pointcloud_publisher:/home/mobin/ros2_example/install/examples_rclpy_minimal_subscriber:/home/mobin/ros2_example/install/examples_rclpy_minimal_service:/home/mobin/ros2_example/install/examples_rclpy_minimal_publisher:/home/mobin/ros2_example/install/examples_rclpy_minimal_client:/home/mobin/ros2_example/install/examples_rclpy_minimal_action_server:/home/mobin/ros2_example/install/examples_rclpy_minimal_action_client:/home/mobin/ros2_example/install/examples_rclpy_guard_conditions:/home/mobin/ros2_example/install/examples_rclpy_executors:/home/mobin/ros2_ws/install/rqt_joint_trajectory_controller:/home/mobin/ros2_ws/install/ros2_controllers_test_nodes:/opt/ros/jazzy DEBUGINFOD_URLS=https://debuginfod.ubuntu.com /usr/bin/cmake --build /home/mobin/auriga_ros2_tasks/build/interfaces -- -j16 -l16
[11.354s] Invoking command in '/home/mobin/auriga_ros2_tasks/build/interfaces': CMAKE_PREFIX_PATH=${CMAKE_PREFIX_PATH}:/home/mobin/auriga_ros2_tasks/install/py_package:/home/mobin/ros2_example/install/py_package:/home/mobin/ros2_example/install/launch_testing_examples:/home/mobin/ros2_example/install/examples_rclpy_pointcloud_publisher:/home/mobin/ros2_example/install/examples_rclpy_minimal_subscriber:/home/mobin/ros2_example/install/examples_rclpy_minimal_service:/home/mobin/ros2_example/install/examples_rclpy_minimal_publisher:/home/mobin/ros2_example/install/examples_rclpy_minimal_client:/home/mobin/ros2_example/install/examples_rclpy_minimal_action_server:/home/mobin/ros2_example/install/examples_rclpy_minimal_action_client:/home/mobin/ros2_example/install/examples_rclpy_guard_conditions:/home/mobin/ros2_example/install/examples_rclpy_executors:/home/mobin/ros2_ws/install/rqt_joint_trajectory_controller:/home/mobin/ros2_ws/install/ros2_controllers_test_nodes:/opt/ros/jazzy DEBUGINFOD_URLS=https://debuginfod.ubuntu.com /usr/bin/cmake --install /home/mobin/auriga_ros2_tasks/build/interfaces
[11.367s] -- Install configuration: ""
[11.367s] -- Installing: /home/mobin/auriga_ros2_tasks/install/interfaces/share/ament_index/resource_index/rosidl_interfaces/interfaces
[11.368s] -- Installing: /home/mobin/auriga_ros2_tasks/install/interfaces/share/interfaces/msg/Num.json
[11.368s] -- Installing: /home/mobin/auriga_ros2_tasks/install/interfaces/include/interfaces/interfaces
[11.368s] -- Installing: /home/mobin/auriga_ros2_tasks/install/interfaces/include/interfaces/interfaces/msg
[11.368s] -- Installing: /home/mobin/auriga_ros2_tasks/install/interfaces/include/interfaces/interfaces/msg/num.h
[11.369s] -- Installing: /home/mobin/auriga_ros2_tasks/install/interfaces/include/interfaces/interfaces/msg/detail
[11.369s] -- Installing: /home/mobin/auriga_ros2_tasks/install/interfaces/include/interfaces/interfaces/msg/detail/num__struct.h
[11.369s] -- Installing: /home/mobin/auriga_ros2_tasks/install/interfaces/include/interfaces/interfaces/msg/detail/num__type_support.c
[11.369s] -- Installing: /home/mobin/auriga_ros2_tasks/install/interfaces/include/interfaces/interfaces/msg/detail/num__description.c
[11.369s] -- Installing: /home/mobin/auriga_ros2_tasks/install/interfaces/include/interfaces/interfaces/msg/detail/num__functions.h
[11.369s] -- Installing: /home/mobin/auriga_ros2_tasks/install/interfaces/include/interfaces/interfaces/msg/detail/num__functions.c
[11.370s] -- Installing: /home/mobin/auriga_ros2_tasks/install/interfaces/include/interfaces/interfaces/msg/detail/num__type_support.h
[11.370s] -- Installing: /home/mobin/auriga_ros2_tasks/install/interfaces/include/interfaces/interfaces/msg/rosidl_generator_c__visibility_control.h
[11.370s] -- Installing: /home/mobin/auriga_ros2_tasks/install/interfaces/share/interfaces/environment/library_path.sh
[11.370s] -- Installing: /home/mobin/auriga_ros2_tasks/install/interfaces/share/interfaces/environment/library_path.dsv
[11.370s] -- Installing: /home/mobin/auriga_ros2_tasks/install/interfaces/lib/libinterfaces__rosidl_generator_c.so
[11.370s] -- Set non-toolchain portion of runtime path of "/home/mobin/auriga_ros2_tasks/install/interfaces/lib/libinterfaces__rosidl_generator_c.so" to ""
[11.370s] -- Up-to-date: /home/mobin/auriga_ros2_tasks/install/interfaces/include/interfaces/interfaces
[11.370s] -- Up-to-date: /home/mobin/auriga_ros2_tasks/install/interfaces/include/interfaces/interfaces/msg
[11.370s] -- Installing: /home/mobin/auriga_ros2_tasks/install/interfaces/include/interfaces/interfaces/msg/rosidl_typesupport_fastrtps_c__visibility_control.h
[11.370s] -- Up-to-date: /home/mobin/auriga_ros2_tasks/install/interfaces/include/interfaces/interfaces/msg/detail
[11.371s] -- Installing: /home/mobin/auriga_ros2_tasks/install/interfaces/include/interfaces/interfaces/msg/detail/num__rosidl_typesupport_fastrtps_c.h
[11.371s] -- Installing: /home/mobin/auriga_ros2_tasks/install/interfaces/lib/libinterfaces__rosidl_typesupport_fastrtps_c.so
[11.371s] -- Set non-toolchain portion of runtime path of "/home/mobin/auriga_ros2_tasks/install/interfaces/lib/libinterfaces__rosidl_typesupport_fastrtps_c.so" to ""
[11.371s] -- Up-to-date: /home/mobin/auriga_ros2_tasks/install/interfaces/include/interfaces/interfaces
[11.371s] -- Up-to-date: /home/mobin/auriga_ros2_tasks/install/interfaces/include/interfaces/interfaces/msg
[11.371s] -- Installing: /home/mobin/auriga_ros2_tasks/install/interfaces/include/interfaces/interfaces/msg/num.hpp
[11.371s] -- Up-to-date: /home/mobin/auriga_ros2_tasks/install/interfaces/include/interfaces/interfaces/msg/detail
[11.371s] -- Installing: /home/mobin/auriga_ros2_tasks/install/interfaces/include/interfaces/interfaces/msg/detail/num__traits.hpp
[11.371s] -- Installing: /home/mobin/auriga_ros2_tasks/install/interfaces/include/interfaces/interfaces/msg/detail/num__builder.hpp
[11.372s] -- Installing: /home/mobin/auriga_ros2_tasks/install/interfaces/include/interfaces/interfaces/msg/detail/num__type_support.hpp
[11.372s] -- Installing: /home/mobin/auriga_ros2_tasks/install/interfaces/include/interfaces/interfaces/msg/detail/num__struct.hpp
[11.372s] -- Installing: /home/mobin/auriga_ros2_tasks/install/interfaces/include/interfaces/interfaces/msg/rosidl_generator_cpp__visibility_control.hpp
[11.372s] -- Up-to-date: /home/mobin/auriga_ros2_tasks/install/interfaces/include/interfaces/interfaces
[11.372s] -- Up-to-date: /home/mobin/auriga_ros2_tasks/install/interfaces/include/interfaces/interfaces/msg
[11.372s] -- Installing: /home/mobin/auriga_ros2_tasks/install/interfaces/include/interfaces/interfaces/msg/rosidl_typesupport_fastrtps_cpp__visibility_control.h
[11.372s] -- Up-to-date: /home/mobin/auriga_ros2_tasks/install/interfaces/include/interfaces/interfaces/msg/detail
[11.372s] -- Installing: /home/mobin/auriga_ros2_tasks/install/interfaces/include/interfaces/interfaces/msg/detail/num__rosidl_typesupport_fastrtps_cpp.hpp
[11.372s] -- Installing: /home/mobin/auriga_ros2_tasks/install/interfaces/include/interfaces/interfaces/msg/detail/dds_fastrtps
[11.372s] -- Installing: /home/mobin/auriga_ros2_tasks/install/interfaces/lib/libinterfaces__rosidl_typesupport_fastrtps_cpp.so
[11.373s] -- Set non-toolchain portion of runtime path of "/home/mobin/auriga_ros2_tasks/install/interfaces/lib/libinterfaces__rosidl_typesupport_fastrtps_cpp.so" to ""
[11.373s] -- Up-to-date: /home/mobin/auriga_ros2_tasks/install/interfaces/include/interfaces/interfaces
[11.373s] -- Up-to-date: /home/mobin/auriga_ros2_tasks/install/interfaces/include/interfaces/interfaces/msg
[11.373s] -- Installing: /home/mobin/auriga_ros2_tasks/install/interfaces/include/interfaces/interfaces/msg/rosidl_typesupport_introspection_c__visibility_control.h
[11.373s] -- Up-to-date: /home/mobin/auriga_ros2_tasks/install/interfaces/include/interfaces/interfaces/msg/detail
[11.373s] -- Installing: /home/mobin/auriga_ros2_tasks/install/interfaces/include/interfaces/interfaces/msg/detail/num__rosidl_typesupport_introspection_c.h
[11.373s] -- Up-to-date: /home/mobin/auriga_ros2_tasks/install/interfaces/include/interfaces/interfaces/msg/detail/num__type_support.c
[11.373s] -- Installing: /home/mobin/auriga_ros2_tasks/install/interfaces/lib/libinterfaces__rosidl_typesupport_introspection_c.so
[11.374s] -- Set non-toolchain portion of runtime path of "/home/mobin/auriga_ros2_tasks/install/interfaces/lib/libinterfaces__rosidl_typesupport_introspection_c.so" to ""
[11.374s] -- Installing: /home/mobin/auriga_ros2_tasks/install/interfaces/lib/libinterfaces__rosidl_typesupport_c.so
[11.374s] -- Set non-toolchain portion of runtime path of "/home/mobin/auriga_ros2_tasks/install/interfaces/lib/libinterfaces__rosidl_typesupport_c.so" to ""
[11.374s] -- Up-to-date: /home/mobin/auriga_ros2_tasks/install/interfaces/include/interfaces/interfaces
[11.374s] -- Up-to-date: /home/mobin/auriga_ros2_tasks/install/interfaces/include/interfaces/interfaces/msg
[11.374s] -- Up-to-date: /home/mobin/auriga_ros2_tasks/install/interfaces/include/interfaces/interfaces/msg/detail
[11.375s] -- Installing: /home/mobin/auriga_ros2_tasks/install/interfaces/include/interfaces/interfaces/msg/detail/num__rosidl_typesupport_introspection_cpp.hpp
[11.375s] -- Installing: /home/mobin/auriga_ros2_tasks/install/interfaces/include/interfaces/interfaces/msg/detail/num__type_support.cpp
[11.375s] -- Installing: /home/mobin/auriga_ros2_tasks/install/interfaces/lib/libinterfaces__rosidl_typesupport_introspection_cpp.so
[11.375s] -- Set non-toolchain portion of runtime path of "/home/mobin/auriga_ros2_tasks/install/interfaces/lib/libinterfaces__rosidl_typesupport_introspection_cpp.so" to ""
[11.375s] -- Installing: /home/mobin/auriga_ros2_tasks/install/interfaces/lib/libinterfaces__rosidl_typesupport_cpp.so
[11.376s] -- Set non-toolchain portion of runtime path of "/home/mobin/auriga_ros2_tasks/install/interfaces/lib/libinterfaces__rosidl_typesupport_cpp.so" to ""
[11.376s] -- Installing: /home/mobin/auriga_ros2_tasks/install/interfaces/share/interfaces/environment/pythonpath.sh
[11.376s] -- Installing: /home/mobin/auriga_ros2_tasks/install/interfaces/share/interfaces/environment/pythonpath.dsv
[11.376s] -- Installing: /home/mobin/auriga_ros2_tasks/install/interfaces/lib/python3.12/site-packages/interfaces-0.0.0-py3.12.egg-info
[11.376s] -- Installing: /home/mobin/auriga_ros2_tasks/install/interfaces/lib/python3.12/site-packages/interfaces-0.0.0-py3.12.egg-info/SOURCES.txt
[11.376s] -- Installing: /home/mobin/auriga_ros2_tasks/install/interfaces/lib/python3.12/site-packages/interfaces-0.0.0-py3.12.egg-info/PKG-INFO
[11.376s] -- Installing: /home/mobin/auriga_ros2_tasks/install/interfaces/lib/python3.12/site-packages/interfaces-0.0.0-py3.12.egg-info/top_level.txt
[11.376s] -- Installing: /home/mobin/auriga_ros2_tasks/install/interfaces/lib/python3.12/site-packages/interfaces-0.0.0-py3.12.egg-info/dependency_links.txt
[11.377s] -- Installing: /home/mobin/auriga_ros2_tasks/install/interfaces/lib/python3.12/site-packages/interfaces
[11.377s] -- Installing: /home/mobin/auriga_ros2_tasks/install/interfaces/lib/python3.12/site-packages/interfaces/interfaces_s__rosidl_typesupport_introspection_c.so
[11.377s] -- Installing: /home/mobin/auriga_ros2_tasks/install/interfaces/lib/python3.12/site-packages/interfaces/_interfaces_s.ep.rosidl_typesupport_introspection_c.c
[11.377s] -- Installing: /home/mobin/auriga_ros2_tasks/install/interfaces/lib/python3.12/site-packages/interfaces/_interfaces_s.ep.rosidl_typesupport_fastrtps_c.c
[11.377s] -- Installing: /home/mobin/auriga_ros2_tasks/install/interfaces/lib/python3.12/site-packages/interfaces/_interfaces_s.ep.rosidl_typesupport_c.c
[11.377s] -- Installing: /home/mobin/auriga_ros2_tasks/install/interfaces/lib/python3.12/site-packages/interfaces/interfaces_s__rosidl_typesupport_fastrtps_c.so
[11.377s] -- Installing: /home/mobin/auriga_ros2_tasks/install/interfaces/lib/python3.12/site-packages/interfaces/msg
[11.378s] -- Installing: /home/mobin/auriga_ros2_tasks/install/interfaces/lib/python3.12/site-packages/interfaces/msg/_num.py
[11.378s] -- Installing: /home/mobin/auriga_ros2_tasks/install/interfaces/lib/python3.12/site-packages/interfaces/msg/_num_s.c
[11.378s] -- Installing: /home/mobin/auriga_ros2_tasks/install/interfaces/lib/python3.12/site-packages/interfaces/msg/__init__.py
[11.378s] -- Installing: /home/mobin/auriga_ros2_tasks/install/interfaces/lib/python3.12/site-packages/interfaces/interfaces_s__rosidl_typesupport_c.so
[11.378s] -- Installing: /home/mobin/auriga_ros2_tasks/install/interfaces/lib/python3.12/site-packages/interfaces/__init__.py
[11.428s] Listing '/home/mobin/auriga_ros2_tasks/install/interfaces/lib/python3.12/site-packages/interfaces'...
[11.428s] Compiling '/home/mobin/auriga_ros2_tasks/install/interfaces/lib/python3.12/site-packages/interfaces/__init__.py'...
[11.429s] Listing '/home/mobin/auriga_ros2_tasks/install/interfaces/lib/python3.12/site-packages/interfaces/msg'...
[11.429s] Compiling '/home/mobin/auriga_ros2_tasks/install/interfaces/lib/python3.12/site-packages/interfaces/msg/__init__.py'...
[11.429s] Compiling '/home/mobin/auriga_ros2_tasks/install/interfaces/lib/python3.12/site-packages/interfaces/msg/_num.py'...
[11.435s] -- Installing: /home/mobin/auriga_ros2_tasks/install/interfaces/lib/python3.12/site-packages/interfaces/interfaces_s__rosidl_typesupport_fastrtps_c.so
[11.436s] -- Set non-toolchain portion of runtime path of "/home/mobin/auriga_ros2_tasks/install/interfaces/lib/python3.12/site-packages/interfaces/interfaces_s__rosidl_typesupport_fastrtps_c.so" to ""
[11.436s] -- Installing: /home/mobin/auriga_ros2_tasks/install/interfaces/lib/python3.12/site-packages/interfaces/interfaces_s__rosidl_typesupport_introspection_c.so
[11.436s] -- Set non-toolchain portion of runtime path of "/home/mobin/auriga_ros2_tasks/install/interfaces/lib/python3.12/site-packages/interfaces/interfaces_s__rosidl_typesupport_introspection_c.so" to ""
[11.437s] -- Installing: /home/mobin/auriga_ros2_tasks/install/interfaces/lib/python3.12/site-packages/interfaces/interfaces_s__rosidl_typesupport_c.so
[11.437s] -- Set non-toolchain portion of runtime path of "/home/mobin/auriga_ros2_tasks/install/interfaces/lib/python3.12/site-packages/interfaces/interfaces_s__rosidl_typesupport_c.so" to ""
[11.437s] -- Installing: /home/mobin/auriga_ros2_tasks/install/interfaces/lib/libinterfaces__rosidl_generator_py.so
[11.437s] -- Set non-toolchain portion of runtime path of "/home/mobin/auriga_ros2_tasks/install/interfaces/lib/libinterfaces__rosidl_generator_py.so" to ""
[11.437s] -- Installing: /home/mobin/auriga_ros2_tasks/install/interfaces/share/interfaces/msg/Num.idl
[11.438s] -- Installing: /home/mobin/auriga_ros2_tasks/install/interfaces/share/interfaces/msg/Num.msg
[11.438s] -- Installing: /home/mobin/auriga_ros2_tasks/install/interfaces/share/ament_index/resource_index/package_run_dependencies/interfaces
[11.438s] -- Installing: /home/mobin/auriga_ros2_tasks/install/interfaces/share/ament_index/resource_index/parent_prefix_path/interfaces
[11.438s] -- Installing: /home/mobin/auriga_ros2_tasks/install/interfaces/share/interfaces/environment/ament_prefix_path.sh
[11.438s] -- Installing: /home/mobin/auriga_ros2_tasks/install/interfaces/share/interfaces/environment/ament_prefix_path.dsv
[11.438s] -- Installing: /home/mobin/auriga_ros2_tasks/install/interfaces/share/interfaces/environment/path.sh
[11.438s] -- Installing: /home/mobin/auriga_ros2_tasks/install/interfaces/share/interfaces/environment/path.dsv
[11.439s] -- Installing: /home/mobin/auriga_ros2_tasks/install/interfaces/share/interfaces/local_setup.bash
[11.439s] -- Installing: /home/mobin/auriga_ros2_tasks/install/interfaces/share/interfaces/local_setup.sh
[11.439s] -- Installing: /home/mobin/auriga_ros2_tasks/install/interfaces/share/interfaces/local_setup.zsh
[11.439s] -- Installing: /home/mobin/auriga_ros2_tasks/install/interfaces/share/interfaces/local_setup.dsv
[11.439s] -- Installing: /home/mobin/auriga_ros2_tasks/install/interfaces/share/interfaces/package.dsv
[11.440s] -- Installing: /home/mobin/auriga_ros2_tasks/install/interfaces/share/ament_index/resource_index/packages/interfaces
[11.440s] -- Installing: /home/mobin/auriga_ros2_tasks/install/interfaces/share/interfaces/cmake/export_interfaces__rosidl_generator_cExport.cmake
[11.440s] -- Installing: /home/mobin/auriga_ros2_tasks/install/interfaces/share/interfaces/cmake/export_interfaces__rosidl_generator_cExport-noconfig.cmake
[11.440s] -- Installing: /home/mobin/auriga_ros2_tasks/install/interfaces/share/interfaces/cmake/export_interfaces__rosidl_typesupport_fastrtps_cExport.cmake
[11.440s] -- Installing: /home/mobin/auriga_ros2_tasks/install/interfaces/share/interfaces/cmake/export_interfaces__rosidl_typesupport_fastrtps_cExport-noconfig.cmake
[11.441s] -- Installing: /home/mobin/auriga_ros2_tasks/install/interfaces/share/interfaces/cmake/export_interfaces__rosidl_generator_cppExport.cmake
[11.441s] -- Installing: /home/mobin/auriga_ros2_tasks/install/interfaces/share/interfaces/cmake/export_interfaces__rosidl_typesupport_fastrtps_cppExport.cmake
[11.441s] -- Installing: /home/mobin/auriga_ros2_tasks/install/interfaces/share/interfaces/cmake/export_interfaces__rosidl_typesupport_fastrtps_cppExport-noconfig.cmake
[11.441s] -- Installing: /home/mobin/auriga_ros2_tasks/install/interfaces/share/interfaces/cmake/interfaces__rosidl_typesupport_introspection_cExport.cmake
[11.441s] -- Installing: /home/mobin/auriga_ros2_tasks/install/interfaces/share/interfaces/cmake/interfaces__rosidl_typesupport_introspection_cExport-noconfig.cmake
[11.441s] -- Installing: /home/mobin/auriga_ros2_tasks/install/interfaces/share/interfaces/cmake/interfaces__rosidl_typesupport_cExport.cmake
[11.442s] -- Installing: /home/mobin/auriga_ros2_tasks/install/interfaces/share/interfaces/cmake/interfaces__rosidl_typesupport_cExport-noconfig.cmake
[11.442s] -- Installing: /home/mobin/auriga_ros2_tasks/install/interfaces/share/interfaces/cmake/interfaces__rosidl_typesupport_introspection_cppExport.cmake
[11.442s] -- Installing: /home/mobin/auriga_ros2_tasks/install/interfaces/share/interfaces/cmake/interfaces__rosidl_typesupport_introspection_cppExport-noconfig.cmake
[11.442s] -- Installing: /home/mobin/auriga_ros2_tasks/install/interfaces/share/interfaces/cmake/interfaces__rosidl_typesupport_cppExport.cmake
[11.442s] -- Installing: /home/mobin/auriga_ros2_tasks/install/interfaces/share/interfaces/cmake/interfaces__rosidl_typesupport_cppExport-noconfig.cmake
[11.442s] -- Installing: /home/mobin/auriga_ros2_tasks/install/interfaces/share/interfaces/cmake/export_interfaces__rosidl_generator_pyExport.cmake
[11.443s] -- Installing: /home/mobin/auriga_ros2_tasks/install/interfaces/share/interfaces/cmake/export_interfaces__rosidl_generator_pyExport-noconfig.cmake
[11.443s] -- Installing: /home/mobin/auriga_ros2_tasks/install/interfaces/share/interfaces/cmake/rosidl_cmake-extras.cmake
[11.443s] -- Installing: /home/mobin/auriga_ros2_tasks/install/interfaces/share/interfaces/cmake/ament_cmake_export_dependencies-extras.cmake
[11.443s] -- Installing: /home/mobin/auriga_ros2_tasks/install/interfaces/share/interfaces/cmake/ament_cmake_export_include_directories-extras.cmake
[11.443s] -- Installing: /home/mobin/auriga_ros2_tasks/install/interfaces/share/interfaces/cmake/ament_cmake_export_libraries-extras.cmake
[11.444s] -- Installing: /home/mobin/auriga_ros2_tasks/install/interfaces/share/interfaces/cmake/ament_cmake_export_targets-extras.cmake
[11.444s] -- Installing: /home/mobin/auriga_ros2_tasks/install/interfaces/share/interfaces/cmake/rosidl_cmake_export_typesupport_targets-extras.cmake
[11.444s] -- Installing: /home/mobin/auriga_ros2_tasks/install/interfaces/share/interfaces/cmake/rosidl_cmake_export_typesupport_libraries-extras.cmake
[11.444s] -- Installing: /home/mobin/auriga_ros2_tasks/install/interfaces/share/interfaces/cmake/interfacesConfig.cmake
[11.444s] -- Installing: /home/mobin/auriga_ros2_tasks/install/interfaces/share/interfaces/cmake/interfacesConfig-version.cmake
[11.444s] -- Installing: /home/mobin/auriga_ros2_tasks/install/interfaces/share/interfaces/package.xml
[11.447s] Invoked command in '/home/mobin/auriga_ros2_tasks/build/interfaces' returned '0': CMAKE_PREFIX_PATH=${CMAKE_PREFIX_PATH}:/home/mobin/auriga_ros2_tasks/install/py_package:/home/mobin/ros2_example/install/py_package:/home/mobin/ros2_example/install/launch_testing_examples:/home/mobin/ros2_example/install/examples_rclpy_pointcloud_publisher:/home/mobin/ros2_example/install/examples_rclpy_minimal_subscriber:/home/mobin/ros2_example/install/examples_rclpy_minimal_service:/home/mobin/ros2_example/install/examples_rclpy_minimal_publisher:/home/mobin/ros2_example/install/examples_rclpy_minimal_client:/home/mobin/ros2_example/install/examples_rclpy_minimal_action_server:/home/mobin/ros2_example/install/examples_rclpy_minimal_action_client:/home/mobin/ros2_example/install/examples_rclpy_guard_conditions:/home/mobin/ros2_example/install/examples_rclpy_executors:/home/mobin/ros2_ws/install/rqt_joint_trajectory_controller:/home/mobin/ros2_ws/install/ros2_controllers_test_nodes:/opt/ros/jazzy DEBUGINFOD_URLS=https://debuginfod.ubuntu.com /usr/bin/cmake --install /home/mobin/auriga_ros2_tasks/build/interfaces
